May 28, 2019 1:52:39 AM scala.meta.internal.pc.CompilerAccess handleError
SEVERE: null
java.lang.NullPointerException
	at scala.meta.internal.pc.HoverProvider.seenFromType(HoverProvider.scala:106)
	at scala.meta.internal.pc.HoverProvider.hover(HoverProvider.scala:42)

The server is listening for incoming connections at local:///var/folders/xf/pjbky84910zb9lj0g4l6qyr80000gp/T/bsp7077131972090444588/1nz47xxs802bt.socket...
Accepted incoming BSP client connection at local:///var/folders/xf/pjbky84910zb9lj0g4l6qyr80000gp/T/bsp7077131972090444588/1nz47xxs802bt.socket
request received: build/initialize
BSP initialization handshake complete.
something's wrong: no file:///Users/zizoabdel-aziz/Downloads/akkahttp-quickstart-draft-master/src/main/scala/TodoRepository.scala in scala.concurrent.Future[Unit]RangePosition(file:///Users/zizoabdel-aziz/Downloads/akkahttp-quickstart-draft-master/src/main/scala/TodoRepository.scala, 1282, 1282, 1294)
May 28, 2019 2:12:41 AM scala.meta.internal.metals.Docstrings indexSymbol
SEVERE: file:///Users/zizoabdel-aziz/Downloads/akkahttp-quickstart-draft-master/src/main/scala/Todo.scala
java.nio.file.NoSuchFileException: /Users/zizoabdel-aziz/Downloads/akkahttp-quickstart-draft-master/src/main/scala/Todo.scala
	at sun.nio.fs.UnixException.translateToIOException(UnixException.java:86)
	at sun.nio.fs.UnixException.rethrowAsIOException(UnixException.java:102)
	at sun.nio.fs.UnixException.rethrowAsIOException(UnixException.java:107)
	at sun.nio.fs.UnixFileSystemProvider.newByteChannel(UnixFileSystemProvider.java:214)
	at java.nio.file.Files.newByteChannel(Files.java:361)
	at java.nio.file.Files.newByteChannel(Files.java:407)
	at java.nio.file.Files.readAllBytes(Files.java:3152)
	at scala.meta.internal.io.PlatformFileIO$.slurp(PlatformFileIO.scala:45)
	at scala.meta.internal.io.FileIO$.slurp(FileIO.scala:24)
	at scala.meta.internal.mtags.MtagsEnrichments$XtensionAbsolutePathMetals.toInput(MtagsEnrichments.scala:92)
	at scala.meta.internal.metals.Docstrings.indexSymbolDefinition(Docstrings.scala:63)
	at scala.meta.internal.metals.Docstrings.indexSymbol(Docstrings.scala:47)
	at scala.meta.internal.metals.Docstrings.documentation(Docstrings.scala:30)
	at scala.meta.internal.metals.MetalsSymbolSearch.documentation(MetalsSymbolSearch.scala:20)
	at scala.meta.internal.pc.MetalsGlobal.symbolDocumentation(MetalsGlobal.scala:142)
	at scala.meta.internal.pc.CompletionItemResolver.resolve(CompletionItemResolver.scala:15)
	at scala.meta.internal.pc.ScalaPresentationCompiler.$anonfun$completionItemResolve$1(ScalaPresentationCompiler.scala:96)
	at scala.meta.internal.pc.ScalaPresentationCompiler$$Lambda$6715/1242156198.apply(Unknown Source)
	at scala.meta.internal.pc.CompilerAccess.withSharedCompiler(CompilerAccess.scala:91)
	at scala.meta.internal.pc.ScalaPresentationCompiler.completionItemResolve(ScalaPresentationCompiler.scala:95)
	at scala.meta.internal.metals.Compilers.$anonfun$completionItemResolve$2(Compilers.scala:124)
	at scala.meta.internal.metals.Compilers$$Lambda$6714/2094545193.apply(Unknown Source)
	at scala.Option.map(Option.scala:163)
	at scala.meta.internal.metals.Compilers.$anonfun$completionItemResolve$1(Compilers.scala:123)
	at scala.meta.internal.metals.Compilers$$Lambda$6713/1161137877.apply(Unknown Source)
	at scala.Option.flatMap(Option.scala:188)
	at scala.meta.internal.metals.Compilers.completionItemResolve(Compilers.scala:122)
	at scala.meta.internal.metals.MetalsLanguageServer.$anonfun$completionItemResolve$1(MetalsLanguageServer.scala:851)
	at scala.meta.internal.metals.MetalsLanguageServer$$Lambda$6712/571879926.apply(Unknown Source)
	at scala.meta.internal.metals.CancelTokens$.$anonfun$apply$2(CancelTokens.scala:24)
	at scala.meta.internal.metals.CancelTokens$$$Lambda$376/1672707046.apply(Unknown Source)
	at scala.concurrent.Future$.$anonfun$apply$1(Future.scala:658)
	at scala.concurrent.Future$$$Lambda$73/1804307273.apply(Unknown Source)
	at scala.util.Success.$anonfun$map$1(Try.scala:255)
	at scala.util.Success.map(Try.scala:213)
	at scala.concurrent.Future.$anonfun$map$1(Future.scala:292)
	at scala.concurrent.Future$$Lambda$74/1105324614.apply(Unknown Source)
	at scala.concurrent.impl.Promise.liftedTree1$1(Promise.scala:33)
	at scala.concurrent.impl.Promise.$anonfun$transform$1(Promise.scala:33)
	at scala.concurrent.impl.Promise$$Lambda$75/526438016.apply(Unknown Source)
	at scala.concurrent.impl.CallbackRunnable.run(Promise.scala:64)
	at java.util.concurrent.ThreadPoolExecutor.runWorker(ThreadPoolExecutor.java:1142)
	at java.util.concurrent.ThreadPoolExecutor$Worker.run(ThreadPoolExecutor.java:617)
	at java.lang.Thread.run(Thread.java:745)

May 28, 2019 2:12:44 AM org.eclipse.lsp4j.jsonrpc.RemoteEndpoint fallbackResponseError
SEVERE: Internal error: java.nio.file.NoSuchFileException: /Users/zizoabdel-aziz/Downloads/akkahttp-quickstart-draft-master/src/main/scala/Todo.scala
java.util.concurrent.CompletionException: java.nio.file.NoSuchFileException: /Users/zizoabdel-aziz/Downloads/akkahttp-quickstart-draft-master/src/main/scala/Todo.scala
	at java.util.concurrent.CompletableFuture.encodeThrowable(CompletableFuture.java:292)
	at java.util.concurrent.CompletableFuture.completeThrowable(CompletableFuture.java:308)
	at java.util.concurrent.CompletableFuture.uniAccept(CompletableFuture.java:647)
	at java.util.concurrent.CompletableFuture$UniAccept.tryFire(CompletableFuture.java:632)
	at java.util.concurrent.CompletableFuture.postComplete(CompletableFuture.java:474)
	at java.util.concurrent.CompletableFuture.completeExceptionally(CompletableFuture.java:1969)
	at scala.meta.internal.metals.CancelTokens$.$anonfun$future$1(CancelTokens.scala:38)
	at scala.meta.internal.metals.CancelTokens$.$anonfun$future$1$adapted(CancelTokens.scala:36)
	at scala.meta.internal.metals.CancelTokens$$$Lambda$377/941771780.apply(Unknown Source)
	at scala.concurrent.impl.CallbackRunnable.run(Promise.scala:64)
	at java.util.concurrent.ThreadPoolExecutor.runWorker(ThreadPoolExecutor.java:1142)
	at java.util.concurrent.ThreadPoolExecutor$Worker.run(ThreadPoolExecutor.java:617)
	at java.lang.Thread.run(Thread.java:745)
Caused by: java.nio.file.NoSuchFileException: /Users/zizoabdel-aziz/Downloads/akkahttp-quickstart-draft-master/src/main/scala/Todo.scala
	at sun.nio.fs.UnixException.translateToIOException(UnixException.java:86)
	at sun.nio.fs.UnixException.rethrowAsIOException(UnixException.java:102)
	at sun.nio.fs.UnixException.rethrowAsIOException(UnixException.java:107)
	at sun.nio.fs.UnixFileSystemProvider.newByteChannel(UnixFileSystemProvider.java:214)
	at java.nio.file.Files.newByteChannel(Files.java:361)
	at java.nio.file.Files.newByteChannel(Files.java:407)
	at java.nio.file.Files.readAllBytes(Files.java:3152)
	at scala.meta.internal.io.PlatformFileIO$.slurp(PlatformFileIO.scala:45)
	at scala.meta.internal.io.FileIO$.slurp(FileIO.scala:24)
	at scala.meta.internal.mtags.MtagsEnrichments$XtensionAbsolutePathMetals.toInput(MtagsEnrichments.scala:92)
	at scala.meta.internal.metals.DefinitionProvider$DefinitionDestination$.bestTextDocument(DefinitionProvider.scala:163)
	at scala.meta.internal.metals.DefinitionProvider$DefinitionDestination$.$anonfun$fromSymbol$2(DefinitionProvider.scala:182)
	at scala.meta.internal.metals.DefinitionProvider$DefinitionDestination$$$Lambda$6466/1249881533.apply(Unknown Source)
	at scala.Option.map(Option.scala:163)
	at scala.meta.internal.metals.DefinitionProvider$DefinitionDestination$.fromSymbol(DefinitionProvider.scala:181)
	at scala.meta.internal.metals.DefinitionProvider.$anonfun$definitionFromSnapshot$1(DefinitionProvider.scala:127)
	at scala.meta.internal.metals.DefinitionProvider$$Lambda$6376/1799962400.apply(Unknown Source)
	at scala.Option.flatMap(Option.scala:188)
	at scala.meta.internal.metals.DefinitionProvider.definitionFromSnapshot(DefinitionProvider.scala:114)
	at scala.meta.internal.metals.DefinitionProvider.definition(DefinitionProvider.scala:55)
	at scala.meta.internal.metals.MetalsLanguageServer.$anonfun$definitionResult$1(MetalsLanguageServer.scala:1446)
	at scala.meta.internal.metals.MetalsLanguageServer$$Lambda$6375/1595372825.apply(Unknown Source)
	at scala.meta.internal.metals.MetalsLanguageServer.timedThunk(MetalsLanguageServer.scala:1195)
	at scala.meta.internal.metals.MetalsLanguageServer.definitionResult(MetalsLanguageServer.scala:1446)
	at scala.meta.internal.metals.MetalsLanguageServer.$anonfun$definition$1(MetalsLanguageServer.scala:691)
	at scala.meta.internal.metals.MetalsLanguageServer$$Lambda$6374/90428287.apply(Unknown Source)
	at scala.meta.internal.metals.CancelTokens$.$anonfun$apply$2(CancelTokens.scala:24)
	at scala.meta.internal.metals.CancelTokens$$$Lambda$376/1672707046.apply(Unknown Source)
	at scala.concurrent.Future$.$anonfun$apply$1(Future.scala:658)
	at scala.concurrent.Future$$$Lambda$73/1804307273.apply(Unknown Source)
	at scala.util.Success.$anonfun$map$1(Try.scala:255)
	at scala.util.Success.map(Try.scala:213)
	at scala.concurrent.Future.$anonfun$map$1(Future.scala:292)
	at scala.concurrent.Future$$Lambda$74/1105324614.apply(Unknown Source)
	at scala.concurrent.impl.Promise.liftedTree1$1(Promise.scala:33)
	at scala.concurrent.impl.Promise.$anonfun$transform$1(Promise.scala:33)
	at scala.concurrent.impl.Promise$$Lambda$75/526438016.apply(Unknown Source)
	... 4 more

May 28, 2019 2:13:52 AM scala.meta.internal.pc.CompilerAccess handleError
SEVERE: null
java.lang.NullPointerException
	at scala.meta.internal.pc.HoverProvider.seenFromType(HoverProvider.scala:106)
	at scala.meta.internal.pc.HoverProvider.hover(HoverProvider.scala:42)

May 28, 2019 2:14:00 AM scala.meta.internal.pc.CompilerAccess handleError
SEVERE: null
java.lang.NullPointerException
	at scala.meta.internal.pc.HoverProvider.seenFromType(HoverProvider.scala:106)
	at scala.meta.internal.pc.HoverProvider.hover(HoverProvider.scala:42)

May 28, 2019 2:17:33 AM scala.meta.internal.pc.CompilerAccess handleError
SEVERE: null
java.lang.NullPointerException
	at scala.meta.internal.pc.HoverProvider.seenFromType(HoverProvider.scala:106)
	at scala.meta.internal.pc.HoverProvider.hover(HoverProvider.scala:42)

May 28, 2019 2:19:39 AM scala.meta.internal.pc.CompilerAccess handleError
SEVERE: null
java.lang.NullPointerException
	at scala.meta.internal.pc.HoverProvider.seenFromType(HoverProvider.scala:106)
	at scala.meta.internal.pc.HoverProvider.hover(HoverProvider.scala:42)

May 28, 2019 2:28:18 AM scala.meta.internal.pc.CompilerAccess handleError
SEVERE: null
java.lang.NullPointerException
	at scala.meta.internal.pc.HoverProvider.seenFromType(HoverProvider.scala:106)
	at scala.meta.internal.pc.HoverProvider.hover(HoverProvider.scala:42)

May 28, 2019 2:28:18 AM scala.meta.internal.pc.CompilerAccess handleError
SEVERE: null
java.lang.NullPointerException
	at scala.meta.internal.pc.HoverProvider.seenFromType(HoverProvider.scala:106)
	at scala.meta.internal.pc.HoverProvider.hover(HoverProvider.scala:42)

May 28, 2019 2:28:20 AM scala.meta.internal.pc.CompilerAccess handleError
SEVERE: null
java.lang.NullPointerException
	at scala.meta.internal.pc.HoverProvider.seenFromType(HoverProvider.scala:106)
	at scala.meta.internal.pc.HoverProvider.hover(HoverProvider.scala:42)

May 28, 2019 2:29:02 AM scala.meta.internal.pc.CompilerAccess handleError
SEVERE: null
java.lang.NullPointerException
	at scala.meta.internal.pc.HoverProvider.seenFromType(HoverProvider.scala:106)
	at scala.meta.internal.pc.HoverProvider.hover(HoverProvider.scala:42)

May 28, 2019 2:29:02 AM scala.meta.internal.pc.CompilerAccess handleError
SEVERE: null
java.lang.NullPointerException
	at scala.meta.internal.pc.HoverProvider.seenFromType(HoverProvider.scala:106)
	at scala.meta.internal.pc.HoverProvider.hover(HoverProvider.scala:42)

May 28, 2019 2:29:02 AM scala.meta.internal.pc.CompilerAccess handleError
SEVERE: null
java.lang.NullPointerException
	at scala.meta.internal.pc.HoverProvider.seenFromType(HoverProvider.scala:106)
	at scala.meta.internal.pc.HoverProvider.hover(HoverProvider.scala:42)

May 28, 2019 2:29:12 AM scala.meta.internal.pc.CompilerAccess handleError
SEVERE: null
java.lang.NullPointerException
	at scala.meta.internal.pc.HoverProvider.hover(HoverProvider.scala:37)

May 28, 2019 2:29:12 AM scala.meta.internal.pc.CompilerAccess handleError
SEVERE: null
java.lang.NullPointerException
	at scala.meta.internal.pc.HoverProvider.hover(HoverProvider.scala:37)

May 28, 2019 2:29:14 AM scala.meta.internal.pc.CompilerAccess handleError
SEVERE: null
java.lang.NullPointerException
	at scala.meta.internal.pc.HoverProvider.hover(HoverProvider.scala:37)

May 28, 2019 2:29:16 AM scala.meta.internal.pc.CompilerAccess handleError
SEVERE: null
java.lang.NullPointerException
	at scala.meta.internal.pc.HoverProvider.hover(HoverProvider.scala:37)

May 28, 2019 2:30:28 AM scala.meta.internal.pc.CompilerAccess handleError
SEVERE: null
java.lang.NullPointerException
	at scala.meta.internal.pc.HoverProvider.seenFromType(HoverProvider.scala:106)
	at scala.meta.internal.pc.HoverProvider.hover(HoverProvider.scala:42)

May 28, 2019 2:30:28 AM scala.meta.internal.pc.CompilerAccess handleError
SEVERE: null
java.lang.NullPointerException
	at scala.meta.internal.pc.HoverProvider.seenFromType(HoverProvider.scala:106)
	at scala.meta.internal.pc.HoverProvider.hover(HoverProvider.scala:42)

May 28, 2019 2:33:31 AM scala.meta.internal.pc.CompilerAccess handleError
SEVERE: null
java.lang.NullPointerException
	at scala.meta.internal.pc.HoverProvider.seenFromType(HoverProvider.scala:106)
	at scala.meta.internal.pc.HoverProvider.hover(HoverProvider.scala:42)

May 28, 2019 2:33:32 AM scala.meta.internal.pc.CompilerAccess handleError
SEVERE: null
java.lang.NullPointerException
	at scala.meta.internal.pc.HoverProvider.seenFromType(HoverProvider.scala:106)
	at scala.meta.internal.pc.HoverProvider.hover(HoverProvider.scala:42)

May 28, 2019 2:33:45 AM scala.meta.internal.pc.CompilerAccess handleError
SEVERE: null
java.lang.NullPointerException
	at scala.meta.internal.pc.HoverProvider.seenFromType(HoverProvider.scala:106)
	at scala.meta.internal.pc.HoverProvider.hover(HoverProvider.scala:42)

May 28, 2019 2:33:46 AM scala.meta.internal.pc.CompilerAccess handleError
SEVERE: null
java.lang.NullPointerException
	at scala.meta.internal.pc.HoverProvider.seenFromType(HoverProvider.scala:106)
	at scala.meta.internal.pc.HoverProvider.hover(HoverProvider.scala:42)

May 28, 2019 2:33:53 AM scala.meta.internal.pc.CompilerAccess handleError
SEVERE: null
java.lang.NullPointerException
	at scala.meta.internal.pc.HoverProvider.seenFromType(HoverProvider.scala:106)
	at scala.meta.internal.pc.HoverProvider.hover(HoverProvider.scala:42)

May 28, 2019 2:33:54 AM scala.meta.internal.pc.CompilerAccess handleError
SEVERE: null
java.lang.NullPointerException
	at scala.meta.internal.pc.HoverProvider.seenFromType(HoverProvider.scala:106)
	at scala.meta.internal.pc.HoverProvider.hover(HoverProvider.scala:42)

May 28, 2019 2:34:01 AM scala.meta.internal.pc.CompilerAccess handleError
SEVERE: null
java.lang.NullPointerException
	at scala.meta.internal.pc.HoverProvider.seenFromType(HoverProvider.scala:106)
	at scala.meta.internal.pc.HoverProvider.hover(HoverProvider.scala:42)

May 28, 2019 2:36:58 AM scala.meta.internal.pc.CompilerAccess handleError
SEVERE: null
java.lang.NullPointerException
	at scala.meta.internal.pc.HoverProvider.hover(HoverProvider.scala:37)

May 28, 2019 2:37:55 AM scala.meta.internal.pc.CompilerAccess handleError
SEVERE: null
java.lang.NullPointerException
	at scala.meta.internal.pc.HoverProvider.seenFromType(HoverProvider.scala:106)
	at scala.meta.internal.pc.HoverProvider.hover(HoverProvider.scala:42)

something's wrong: no file:///Users/zizoabdel-aziz/Downloads/akkahttp-quickstart-draft-master/src/main/scala/RestaurantRepository.scala in Vector[Restaurant]RangePosition(file:///Users/zizoabdel-aziz/Downloads/akkahttp-quickstart-draft-master/src/main/scala/RestaurantRepository.scala, 704, 704, 722)
May 28, 2019 3:32:46 AM scala.meta.internal.pc.CompilerAccess handleError
SEVERE: null
java.lang.NullPointerException
	at scala.meta.internal.pc.HoverProvider.hover(HoverProvider.scala:37)

May 28, 2019 3:33:57 AM scala.meta.internal.pc.CompilerAccess handleError
SEVERE: null
java.lang.NullPointerException
	at scala.meta.internal.pc.HoverProvider.hover(HoverProvider.scala:37)

May 28, 2019 3:33:57 AM scala.meta.internal.pc.CompilerAccess handleError
SEVERE: null
java.lang.NullPointerException
	at scala.meta.internal.pc.HoverProvider.hover(HoverProvider.scala:37)

May 28, 2019 3:34:23 AM scala.meta.internal.pc.CompilerAccess handleError
SEVERE: null
java.lang.NullPointerException
	at scala.meta.internal.pc.HoverProvider.hover(HoverProvider.scala:37)

May 28, 2019 3:34:30 AM scala.meta.internal.pc.CompilerAccess handleError
SEVERE: null
java.lang.NullPointerException
	at scala.meta.internal.pc.HoverProvider.hover(HoverProvider.scala:37)

May 28, 2019 3:36:23 AM scala.meta.internal.pc.CompilerAccess handleError
SEVERE: null
java.lang.NullPointerException
	at scala.meta.internal.pc.HoverProvider.hover(HoverProvider.scala:37)

May 28, 2019 3:36:52 AM scala.meta.internal.pc.CompilerAccess handleError
SEVERE: null
java.lang.NullPointerException
	at scala.meta.internal.pc.HoverProvider.hover(HoverProvider.scala:37)

May 28, 2019 3:41:12 AM scala.meta.internal.pc.CompilerAccess handleError
SEVERE: null
java.lang.NullPointerException
	at scala.meta.internal.pc.HoverProvider.hover(HoverProvider.scala:37)

shutdown request received: build/shutdown
Client in /Users/zizoabdel-aziz/Downloads/akkahttp-quickstart-draft-master/.bloop triggered cancellation. Cancelling tasks...
The task for 'bsp --protocol local --socket /var/folders/xf/pjbky84910zb9lj0g4l6qyr80000gp/T/bsp7077131972090444588/1nz47xxs802bt.socket' finished.
The server is listening for incoming connections at local:///var/folders/xf/pjbky84910zb9lj0g4l6qyr80000gp/T/bsp8579322236947705708/-1pu5c7ewsd06c.socket...
Accepted incoming BSP client connection at local:///var/folders/xf/pjbky84910zb9lj0g4l6qyr80000gp/T/bsp8579322236947705708/-1pu5c7ewsd06c.socket
request received: build/initialize
BSP initialization handshake complete.
shutdown request received: build/shutdown
Client in /Users/zizoabdel-aziz/Downloads/akkahttp-quickstart-draft-master/.bloop triggered cancellation. Cancelling tasks...
The task for 'bsp --protocol local --socket /var/folders/xf/pjbky84910zb9lj0g4l6qyr80000gp/T/bsp8579322236947705708/-1pu5c7ewsd06c.socket' finished.
The server is listening for incoming connections at local:///var/folders/xf/pjbky84910zb9lj0g4l6qyr80000gp/T/bsp872296764233864139/1jkh3tsarm5nw.socket...
Accepted incoming BSP client connection at local:///var/folders/xf/pjbky84910zb9lj0g4l6qyr80000gp/T/bsp872296764233864139/1jkh3tsarm5nw.socket
request received: build/initialize
BSP initialization handshake complete.
shutdown request received: build/shutdown
Client in /Users/zizoabdel-aziz/Downloads/akkahttp-quickstart-draft-master/.bloop triggered cancellation. Cancelling tasks...
The task for 'bsp --protocol local --socket /var/folders/xf/pjbky84910zb9lj0g4l6qyr80000gp/T/bsp872296764233864139/1jkh3tsarm5nw.socket' finished.
The server is listening for incoming connections at local:///var/folders/xf/pjbky84910zb9lj0g4l6qyr80000gp/T/bsp8168588120836749164/-x0e4waj03mn8.socket...
Accepted incoming BSP client connection at local:///var/folders/xf/pjbky84910zb9lj0g4l6qyr80000gp/T/bsp8168588120836749164/-x0e4waj03mn8.socket
request received: build/initialize
BSP initialization handshake complete.
shutdown request received: build/shutdown
Client in /Users/zizoabdel-aziz/Downloads/akkahttp-quickstart-draft-master/.bloop triggered cancellation. Cancelling tasks...
The task for 'bsp --protocol local --socket /var/folders/xf/pjbky84910zb9lj0g4l6qyr80000gp/T/bsp8168588120836749164/-x0e4waj03mn8.socket' finished.
The server is listening for incoming connections at local:///var/folders/xf/pjbky84910zb9lj0g4l6qyr80000gp/T/bsp3214302934006983313/-1imgq2kj3uh0p.socket...
Accepted incoming BSP client connection at local:///var/folders/xf/pjbky84910zb9lj0g4l6qyr80000gp/T/bsp3214302934006983313/-1imgq2kj3uh0p.socket
request received: build/initialize
BSP initialization handshake complete.
May 28, 2019 3:44:16 AM scala.meta.internal.pc.CompilerAccess handleError
SEVERE: null
java.lang.NullPointerException
	at scala.meta.internal.pc.HoverProvider.hover(HoverProvider.scala:37)

May 28, 2019 3:47:57 AM scala.meta.internal.pc.CompilerAccess handleError
SEVERE: null
java.lang.NullPointerException
	at scala.meta.internal.pc.HoverProvider.hover(HoverProvider.scala:37)

something's wrong: no file:///Users/zizoabdel-aziz/Downloads/akkahttp-quickstart-draft-master/src/main/scala/RestaurantRepository.scala in scala.concurrent.Future[Seq[Restaurant]]RangePosition(file:///Users/zizoabdel-aziz/Downloads/akkahttp-quickstart-draft-master/src/main/scala/RestaurantRepository.scala, 3143, 3143, 3166)
May 28, 2019 4:37:08 AM org.eclipse.lsp4j.jsonrpc.RemoteEndpoint handleCancellation
WARNING: Unmatched cancel notification for request id 3783
shutdown request received: build/shutdown
Client in /Users/zizoabdel-aziz/Downloads/akkahttp-quickstart-draft-master/.bloop triggered cancellation. Cancelling tasks...
The task for 'bsp --protocol local --socket /var/folders/xf/pjbky84910zb9lj0g4l6qyr80000gp/T/bsp3214302934006983313/-1imgq2kj3uh0p.socket' finished.
p-quickstart-draft-master' failed to compile.
INFO  compiling akkahttp-quickstart-draft-master (1 scala source)
INFO  time: compiled akkahttp-quickstart-draft-master in 0.29s
INFO  compiling akkahttp-quickstart-draft-master (8 scala sources)
INFO  time: compiled akkahttp-quickstart-draft-master in 2.02s
ERROR 'akkahttp-quickstart-draft-master' failed to compile.
INFO  compiling akkahttp-quickstart-draft-master (1 scala source)
INFO  time: compiled akkahttp-quickstart-draft-master in 0.6s
INFO  compiling akkahttp-quickstart-draft-master (8 scala sources)
INFO  time: compiled akkahttp-quickstart-draft-master in 2.11s
ERROR 'akkahttp-quickstart-draft-master' failed to compile.
INFO  compiling akkahttp-quickstart-draft-master (1 scala source)
INFO  time: compiled akkahttp-quickstart-draft-master in 0.28s
INFO  compiling akkahttp-quickstart-draft-master (8 scala sources)
INFO  time: compiled akkahttp-quickstart-draft-master in 1.73s
ERROR 'akkahttp-quickstart-draft-master' failed to compile.
INFO  compiling akkahttp-quickstart-draft-master (1 scala source)
INFO  time: compiled akkahttp-quickstart-draft-master in 0.27s
INFO  compiling akkahttp-quickstart-draft-master (8 scala sources)
INFO  time: compiled akkahttp-quickstart-draft-master in 1.74s
ERROR 'akkahttp-quickstart-draft-master' failed to compile.
INFO  compiling akkahttp-quickstart-draft-master (1 scala source)
INFO  time: compiled akkahttp-quickstart-draft-master in 0.28s
INFO  compiling akkahttp-quickstart-draft-master (8 scala sources)
INFO  time: compiled akkahttp-quickstart-draft-master in 1.61s
ERROR 'akkahttp-quickstart-draft-master' failed to compile.
INFO  compiling akkahttp-quickstart-draft-master (1 scala source)
INFO  time: compiled akkahttp-quickstart-draft-master in 0.24s
INFO  compiling akkahttp-quickstart-draft-master (8 scala sources)
INFO  time: compiled akkahttp-quickstart-draft-master in 2.12s
ERROR 'akkahttp-quickstart-draft-master' failed to compile.
INFO  compiling akkahttp-quickstart-draft-master (1 scala source)
INFO  time: compiled akkahttp-quickstart-draft-master in 0.23s
INFO  compiling akkahttp-quickstart-draft-master (8 scala sources)
INFO  time: compiled akkahttp-quickstart-draft-master in 2.13s
ERROR 'akkahttp-quickstart-draft-master' failed to compile.
INFO  compiling akkahttp-quickstart-draft-master (1 scala source)
INFO  time: compiled akkahttp-quickstart-draft-master in 0.22s
INFO  compiling akkahttp-quickstart-draft-master (8 scala sources)
INFO  time: compiled akkahttp-quickstart-draft-master in 1.67s
ERROR 'akkahttp-quickstart-draft-master' failed to compile.
INFO  compiling akkahttp-quickstart-draft-master (1 scala source)
INFO  time: compiled akkahttp-quickstart-draft-master in 0.26s
INFO  compiling akkahttp-quickstart-draft-master (8 scala sources)
INFO  time: compiled akkahttp-quickstart-draft-master in 1.71s
ERROR 'akkahttp-quickstart-draft-master' failed to compile.
INFO  compiling akkahttp-quickstart-draft-master (1 scala source)
INFO  time: compiled akkahttp-quickstart-draft-master in 0.23s
INFO  compiling akkahttp-quickstart-draft-master (8 scala sources)
INFO  time: compiled akkahttp-quickstart-draft-master in 0.26s
ERROR 'akkahttp-quickstart-draft-master' failed to compile.
INFO  compiling akkahttp-quickstart-draft-master (1 scala source)
INFO  time: compiled akkahttp-quickstart-draft-master in 0.23s
INFO  compiling akkahttp-quickstart-draft-master (8 scala sources)
INFO  time: compiled akkahttp-quickstart-draft-master in 0.25s
ERROR 'akkahttp-quickstart-draft-master' failed to compile.
INFO  compiling akkahttp-quickstart-draft-master (2 scala sources)
INFO  time: compiled akkahttp-quickstart-draft-master in 0.41s
INFO  compiling akkahttp-quickstart-draft-master (4 scala sources)
INFO  time: compiled akkahttp-quickstart-draft-master in 0.2s
ERROR 'akkahttp-quickstart-draft-master' failed to compile.
INFO  compiling akkahttp-quickstart-draft-master (2 scala sources)
INFO  time: compiled akkahttp-quickstart-draft-master in 0.3s
INFO  compiling akkahttp-quickstart-draft-master (4 scala sources)
INFO  time: compiled akkahttp-quickstart-draft-master in 0.19s
ERROR 'akkahttp-quickstart-draft-master' failed to compile.
INFO  compiling akkahttp-quickstart-draft-master (2 scala sources)
INFO  time: compiled akkahttp-quickstart-draft-master in 0.29s
INFO  compiling akkahttp-quickstart-draft-master (4 scala sources)
INFO  time: compiled akkahttp-quickstart-draft-master in 0.23s
ERROR 'akkahttp-quickstart-draft-master' failed to compile.
INFO  compiling akkahttp-quickstart-draft-master (2 scala sources)
INFO  time: compiled akkahttp-quickstart-draft-master in 0.3s
INFO  compiling akkahttp-quickstart-draft-master (4 scala sources)
INFO  time: compiled akkahttp-quickstart-draft-master in 0.19s
ERROR 'akkahttp-quickstart-draft-master' failed to compile.
INFO  compiling akkahttp-quickstart-draft-master (8 scala sources)
INFO  time: compiled akkahttp-quickstart-draft-master in 0.27s
ERROR 'akkahttp-quickstart-draft-master' failed to compile.
INFO  compiling akkahttp-quickstart-draft-master (8 scala sources)
INFO  time: compiled akkahttp-quickstart-draft-master in 0.22s
ERROR 'akkahttp-quickstart-draft-master' failed to compile.
INFO  compiling akkahttp-quickstart-draft-master (8 scala sources)
INFO  time: compiled akkahttp-quickstart-draft-master in 0.28s
ERROR 'akkahttp-quickstart-draft-master' failed to compile.
INFO  compiling akkahttp-quickstart-draft-master (8 scala sources)
INFO  time: compiled akkahttp-quickstart-draft-master in 0.23s
ERROR 'akkahttp-quickstart-draft-master' failed to compile.
INFO  compiling akkahttp-quickstart-draft-master (8 scala sources)
INFO  time: compiled akkahttp-quickstart-draft-master in 0.29s
ERROR 'akkahttp-quickstart-draft-master' failed to compile.
INFO  compiling akkahttp-quickstart-draft-master (8 scala sources)
INFO  time: compiled akkahttp-quickstart-draft-master in 0.24s
ERROR 'akkahttp-quickstart-draft-master' failed to compile.
INFO  compiling akkahttp-quickstart-draft-master (8 scala sources)
INFO  time: compiled akkahttp-quickstart-draft-master in 0.23s
ERROR 'akkahttp-quickstart-draft-master' failed to compile.
INFO  compiling akkahttp-quickstart-draft-master (8 scala sources)
INFO  time: compiled akkahttp-quickstart-draft-master in 0.22s
ERROR 'akkahttp-quickstart-draft-master' failed to compile.
INFO  compiling akkahttp-quickstart-draft-master (8 scala sources)
INFO  time: compiled akkahttp-quickstart-draft-master in 0.21s
ERROR 'akkahttp-quickstart-draft-master' failed to compile.
INFO  compiling akkahttp-quickstart-draft-master (8 scala sources)
INFO  time: compiled akkahttp-quickstart-draft-master in 0.22s
ERROR 'akkahttp-quickstart-draft-master' failed to compile.
INFO  compiling akkahttp-quickstart-draft-master (8 scala sources)
INFO  time: compiled akkahttp-quickstart-draft-master in 0.23s
ERROR 'akkahttp-quickstart-draft-master' failed to compile.
INFO  compiling akkahttp-quickstart-draft-master (8 scala sources)
INFO  time: compiled akkahttp-quickstart-draft-master in 0.21s
ERROR 'akkahttp-quickstart-draft-master' failed to compile.
INFO  compiling akkahttp-quickstart-draft-master (8 scala sources)
INFO  time: compiled akkahttp-quickstart-draft-master in 0.21s
ERROR 'akkahttp-quickstart-draft-master' failed to compile.
INFO  compiling akkahttp-quickstart-draft-master (8 scala sources)
INFO  time: compiled akkahttp-quickstart-draft-master in 0.2s
ERROR 'akkahttp-quickstart-draft-master' failed to compile.
INFO  compiling akkahttp-quickstart-draft-master (8 scala sources)
INFO  time: compiled akkahttp-quickstart-draft-master in 0.19s
ERROR 'akkahttp-quickstart-draft-master' failed to compile.
INFO  compiling akkahttp-quickstart-draft-master (8 scala sources)
INFO  time: compiled akkahttp-quickstart-draft-master in 0.19s
ERROR 'akkahttp-quickstart-draft-master' failed to compile.
INFO  compiling akkahttp-quickstart-draft-master (8 scala sources)
INFO  time: compiled akkahttp-quickstart-draft-master in 0.27s
ERROR 'akkahttp-quickstart-draft-master' failed to compile.
INFO  compiling akkahttp-quickstart-draft-master (8 scala sources)
INFO  time: compiled akkahttp-quickstart-draft-master in 0.26s
ERROR 'akkahttp-quickstart-draft-master' failed to compile.
INFO  compiling akkahttp-quickstart-draft-master (8 scala sources)
INFO  time: compiled akkahttp-quickstart-draft-master in 0.2s
ERROR 'akkahttp-quickstart-draft-master' failed to compile.
INFO  compiling akkahttp-quickstart-draft-master (8 scala sources)
INFO  time: compiled akkahttp-quickstart-draft-master in 0.2s
ERROR 'akkahttp-quickstart-draft-master' failed to compile.
INFO  compiling akkahttp-quickstart-draft-master (8 scala sources)
INFO  time: compiled akkahttp-quickstart-draft-master in 0.2s
ERROR 'akkahttp-quickstart-draft-master' failed to compile.
INFO  compiling akkahttp-quickstart-draft-master (8 scala sources)
INFO  time: compiled akkahttp-quickstart-draft-master in 0.23s
ERROR 'akkahttp-quickstart-draft-master' failed to compile.
INFO  compiling akkahttp-quickstart-draft-master (8 scala sources)
INFO  time: compiled akkahttp-quickstart-draft-master in 0.2s
ERROR 'akkahttp-quickstart-draft-master' failed to compile.
INFO  compiling akkahttp-quickstart-draft-master (8 scala sources)
INFO  time: compiled akkahttp-quickstart-draft-master in 0.31s
ERROR 'akkahttp-quickstart-draft-master' failed to compile.
INFO  compiling akkahttp-quickstart-draft-master (8 scala sources)
INFO  time: compiled akkahttp-quickstart-draft-master in 0.18s
ERROR 'akkahttp-quickstart-draft-master' failed to compile.
INFO  compiling akkahttp-quickstart-draft-master (8 scala sources)
INFO  time: compiled akkahttp-quickstart-draft-master in 0.2s
ERROR 'akkahttp-quickstart-draft-master' failed to compile.
ERROR code navigation does not work for the file '/Users/zizoabdel-aziz/Downloads/akkahttp-quickstart-draft-master/src/main/scala/Restaurant.scala' because the SemanticDB file '/Users/zizoabdel-aziz/Downloads/akkahttp-quickstart-draft-master/.bloop/akkahttp-quickstart-draft-master/scala-2.12/classes/META-INF/semanticdb/src/main/scala/Restaurant.scala.semanticdb' doesn't exist. There can be many reasons for this error. 
INFO  compiling akkahttp-quickstart-draft-master (8 scala sources)
INFO  time: compiled akkahttp-quickstart-draft-master in 0.36s
ERROR 'akkahttp-quickstart-draft-master' failed to compile.
INFO  compiling akkahttp-quickstart-draft-master (8 scala sources)
INFO  time: compiled akkahttp-quickstart-draft-master in 0.3s
ERROR 'akkahttp-quickstart-draft-master' failed to compile.
INFO  compiling akkahttp-quickstart-draft-master (8 scala sources)
INFO  time: compiled akkahttp-quickstart-draft-master in 0.31s
ERROR 'akkahttp-quickstart-draft-master' failed to compile.
INFO  compiling akkahttp-quickstart-draft-master (8 scala sources)
INFO  time: compiled akkahttp-quickstart-draft-master in 0.3s
ERROR 'akkahttp-quickstart-draft-master' failed to compile.
INFO  compiling akkahttp-quickstart-draft-master (8 scala sources)
INFO  time: compiled akkahttp-quickstart-draft-master in 0.3s
ERROR 'akkahttp-quickstart-draft-master' failed to compile.
INFO  compiling akkahttp-quickstart-draft-master (8 scala sources)
INFO  time: compiled akkahttp-quickstart-draft-master in 0.25s
ERROR 'akkahttp-quickstart-draft-master' failed to compile.
INFO  compiling akkahttp-quickstart-draft-master (8 scala sources)
INFO  time: compiled akkahttp-quickstart-draft-master in 0.29s
ERROR 'akkahttp-quickstart-draft-master' failed to compile.
ERROR code navigation does not work for the file '/Users/zizoabdel-aziz/Downloads/akkahttp-quickstart-draft-master/src/main/scala/Restaurant.scala' because the SemanticDB file '/Users/zizoabdel-aziz/Downloads/akkahttp-quickstart-draft-master/.bloop/akkahttp-quickstart-draft-master/scala-2.12/classes/META-INF/semanticdb/src/main/scala/Restaurant.scala.semanticdb' doesn't exist. There can be many reasons for this error. 
INFO  compiling akkahttp-quickstart-draft-master (8 scala sources)
INFO  time: compiled akkahttp-quickstart-draft-master in 0.21s
ERROR 'akkahttp-quickstart-draft-master' failed to compile.
INFO  compiling akkahttp-quickstart-draft-master (8 scala sources)
INFO  time: compiled akkahttp-quickstart-draft-master in 0.18s
ERROR 'akkahttp-quickstart-draft-master' failed to compile.
INFO  compiling akkahttp-quickstart-draft-master (8 scala sources)
INFO  time: compiled akkahttp-quickstart-draft-master in 0.2s
ERROR 'akkahttp-quickstart-draft-master' failed to compile.
INFO  compiling akkahttp-quickstart-draft-master (8 scala sources)
INFO  time: compiled akkahttp-quickstart-draft-master in 0.23s
ERROR 'akkahttp-quickstart-draft-master' failed to compile.
INFO  compiling akkahttp-quickstart-draft-master (8 scala sources)
INFO  time: compiled akkahttp-quickstart-draft-master in 0.23s
ERROR 'akkahttp-quickstart-draft-master' failed to compile.
INFO  compiling akkahttp-quickstart-draft-master (8 scala sources)
INFO  time: compiled akkahttp-quickstart-draft-master in 0.19s
ERROR 'akkahttp-quickstart-draft-master' failed to compile.
INFO  compiling akkahttp-quickstart-draft-master (8 scala sources)
INFO  time: compiled akkahttp-quickstart-draft-master in 0.19s
ERROR 'akkahttp-quickstart-draft-master' failed to compile.
INFO  compiling akkahttp-quickstart-draft-master (8 scala sources)
INFO  time: compiled akkahttp-quickstart-draft-master in 0.18s
ERROR 'akkahttp-quickstart-draft-master' failed to compile.
INFO  compiling akkahttp-quickstart-draft-master (8 scala sources)
INFO  time: compiled akkahttp-quickstart-draft-master in 0.19s
ERROR 'akkahttp-quickstart-draft-master' failed to compile.
INFO  compiling akkahttp-quickstart-draft-master (8 scala sources)
INFO  time: compiled akkahttp-quickstart-draft-master in 0.19s
ERROR 'akkahttp-quickstart-draft-master' failed to compile.
INFO  compiling akkahttp-quickstart-draft-master (8 scala sources)
INFO  time: compiled akkahttp-quickstart-draft-master in 0.19s
ERROR 'akkahttp-quickstart-draft-master' failed to compile.
INFO  compiling akkahttp-quickstart-draft-master (8 scala sources)
INFO  time: compiled akkahttp-quickstart-draft-master in 0.18s
ERROR 'akkahttp-quickstart-draft-master' failed to compile.
INFO  compiling akkahttp-quickstart-draft-master (8 scala sources)
INFO  time: compiled akkahttp-quickstart-draft-master in 0.18s
ERROR 'akkahttp-quickstart-draft-master' failed to compile.
INFO  compiling akkahttp-quickstart-draft-master (8 scala sources)
INFO  time: compiled akkahttp-quickstart-draft-master in 0.2s
ERROR 'akkahttp-quickstart-draft-master' failed to compile.
INFO  compiling akkahttp-quickstart-draft-master (8 scala sources)
INFO  time: compiled akkahttp-quickstart-draft-master in 0.18s
ERROR 'akkahttp-quickstart-draft-master' failed to compile.
INFO  compiling akkahttp-quickstart-draft-master (8 scala sources)
INFO  time: compiled akkahttp-quickstart-draft-master in 0.18s
ERROR 'akkahttp-quickstart-draft-master' failed to compile.
ERROR code navigation does not work for the file '/Users/zizoabdel-aziz/Downloads/akkahttp-quickstart-draft-master/src/main/scala/Restaurant.scala' because the SemanticDB file '/Users/zizoabdel-aziz/Downloads/akkahttp-quickstart-draft-master/.bloop/akkahttp-quickstart-draft-master/scala-2.12/classes/META-INF/semanticdb/src/main/scala/Restaurant.scala.semanticdb' doesn't exist. There can be many reasons for this error. 
INFO  compiling akkahttp-quickstart-draft-master (8 scala sources)
INFO  time: compiled akkahttp-quickstart-draft-master in 0.19s
ERROR 'akkahttp-quickstart-draft-master' failed to compile.
INFO  compiling akkahttp-quickstart-draft-master (8 scala sources)
INFO  time: compiled akkahttp-quickstart-draft-master in 0.2s
ERROR 'akkahttp-quickstart-draft-master' failed to compile.
INFO  compiling akkahttp-quickstart-draft-master (8 scala sources)
INFO  time: compiled akkahttp-quickstart-draft-master in 0.19s
ERROR 'akkahttp-quickstart-draft-master' failed to compile.
INFO  compiling akkahttp-quickstart-draft-master (8 scala sources)
INFO  time: compiled akkahttp-quickstart-draft-master in 0.2s
ERROR 'akkahttp-quickstart-draft-master' failed to compile.
INFO  compiling akkahttp-quickstart-draft-master (8 scala sources)
INFO  time: compiled akkahttp-quickstart-draft-master in 0.18s
ERROR 'akkahttp-quickstart-draft-master' failed to compile.
INFO  compiling akkahttp-quickstart-draft-master (8 scala sources)
INFO  time: compiled akkahttp-quickstart-draft-master in 0.18s
ERROR 'akkahttp-quickstart-draft-master' failed to compile.
INFO  compiling akkahttp-quickstart-draft-master (8 scala sources)
INFO  time: compiled akkahttp-quickstart-draft-master in 0.18s
ERROR 'akkahttp-quickstart-draft-master' failed to compile.
INFO  compiling akkahttp-quickstart-draft-master (8 scala sources)
INFO  time: compiled akkahttp-quickstart-draft-master in 0.17s
ERROR 'akkahttp-quickstart-draft-master' failed to compile.
INFO  compiling akkahttp-quickstart-draft-master (8 scala sources)
ERROR code navigation does not work for the file '/Users/zizoabdel-aziz/Downloads/akkahttp-quickstart-draft-master/src/main/scala/Restaurant.scala' because the build target akkahttp-quickstart-draft-master is being compiled. Wait until compilation is finished and try again.
INFO  time: compiled akkahttp-quickstart-draft-master in 0.2s
ERROR 'akkahttp-quickstart-draft-master' failed to compile.
INFO  compiling akkahttp-quickstart-draft-master (8 scala sources)
INFO  time: compiled akkahttp-quickstart-draft-master in 0.18s
ERROR 'akkahttp-quickstart-draft-master' failed to compile.
INFO  compiling akkahttp-quickstart-draft-master (8 scala sources)
INFO  time: compiled akkahttp-quickstart-draft-master in 0.18s
ERROR 'akkahttp-quickstart-draft-master' failed to compile.
ERROR code navigation does not work for the file '/Users/zizoabdel-aziz/Downloads/akkahttp-quickstart-draft-master/src/main/scala/Restaurant.scala' because the SemanticDB file '/Users/zizoabdel-aziz/Downloads/akkahttp-quickstart-draft-master/.bloop/akkahttp-quickstart-draft-master/scala-2.12/classes/META-INF/semanticdb/src/main/scala/Restaurant.scala.semanticdb' doesn't exist. There can be many reasons for this error. 
INFO  compiling akkahttp-quickstart-draft-master (8 scala sources)
INFO  time: compiled akkahttp-quickstart-draft-master in 0.17s
ERROR 'akkahttp-quickstart-draft-master' failed to compile.
INFO  compiling akkahttp-quickstart-draft-master (8 scala sources)
INFO  time: compiled akkahttp-quickstart-draft-master in 0.18s
ERROR 'akkahttp-quickstart-draft-master' failed to compile.
INFO  compiling akkahttp-quickstart-draft-master (8 scala sources)
INFO  time: compiled akkahttp-quickstart-draft-master in 0.18s
ERROR 'akkahttp-quickstart-draft-master' failed to compile.
INFO  compiling akkahttp-quickstart-draft-master (8 scala sources)
INFO  time: compiled akkahttp-quickstart-draft-master in 0.19s
ERROR 'akkahttp-quickstart-draft-master' failed to compile.
INFO  compiling akkahttp-quickstart-draft-master (8 scala sources)
INFO  time: compiled akkahttp-quickstart-draft-master in 0.18s
ERROR 'akkahttp-quickstart-draft-master' failed to compile.
ERROR code navigation does not work for the file '/Users/zizoabdel-aziz/Downloads/akkahttp-quickstart-draft-master/src/main/scala/Restaurant.scala' because the SemanticDB file '/Users/zizoabdel-aziz/Downloads/akkahttp-quickstart-draft-master/.bloop/akkahttp-quickstart-draft-master/scala-2.12/classes/META-INF/semanticdb/src/main/scala/Restaurant.scala.semanticdb' doesn't exist. There can be many reasons for this error. 
INFO  compiling akkahttp-quickstart-draft-master (8 scala sources)
INFO  time: compiled akkahttp-quickstart-draft-master in 0.2s
ERROR 'akkahttp-quickstart-draft-master' failed to compile.
INFO  compiling akkahttp-quickstart-draft-master (8 scala sources)
INFO  time: compiled akkahttp-quickstart-draft-master in 0.17s
ERROR 'akkahttp-quickstart-draft-master' failed to compile.
INFO  compiling akkahttp-quickstart-draft-master (8 scala sources)
INFO  time: compiled akkahttp-quickstart-draft-master in 0.18s
ERROR 'akkahttp-quickstart-draft-master' failed to compile.
INFO  compiling akkahttp-quickstart-draft-master (8 scala sources)
INFO  time: compiled akkahttp-quickstart-draft-master in 0.19s
ERROR 'akkahttp-quickstart-draft-master' failed to compile.
INFO  compiling akkahttp-quickstart-draft-master (8 scala sources)
INFO  time: compiled akkahttp-quickstart-draft-master in 1.68s
ERROR 'akkahttp-quickstart-draft-master' failed to compile.
INFO  compiling akkahttp-quickstart-draft-master (8 scala sources)
INFO  time: compiled akkahttp-quickstart-draft-master in 1.89s
ERROR 'akkahttp-quickstart-draft-master' failed to compile.
INFO  compiling akkahttp-quickstart-draft-master (8 scala sources)
INFO  time: compiled akkahttp-quickstart-draft-master in 1.92s
ERROR 'akkahttp-quickstart-draft-master' failed to compile.
INFO  compiling akkahttp-quickstart-draft-master (8 scala sources)
INFO  time: compiled akkahttp-quickstart-draft-master in 1.39s
ERROR 'akkahttp-quickstart-draft-master' failed to compile.
INFO  compiling akkahttp-quickstart-draft-master (8 scala sources)
INFO  time: compiled akkahttp-quickstart-draft-master in 1.42s
ERROR 'akkahttp-quickstart-draft-master' failed to compile.
INFO  compiling akkahttp-quickstart-draft-master (8 scala sources)
INFO  time: compiled akkahttp-quickstart-draft-master in 1.47s
ERROR 'akkahttp-quickstart-draft-master' failed to compile.
INFO  compiling akkahttp-quickstart-draft-master (8 scala sources)
INFO  time: compiled akkahttp-quickstart-draft-master in 1.36s
ERROR 'akkahttp-quickstart-draft-master' failed to compile.
INFO  compiling akkahttp-quickstart-draft-master (8 scala sources)
INFO  time: compiled akkahttp-quickstart-draft-master in 1.5s
ERROR 'akkahttp-quickstart-draft-master' failed to compile.
INFO  compiling akkahttp-quickstart-draft-master (8 scala sources)
INFO  time: compiled akkahttp-quickstart-draft-master in 1.42s
ERROR 'akkahttp-quickstart-draft-master' failed to compile.
INFO  compiling akkahttp-quickstart-draft-master (8 scala sources)
INFO  time: compiled akkahttp-quickstart-draft-master in 1.53s
ERROR 'akkahttp-quickstart-draft-master' failed to compile.
INFO  compiling akkahttp-quickstart-draft-master (8 scala sources)
INFO  time: compiled akkahttp-quickstart-draft-master in 1.43s
ERROR 'akkahttp-quickstart-draft-master' failed to compile.
INFO  compiling akkahttp-quickstart-draft-master (8 scala sources)
INFO  time: compiled akkahttp-quickstart-draft-master in 1.47s
ERROR 'akkahttp-quickstart-draft-master' failed to compile.
INFO  compiling akkahttp-quickstart-draft-master (8 scala sources)
INFO  time: compiled akkahttp-quickstart-draft-master in 1.47s
ERROR 'akkahttp-quickstart-draft-master' failed to compile.
INFO  compiling akkahttp-quickstart-draft-master (8 scala sources)
INFO  time: compiled akkahttp-quickstart-draft-master in 1.43s
ERROR 'akkahttp-quickstart-draft-master' failed to compile.
INFO  compiling akkahttp-quickstart-draft-master (8 scala sources)
INFO  time: compiled akkahttp-quickstart-draft-master in 1.32s
ERROR 'akkahttp-quickstart-draft-master' failed to compile.
INFO  compiling akkahttp-quickstart-draft-master (8 scala sources)
INFO  time: compiled akkahttp-quickstart-draft-master in 1.38s
ERROR 'akkahttp-quickstart-draft-master' failed to compile.
INFO  compiling akkahttp-quickstart-draft-master (8 scala sources)
INFO  time: compiled akkahttp-quickstart-draft-master in 1.37s
ERROR 'akkahttp-quickstart-draft-master' failed to compile.
INFO  compiling akkahttp-quickstart-draft-master (8 scala sources)
INFO  time: compiled akkahttp-quickstart-draft-master in 1.33s
ERROR 'akkahttp-quickstart-draft-master' failed to compile.
INFO  compiling akkahttp-quickstart-draft-master (8 scala sources)
INFO  time: compiled akkahttp-quickstart-draft-master in 1.36s
ERROR 'akkahttp-quickstart-draft-master' failed to compile.
INFO  compiling akkahttp-quickstart-draft-master (8 scala sources)
INFO  time: compiled akkahttp-quickstart-draft-master in 1.35s
ERROR 'akkahttp-quickstart-draft-master' failed to compile.
INFO  compiling akkahttp-quickstart-draft-master (8 scala sources)
INFO  time: compiled akkahttp-quickstart-draft-master in 1.4s
ERROR 'akkahttp-quickstart-draft-master' failed to compile.
INFO  compiling akkahttp-quickstart-draft-master (8 scala sources)
INFO  time: compiled akkahttp-quickstart-draft-master in 1.29s
ERROR 'akkahttp-quickstart-draft-master' failed to compile.
INFO  compiling akkahttp-quickstart-draft-master (8 scala sources)
INFO  time: compiled akkahttp-quickstart-draft-master in 1.45s
ERROR 'akkahttp-quickstart-draft-master' failed to compile.
INFO  compiling akkahttp-quickstart-draft-master (8 scala sources)
INFO  time: compiled akkahttp-quickstart-draft-master in 1.36s
ERROR 'akkahttp-quickstart-draft-master' failed to compile.
INFO  compiling akkahttp-quickstart-draft-master (8 scala sources)
INFO  time: compiled akkahttp-quickstart-draft-master in 1.32s
ERROR 'akkahttp-quickstart-draft-master' failed to compile.
INFO  compiling akkahttp-quickstart-draft-master (8 scala sources)
INFO  time: compiled akkahttp-quickstart-draft-master in 1.33s
ERROR 'akkahttp-quickstart-draft-master' failed to compile.
INFO  compiling akkahttp-quickstart-draft-master (8 scala sources)
INFO  time: compiled akkahttp-quickstart-draft-master in 1.32s
ERROR 'akkahttp-quickstart-draft-master' failed to compile.
INFO  compiling akkahttp-quickstart-draft-master (8 scala sources)
INFO  time: compiled akkahttp-quickstart-draft-master in 1.33s
ERROR 'akkahttp-quickstart-draft-master' failed to compile.
INFO  compiling akkahttp-quickstart-draft-master (8 scala sources)
INFO  time: compiled akkahttp-quickstart-draft-master in 1.39s
ERROR 'akkahttp-quickstart-draft-master' failed to compile.
INFO  compiling akkahttp-quickstart-draft-master (8 scala sources)
INFO  time: compiled akkahttp-quickstart-draft-master in 1.43s
ERROR 'akkahttp-quickstart-draft-master' failed to compile.
INFO  compiling akkahttp-quickstart-draft-master (8 scala sources)
INFO  time: compiled akkahttp-quickstart-draft-master in 1.44s
ERROR 'akkahttp-quickstart-draft-master' failed to compile.
INFO  compiling akkahttp-quickstart-draft-master (8 scala sources)
INFO  time: compiled akkahttp-quickstart-draft-master in 1.43s
ERROR 'akkahttp-quickstart-draft-master' failed to compile.
INFO  compiling akkahttp-quickstart-draft-master (8 scala sources)
INFO  time: compiled akkahttp-quickstart-draft-master in 1.44s
ERROR 'akkahttp-quickstart-draft-master' failed to compile.
INFO  compiling akkahttp-quickstart-draft-master (8 scala sources)
INFO  time: compiled akkahttp-quickstart-draft-master in 1.39s
ERROR 'akkahttp-quickstart-draft-master' failed to compile.
INFO  compiling akkahttp-quickstart-draft-master (8 scala sources)
INFO  time: compiled akkahttp-quickstart-draft-master in 1.47s
ERROR 'akkahttp-quickstart-draft-master' failed to compile.
INFO  compiling akkahttp-quickstart-draft-master (8 scala sources)
INFO  time: compiled akkahttp-quickstart-draft-master in 1.36s
ERROR 'akkahttp-quickstart-draft-master' failed to compile.
INFO  compiling akkahttp-quickstart-draft-master (8 scala sources)
INFO  time: compiled akkahttp-quickstart-draft-master in 1.45s
ERROR 'akkahttp-quickstart-draft-master' failed to compile.
INFO  compiling akkahttp-quickstart-draft-master (8 scala sources)
INFO  time: compiled akkahttp-quickstart-draft-master in 1.46s
ERROR 'akkahttp-quickstart-draft-master' failed to compile.
INFO  compiling akkahttp-quickstart-draft-master (8 scala sources)
INFO  time: compiled akkahttp-quickstart-draft-master in 1.41s
ERROR 'akkahttp-quickstart-draft-master' failed to compile.
INFO  compiling akkahttp-quickstart-draft-master (8 scala sources)
INFO  time: compiled akkahttp-quickstart-draft-master in 1.48s
ERROR 'akkahttp-quickstart-draft-master' failed to compile.
INFO  compiling akkahttp-quickstart-draft-master (8 scala sources)
INFO  time: compiled akkahttp-quickstart-draft-master in 1.4s
ERROR 'akkahttp-quickstart-draft-master' failed to compile.
INFO  compiling akkahttp-quickstart-draft-master (8 scala sources)
INFO  time: compiled akkahttp-quickstart-draft-master in 1.38s
ERROR 'akkahttp-quickstart-draft-master' failed to compile.
INFO  compiling akkahttp-quickstart-draft-master (8 scala sources)
INFO  time: compiled akkahttp-quickstart-draft-master in 1.41s
ERROR 'akkahttp-quickstart-draft-master' failed to compile.
INFO  compiling akkahttp-quickstart-draft-master (8 scala sources)
INFO  time: compiled akkahttp-quickstart-draft-master in 1.37s
ERROR 'akkahttp-quickstart-draft-master' failed to compile.
INFO  compiling akkahttp-quickstart-draft-master (8 scala sources)
INFO  time: compiled akkahttp-quickstart-draft-master in 1.45s
ERROR 'akkahttp-quickstart-draft-master' failed to compile.
INFO  compiling akkahttp-quickstart-draft-master (8 scala sources)
INFO  time: compiled akkahttp-quickstart-draft-master in 1.38s
ERROR 'akkahttp-quickstart-draft-master' failed to compile.
INFO  compiling akkahttp-quickstart-draft-master (8 scala sources)
INFO  time: compiled akkahttp-quickstart-draft-master in 1.38s
ERROR 'akkahttp-quickstart-draft-master' failed to compile.
INFO  compiling akkahttp-quickstart-draft-master (8 scala sources)
INFO  time: compiled akkahttp-quickstart-draft-master in 1.39s
ERROR 'akkahttp-quickstart-draft-master' failed to compile.
INFO  compiling akkahttp-quickstart-draft-master (8 scala sources)
INFO  time: compiled akkahttp-quickstart-draft-master in 1.36s
ERROR 'akkahttp-quickstart-draft-master' failed to compile.
INFO  compiling akkahttp-quickstart-draft-master (8 scala sources)
INFO  time: compiled akkahttp-quickstart-draft-master in 1.32s
ERROR 'akkahttp-quickstart-draft-master' failed to compile.
INFO  compiling akkahttp-quickstart-draft-master (8 scala sources)
INFO  time: compiled akkahttp-quickstart-draft-master in 1.42s
ERROR 'akkahttp-quickstart-draft-master' failed to compile.
INFO  compiling akkahttp-quickstart-draft-master (8 scala sources)
INFO  time: compiled akkahttp-quickstart-draft-master in 1.37s
ERROR 'akkahttp-quickstart-draft-master' failed to compile.
INFO  compiling akkahttp-quickstart-draft-master (8 scala sources)
INFO  time: compiled akkahttp-quickstart-draft-master in 1.44s
ERROR 'akkahttp-quickstart-draft-master' failed to compile.
INFO  compiling akkahttp-quickstart-draft-master (8 scala sources)
INFO  time: compiled akkahttp-quickstart-draft-master in 1.39s
ERROR 'akkahttp-quickstart-draft-master' failed to compile.
INFO  compiling akkahttp-quickstart-draft-master (8 scala sources)
INFO  time: compiled akkahttp-quickstart-draft-master in 1.3s
ERROR 'akkahttp-quickstart-draft-master' failed to compile.
INFO  compiling akkahttp-quickstart-draft-master (8 scala sources)
INFO  time: compiled akkahttp-quickstart-draft-master in 1.34s
ERROR 'akkahttp-quickstart-draft-master' failed to compile.
INFO  compiling akkahttp-quickstart-draft-master (8 scala sources)
INFO  time: compiled akkahttp-quickstart-draft-master in 1.4s
ERROR 'akkahttp-quickstart-draft-master' failed to compile.
INFO  compiling akkahttp-quickstart-draft-master (8 scala sources)
INFO  time: compiled akkahttp-quickstart-draft-master in 2.11s
ERROR 'akkahttp-quickstart-draft-master' failed to compile.
INFO  compiling akkahttp-quickstart-draft-master (8 scala sources)
INFO  time: compiled akkahttp-quickstart-draft-master in 2.01s
ERROR 'akkahttp-quickstart-draft-master' failed to compile.
INFO  compiling akkahttp-quickstart-draft-master (8 scala sources)
INFO  time: compiled akkahttp-quickstart-draft-master in 1.41s
ERROR 'akkahttp-quickstart-draft-master' failed to compile.
INFO  compiling akkahttp-quickstart-draft-master (8 scala sources)
INFO  time: compiled akkahttp-quickstart-draft-master in 1.32s
ERROR 'akkahttp-quickstart-draft-master' failed to compile.
INFO  compiling akkahttp-quickstart-draft-master (8 scala sources)
INFO  time: compiled akkahttp-quickstart-draft-master in 1.97s
ERROR 'akkahttp-quickstart-draft-master' failed to compile.
INFO  compiling akkahttp-quickstart-draft-master (8 scala sources)
INFO  time: compiled akkahttp-quickstart-draft-master in 1.84s
ERROR 'akkahttp-quickstart-draft-master' failed to compile.
INFO  compiling akkahttp-quickstart-draft-master (8 scala sources)
INFO  time: compiled akkahttp-quickstart-draft-master in 1.38s
ERROR 'akkahttp-quickstart-draft-master' failed to compile.
INFO  compiling akkahttp-quickstart-draft-master (8 scala sources)
INFO  time: compiled akkahttp-quickstart-draft-master in 27ms
ERROR 'akkahttp-quickstart-draft-master' failed to compile.
INFO  compiling akkahttp-quickstart-draft-master (8 scala sources)
INFO  time: compiled akkahttp-quickstart-draft-master in 25ms
ERROR 'akkahttp-quickstart-draft-master' failed to compile.
INFO  compiling akkahttp-quickstart-draft-master (8 scala sources)
INFO  time: compiled akkahttp-quickstart-draft-master in 1.37s
ERROR 'akkahttp-quickstart-draft-master' failed to compile.
INFO  compiling akkahttp-quickstart-draft-master (8 scala sources)
INFO  time: compiled akkahttp-quickstart-draft-master in 30ms
ERROR 'akkahttp-quickstart-draft-master' failed to compile.
INFO  compiling akkahttp-quickstart-draft-master (8 scala sources)
INFO  time: compiled akkahttp-quickstart-draft-master in 29ms
ERROR 'akkahttp-quickstart-draft-master' failed to compile.
INFO  compiling akkahttp-quickstart-draft-master (8 scala sources)
INFO  time: compiled akkahttp-quickstart-draft-master in 1.35s
ERROR 'akkahttp-quickstart-draft-master' failed to compile.
INFO  compiling akkahttp-quickstart-draft-master (8 scala sources)
INFO  time: compiled akkahttp-quickstart-draft-master in 1.36s
ERROR 'akkahttp-quickstart-draft-master' failed to compile.
INFO  compiling akkahttp-quickstart-draft-master (8 scala sources)
INFO  time: compiled akkahttp-quickstart-draft-master in 1.28s
ERROR 'akkahttp-quickstart-draft-master' failed to compile.
INFO  compiling akkahttp-quickstart-draft-master (8 scala sources)
INFO  time: compiled akkahttp-quickstart-draft-master in 1.42s
ERROR 'akkahttp-quickstart-draft-master' failed to compile.
INFO  compiling akkahttp-quickstart-draft-master (8 scala sources)
INFO  time: compiled akkahttp-quickstart-draft-master in 1.45s
ERROR 'akkahttp-quickstart-draft-master' failed to compile.
INFO  compiling akkahttp-quickstart-draft-master (8 scala sources)
INFO  time: compiled akkahttp-quickstart-draft-master in 1.93s
ERROR 'akkahttp-quickstart-draft-master' failed to compile.
INFO  compiling akkahttp-quickstart-draft-master (8 scala sources)
INFO  time: compiled akkahttp-quickstart-draft-master in 1.36s
ERROR 'akkahttp-quickstart-draft-master' failed to compile.
INFO  compiling akkahttp-quickstart-draft-master (8 scala sources)
INFO  time: compiled akkahttp-quickstart-draft-master in 1.38s
ERROR 'akkahttp-quickstart-draft-master' failed to compile.
INFO  compiling akkahttp-quickstart-draft-master (8 scala sources)
INFO  time: compiled akkahttp-quickstart-draft-master in 1.37s
ERROR 'akkahttp-quickstart-draft-master' failed to compile.
INFO  compiling akkahttp-quickstart-draft-master (8 scala sources)
INFO  time: compiled akkahttp-quickstart-draft-master in 1.43s
ERROR 'akkahttp-quickstart-draft-master' failed to compile.
INFO  compiling akkahttp-quickstart-draft-master (8 scala sources)
INFO  time: compiled akkahttp-quickstart-draft-master in 1.34s
ERROR 'akkahttp-quickstart-draft-master' failed to compile.
INFO  compiling akkahttp-quickstart-draft-master (8 scala sources)
INFO  time: compiled akkahttp-quickstart-draft-master in 1.39s
ERROR 'akkahttp-quickstart-draft-master' failed to compile.
INFO  compiling akkahttp-quickstart-draft-master (8 scala sources)
INFO  time: compiled akkahttp-quickstart-draft-master in 1.32s
ERROR 'akkahttp-quickstart-draft-master' failed to compile.
INFO  compiling akkahttp-quickstart-draft-master (8 scala sources)
INFO  time: compiled akkahttp-quickstart-draft-master in 1.59s
ERROR 'akkahttp-quickstart-draft-master' failed to compile.
INFO  compiling akkahttp-quickstart-draft-master (8 scala sources)
INFO  time: compiled akkahttp-quickstart-draft-master in 1.48s
ERROR 'akkahttp-quickstart-draft-master' failed to compile.
INFO  compiling akkahttp-quickstart-draft-master (8 scala sources)
INFO  time: compiled akkahttp-quickstart-draft-master in 1.37s
ERROR 'akkahttp-quickstart-draft-master' failed to compile.
INFO  compiling akkahttp-quickstart-draft-master (8 scala sources)
INFO  time: compiled akkahttp-quickstart-draft-master in 1.38s
ERROR 'akkahttp-quickstart-draft-master' failed to compile.
INFO  compiling akkahttp-quickstart-draft-master (8 scala sources)
INFO  time: compiled akkahttp-quickstart-draft-master in 1.41s
ERROR 'akkahttp-quickstart-draft-master' failed to compile.
INFO  compiling akkahttp-quickstart-draft-master (8 scala sources)
INFO  time: compiled akkahttp-quickstart-draft-master in 1.37s
ERROR 'akkahttp-quickstart-draft-master' failed to compile.
INFO  compiling akkahttp-quickstart-draft-master (8 scala sources)
INFO  time: compiled akkahttp-quickstart-draft-master in 1.43s
ERROR 'akkahttp-quickstart-draft-master' failed to compile.
INFO  compiling akkahttp-quickstart-draft-master (8 scala sources)
INFO  time: compiled akkahttp-quickstart-draft-master in 1.41s
ERROR 'akkahttp-quickstart-draft-master' failed to compile.
INFO  compiling akkahttp-quickstart-draft-master (8 scala sources)
INFO  time: compiled akkahttp-quickstart-draft-master in 1.43s
ERROR 'akkahttp-quickstart-draft-master' failed to compile.
INFO  compiling akkahttp-quickstart-draft-master (8 scala sources)
INFO  time: compiled akkahttp-quickstart-draft-master in 1.42s
ERROR 'akkahttp-quickstart-draft-master' failed to compile.
INFO  compiling akkahttp-quickstart-draft-master (8 scala sources)
INFO  time: compiled akkahttp-quickstart-draft-master in 1.39s
ERROR 'akkahttp-quickstart-draft-master' failed to compile.
INFO  compiling akkahttp-quickstart-draft-master (8 scala sources)
INFO  time: compiled akkahttp-quickstart-draft-master in 1.72s
ERROR 'akkahttp-quickstart-draft-master' failed to compile.
INFO  compiling akkahttp-quickstart-draft-master (8 scala sources)
INFO  time: compiled akkahttp-quickstart-draft-master in 1.36s
ERROR 'akkahttp-quickstart-draft-master' failed to compile.
INFO  compiling akkahttp-quickstart-draft-master (8 scala sources)
INFO  time: compiled akkahttp-quickstart-draft-master in 1.34s
ERROR 'akkahttp-quickstart-draft-master' failed to compile.
INFO  compiling akkahttp-quickstart-draft-master (8 scala sources)
INFO  time: compiled akkahttp-quickstart-draft-master in 1.32s
ERROR 'akkahttp-quickstart-draft-master' failed to compile.
INFO  compiling akkahttp-quickstart-draft-master (8 scala sources)
INFO  time: compiled akkahttp-quickstart-draft-master in 1.39s
ERROR 'akkahttp-quickstart-draft-master' failed to compile.
INFO  compiling akkahttp-quickstart-draft-master (8 scala sources)
INFO  time: compiled akkahttp-quickstart-draft-master in 1.34s
ERROR 'akkahttp-quickstart-draft-master' failed to compile.
INFO  compiling akkahttp-quickstart-draft-master (8 scala sources)
INFO  time: compiled akkahttp-quickstart-draft-master in 1.36s
ERROR 'akkahttp-quickstart-draft-master' failed to compile.
INFO  compiling akkahttp-quickstart-draft-master (8 scala sources)
INFO  time: compiled akkahttp-quickstart-draft-master in 1.42s
ERROR 'akkahttp-quickstart-draft-master' failed to compile.
INFO  compiling akkahttp-quickstart-draft-master (8 scala sources)
INFO  time: compiled akkahttp-quickstart-draft-master in 1.38s
ERROR 'akkahttp-quickstart-draft-master' failed to compile.
INFO  compiling akkahttp-quickstart-draft-master (8 scala sources)
WARN  there were two deprecation warnings (since 2.11.0); re-run with -deprecation for details
INFO  time: compiled akkahttp-quickstart-draft-master in 2.96s
INFO  compiling akkahttp-quickstart-draft-master (1 scala source)
INFO  time: compiled akkahttp-quickstart-draft-master in 67ms
ERROR 'akkahttp-quickstart-draft-master' failed to compile.
INFO  compiling akkahttp-quickstart-draft-master (1 scala source)
INFO  time: compiled akkahttp-quickstart-draft-master in 62ms
ERROR 'akkahttp-quickstart-draft-master' failed to compile.
INFO  compiling akkahttp-quickstart-draft-master (1 scala source)
INFO  time: compiled akkahttp-quickstart-draft-master in 59ms
ERROR 'akkahttp-quickstart-draft-master' failed to compile.
INFO  compiling akkahttp-quickstart-draft-master (1 scala source)
INFO  time: compiled akkahttp-quickstart-draft-master in 0.12s
ERROR 'akkahttp-quickstart-draft-master' failed to compile.
INFO  compiling akkahttp-quickstart-draft-master (1 scala source)
INFO  time: compiled akkahttp-quickstart-draft-master in 82ms
ERROR 'akkahttp-quickstart-draft-master' failed to compile.
INFO  compiling akkahttp-quickstart-draft-master (1 scala source)
INFO  time: compiled akkahttp-quickstart-draft-master in 66ms
ERROR 'akkahttp-quickstart-draft-master' failed to compile.
INFO  compiling akkahttp-quickstart-draft-master (1 scala source)
INFO  time: compiled akkahttp-quickstart-draft-master in 18ms
ERROR 'akkahttp-quickstart-draft-master' failed to compile.
INFO  compiling akkahttp-quickstart-draft-master (1 scala source)
INFO  time: compiled akkahttp-quickstart-draft-master in 69ms
ERROR 'akkahttp-quickstart-draft-master' failed to compile.
INFO  compiling akkahttp-quickstart-draft-master (1 scala source)
INFO  time: compiled akkahttp-quickstart-draft-master in 17ms
ERROR 'akkahttp-quickstart-draft-master' failed to compile.
INFO  compiling akkahttp-quickstart-draft-master (1 scala source)
INFO  time: compiled akkahttp-quickstart-draft-master in 18ms
ERROR 'akkahttp-quickstart-draft-master' failed to compile.
INFO  compiling akkahttp-quickstart-draft-master (1 scala source)
INFO  time: compiled akkahttp-quickstart-draft-master in 69ms
ERROR 'akkahttp-quickstart-draft-master' failed to compile.
INFO  compiling akkahttp-quickstart-draft-master (1 scala source)
INFO  time: compiled akkahttp-quickstart-draft-master in 74ms
ERROR 'akkahttp-quickstart-draft-master' failed to compile.
INFO  compiling akkahttp-quickstart-draft-master (1 scala source)
INFO  time: compiled akkahttp-quickstart-draft-master in 18ms
ERROR 'akkahttp-quickstart-draft-master' failed to compile.
INFO  compiling akkahttp-quickstart-draft-master (1 scala source)
INFO  time: compiled akkahttp-quickstart-draft-master in 18ms
ERROR 'akkahttp-quickstart-draft-master' failed to compile.
INFO  compiling akkahttp-quickstart-draft-master (1 scala source)
INFO  time: compiled akkahttp-quickstart-draft-master in 16ms
ERROR 'akkahttp-quickstart-draft-master' failed to compile.
INFO  compiling akkahttp-quickstart-draft-master (1 scala source)
INFO  time: compiled akkahttp-quickstart-draft-master in 16ms
ERROR 'akkahttp-quickstart-draft-master' failed to compile.
INFO  compiling akkahttp-quickstart-draft-master (1 scala source)
INFO  time: compiled akkahttp-quickstart-draft-master in 65ms
ERROR 'akkahttp-quickstart-draft-master' failed to compile.
INFO  compiling akkahttp-quickstart-draft-master (1 scala source)
INFO  time: compiled akkahttp-quickstart-draft-master in 16ms
ERROR 'akkahttp-quickstart-draft-master' failed to compile.
INFO  compiling akkahttp-quickstart-draft-master (1 scala source)
INFO  time: compiled akkahttp-quickstart-draft-master in 15ms
ERROR 'akkahttp-quickstart-draft-master' failed to compile.
INFO  compiling akkahttp-quickstart-draft-master (1 scala source)
INFO  time: compiled akkahttp-quickstart-draft-master in 18ms
ERROR 'akkahttp-quickstart-draft-master' failed to compile.
INFO  compiling akkahttp-quickstart-draft-master (1 scala source)
INFO  time: compiled akkahttp-quickstart-draft-master in 67ms
ERROR 'akkahttp-quickstart-draft-master' failed to compile.
INFO  compiling akkahttp-quickstart-draft-master (1 scala source)
INFO  time: compiled akkahttp-quickstart-draft-master in 99ms
ERROR 'akkahttp-quickstart-draft-master' failed to compile.
INFO  compiling akkahttp-quickstart-draft-master (1 scala source)
INFO  time: compiled akkahttp-quickstart-draft-master in 1.36s
ERROR 'akkahttp-quickstart-draft-master' failed to compile.
INFO  compiling akkahttp-quickstart-draft-master (1 scala source)
INFO  time: compiled akkahttp-quickstart-draft-master in 1.37s
ERROR 'akkahttp-quickstart-draft-master' failed to compile.
INFO  compiling akkahttp-quickstart-draft-master (1 scala source)
INFO  time: compiled akkahttp-quickstart-draft-master in 1.41s
ERROR 'akkahttp-quickstart-draft-master' failed to compile.
INFO  compiling akkahttp-quickstart-draft-master (1 scala source)
INFO  time: compiled akkahttp-quickstart-draft-master in 1.52s
ERROR 'akkahttp-quickstart-draft-master' failed to compile.
INFO  compiling akkahttp-quickstart-draft-master (1 scala source)
INFO  time: compiled akkahttp-quickstart-draft-master in 1.45s
ERROR 'akkahttp-quickstart-draft-master' failed to compile.
INFO  compiling akkahttp-quickstart-draft-master (1 scala source)
INFO  time: compiled akkahttp-quickstart-draft-master in 1.41s
ERROR 'akkahttp-quickstart-draft-master' failed to compile.
INFO  compiling akkahttp-quickstart-draft-master (1 scala source)
INFO  time: compiled akkahttp-quickstart-draft-master in 1.36s
ERROR 'akkahttp-quickstart-draft-master' failed to compile.
INFO  compiling akkahttp-quickstart-draft-master (1 scala source)
INFO  time: compiled akkahttp-quickstart-draft-master in 1.41s
ERROR 'akkahttp-quickstart-draft-master' failed to compile.
INFO  compiling akkahttp-quickstart-draft-master (1 scala source)
INFO  time: compiled akkahttp-quickstart-draft-master in 1.31s
ERROR 'akkahttp-quickstart-draft-master' failed to compile.
INFO  compiling akkahttp-quickstart-draft-master (1 scala source)
INFO  time: compiled akkahttp-quickstart-draft-master in 2.07s
INFO  compiling akkahttp-quickstart-draft-master (1 scala source)
INFO  time: compiled akkahttp-quickstart-draft-master in 0.15s
INFO  compiling akkahttp-quickstart-draft-master (1 scala source)
INFO  time: compiled akkahttp-quickstart-draft-master in 1.13s
ERROR 'akkahttp-quickstart-draft-master' failed to compile.
INFO  compiling akkahttp-quickstart-draft-master (1 scala source)
INFO  time: compiled akkahttp-quickstart-draft-master in 1.13s
ERROR 'akkahttp-quickstart-draft-master' failed to compile.
INFO  compiling akkahttp-quickstart-draft-master (1 scala source)
INFO  time: compiled akkahttp-quickstart-draft-master in 2.14s
INFO  compiling akkahttp-quickstart-draft-master (1 scala source)
INFO  time: compiled akkahttp-quickstart-draft-master in 1.14s
ERROR 'akkahttp-quickstart-draft-master' failed to compile.
INFO  compiling akkahttp-quickstart-draft-master (1 scala source)
INFO  time: compiled akkahttp-quickstart-draft-master in 1.25s
ERROR 'akkahttp-quickstart-draft-master' failed to compile.
INFO  compiling akkahttp-quickstart-draft-master (1 scala source)
INFO  time: compiled akkahttp-quickstart-draft-master in 1.26s
ERROR 'akkahttp-quickstart-draft-master' failed to compile.
INFO  compiling akkahttp-quickstart-draft-master (1 scala source)
INFO  time: compiled akkahttp-quickstart-draft-master in 2.17s
INFO  compiling akkahttp-quickstart-draft-master (1 scala source)
INFO  time: compiled akkahttp-quickstart-draft-master in 2.07s
INFO  compiling akkahttp-quickstart-draft-master (1 scala source)
INFO  time: compiled akkahttp-quickstart-draft-master in 59ms
ERROR 'akkahttp-quickstart-draft-master' failed to compile.
INFO  compiling akkahttp-quickstart-draft-master (1 scala source)
INFO  time: compiled akkahttp-quickstart-draft-master in 2.1s
INFO  compiling akkahttp-quickstart-draft-master (1 scala source)
INFO  time: compiled akkahttp-quickstart-draft-master in 61ms
ERROR 'akkahttp-quickstart-draft-master' failed to compile.
INFO  compiling akkahttp-quickstart-draft-master (1 scala source)
INFO  time: compiled akkahttp-quickstart-draft-master in 2.04s
INFO  compiling akkahttp-quickstart-draft-master (1 scala source)
INFO  time: compiled akkahttp-quickstart-draft-master in 66ms
ERROR 'akkahttp-quickstart-draft-master' failed to compile.
INFO  compiling akkahttp-quickstart-draft-master (2 scala sources)
INFO  time: compiled akkahttp-quickstart-draft-master in 1.27s
ERROR 'akkahttp-quickstart-draft-master' failed to compile.
INFO  compiling akkahttp-quickstart-draft-master (2 scala sources)
INFO  time: compiled akkahttp-quickstart-draft-master in 1.4s
ERROR 'akkahttp-quickstart-draft-master' failed to compile.
INFO  compiling akkahttp-quickstart-draft-master (2 scala sources)
INFO  time: compiled akkahttp-quickstart-draft-master in 2.1s
INFO  compiling akkahttp-quickstart-draft-master (1 scala source)
WARN  there were two deprecation warnings (since 2.11.0); re-run with -deprecation for details
INFO  time: compiled akkahttp-quickstart-draft-master in 0.22s
INFO  compiling akkahttp-quickstart-draft-master (1 scala source)
INFO  time: compiled akkahttp-quickstart-draft-master in 72ms
ERROR 'akkahttp-quickstart-draft-master' failed to compile.
INFO  compiling akkahttp-quickstart-draft-master (1 scala source)
INFO  time: compiled akkahttp-quickstart-draft-master in 0.11s
ERROR 'akkahttp-quickstart-draft-master' failed to compile.
INFO  compiling akkahttp-quickstart-draft-master (1 scala source)
INFO  time: compiled akkahttp-quickstart-draft-master in 0.11s
ERROR 'akkahttp-quickstart-draft-master' failed to compile.
INFO  compiling akkahttp-quickstart-draft-master (1 scala source)
INFO  time: compiled akkahttp-quickstart-draft-master in 0.11s
ERROR 'akkahttp-quickstart-draft-master' failed to compile.
INFO  compiling akkahttp-quickstart-draft-master (1 scala source)
WARN  there were two deprecation warnings (since 2.11.0); re-run with -deprecation for details
INFO  time: compiled akkahttp-quickstart-draft-master in 0.37s
INFO  compiling akkahttp-quickstart-draft-master (1 scala source)
WARN  there were two deprecation warnings (since 2.11.0); re-run with -deprecation for details
INFO  time: compiled akkahttp-quickstart-draft-master in 0.29s
INFO  compiling akkahttp-quickstart-draft-master (1 scala source)
INFO  time: compiled akkahttp-quickstart-draft-master in 57ms
ERROR 'akkahttp-quickstart-draft-master' failed to compile.
INFO  compiling akkahttp-quickstart-draft-master (1 scala source)
INFO  time: compiled akkahttp-quickstart-draft-master in 2.3s
INFO  compiling akkahttp-quickstart-draft-master (1 scala source)
INFO  time: compiled akkahttp-quickstart-draft-master in 2.22s
INFO  compiling akkahttp-quickstart-draft-master (1 scala source)
INFO  time: compiled akkahttp-quickstart-draft-master in 2.09s
INFO  compiling akkahttp-quickstart-draft-master (1 scala source)
INFO  time: compiled akkahttp-quickstart-draft-master in 1.36s
ERROR 'akkahttp-quickstart-draft-master' failed to compile.
INFO  compiling akkahttp-quickstart-draft-master (1 scala source)
INFO  time: compiled akkahttp-quickstart-draft-master in 2.19s
INFO  compiling akkahttp-quickstart-draft-master (1 scala source)
INFO  time: compiled akkahttp-quickstart-draft-master in 2.32s
INFO  compiling akkahttp-quickstart-draft-master (1 scala source)
INFO  time: compiled akkahttp-quickstart-draft-master in 1.71s
ERROR 'akkahttp-quickstart-draft-master' failed to compile.
INFO  compiling akkahttp-quickstart-draft-master (1 scala source)
INFO  time: compiled akkahttp-quickstart-draft-master in 3.58s
INFO  compiling akkahttp-quickstart-draft-master (1 scala source)
INFO  time: compiled akkahttp-quickstart-draft-master in 2.31s
ERROR 'akkahttp-quickstart-draft-master' failed to compile.
INFO  compiling akkahttp-quickstart-draft-master (1 scala source)
INFO  time: compiled akkahttp-quickstart-draft-master in 2.46s
ERROR 'akkahttp-quickstart-draft-master' failed to compile.
INFO  compiling akkahttp-quickstart-draft-master (1 scala source)
INFO  time: compiled akkahttp-quickstart-draft-master in 3.03s
INFO  compiling akkahttp-quickstart-draft-master (1 scala source)
WARN  there were two deprecation warnings (since 2.11.0); re-run with -deprecation for details
INFO  time: compiled akkahttp-quickstart-draft-master in 0.22s
INFO  compiling akkahttp-quickstart-draft-master (1 scala source)
WARN  there were two deprecation warnings (since 2.11.0); re-run with -deprecation for details
INFO  time: compiled akkahttp-quickstart-draft-master in 0.22s
INFO  compiling akkahttp-quickstart-draft-master (1 scala source)
WARN  there were two deprecation warnings (since 2.11.0); re-run with -deprecation for details
INFO  time: compiled akkahttp-quickstart-draft-master in 0.28s
INFO  compiling akkahttp-quickstart-draft-master (1 scala source)
INFO  time: compiled akkahttp-quickstart-draft-master in 80ms
ERROR 'akkahttp-quickstart-draft-master' failed to compile.
INFO  compiling akkahttp-quickstart-draft-master (1 scala source)
INFO  time: compiled akkahttp-quickstart-draft-master in 72ms
ERROR 'akkahttp-quickstart-draft-master' failed to compile.
INFO  compiling akkahttp-quickstart-draft-master (1 scala source)
INFO  time: compiled akkahttp-quickstart-draft-master in 69ms
ERROR 'akkahttp-quickstart-draft-master' failed to compile.
INFO  compiling akkahttp-quickstart-draft-master (1 scala source)
WARN  there were two deprecation warnings (since 2.11.0); re-run with -deprecation for details
INFO  time: compiled akkahttp-quickstart-draft-master in 0.23s
INFO  compiling akkahttp-quickstart-draft-master (1 scala source)
WARN  there were two deprecation warnings (since 2.11.0); re-run with -deprecation for details
INFO  time: compiled akkahttp-quickstart-draft-master in 0.21s
INFO  compiling akkahttp-quickstart-draft-master (1 scala source)
INFO  time: compiled akkahttp-quickstart-draft-master in 81ms
ERROR 'akkahttp-quickstart-draft-master' failed to compile.
INFO  compiling akkahttp-quickstart-draft-master (1 scala source)
INFO  time: compiled akkahttp-quickstart-draft-master in 77ms
ERROR 'akkahttp-quickstart-draft-master' failed to compile.
INFO  compiling akkahttp-quickstart-draft-master (1 scala source)
INFO  time: compiled akkahttp-quickstart-draft-master in 79ms
ERROR 'akkahttp-quickstart-draft-master' failed to compile.
INFO  compiling akkahttp-quickstart-draft-master (1 scala source)
INFO  time: compiled akkahttp-quickstart-draft-master in 78ms
ERROR 'akkahttp-quickstart-draft-master' failed to compile.
INFO  compiling akkahttp-quickstart-draft-master (1 scala source)
INFO  time: compiled akkahttp-quickstart-draft-master in 83ms
ERROR 'akkahttp-quickstart-draft-master' failed to compile.
INFO  compiling akkahttp-quickstart-draft-master (1 scala source)
INFO  time: compiled akkahttp-quickstart-draft-master in 81ms
ERROR 'akkahttp-quickstart-draft-master' failed to compile.
INFO  compiling akkahttp-quickstart-draft-master (1 scala source)
WARN  there were two deprecation warnings (since 2.11.0); re-run with -deprecation for details
INFO  time: compiled akkahttp-quickstart-draft-master in 0.27s
INFO  compiling akkahttp-quickstart-draft-master (1 scala source)
WARN  there were two deprecation warnings (since 2.11.0); re-run with -deprecation for details
INFO  time: compiled akkahttp-quickstart-draft-master in 0.2s
INFO  compiling akkahttp-quickstart-draft-master (1 scala source)
INFO  time: compiled akkahttp-quickstart-draft-master in 85ms
ERROR 'akkahttp-quickstart-draft-master' failed to compile.
INFO  compiling akkahttp-quickstart-draft-master (1 scala source)
INFO  time: compiled akkahttp-quickstart-draft-master in 81ms
ERROR 'akkahttp-quickstart-draft-master' failed to compile.
INFO  compiling akkahttp-quickstart-draft-master (1 scala source)
WARN  there were two deprecation warnings (since 2.11.0); re-run with -deprecation for details
INFO  time: compiled akkahttp-quickstart-draft-master in 0.28s
INFO  compiling akkahttp-quickstart-draft-master-test (4 scala sources)
INFO  time: compiled akkahttp-quickstart-draft-master-test in 0.29s
ERROR 'akkahttp-quickstart-draft-master-test' failed to compile.
INFO  compiling akkahttp-quickstart-draft-master-test (4 scala sources)
INFO  time: compiled akkahttp-quickstart-draft-master-test in 0.2s
ERROR 'akkahttp-quickstart-draft-master-test' failed to compile.
INFO  compiling akkahttp-quickstart-draft-master-test (4 scala sources)
INFO  time: compiled akkahttp-quickstart-draft-master-test in 0.19s
ERROR 'akkahttp-quickstart-draft-master-test' failed to compile.
INFO  compiling akkahttp-quickstart-draft-master-test (4 scala sources)
INFO  time: compiled akkahttp-quickstart-draft-master-test in 0.21s
ERROR 'akkahttp-quickstart-draft-master-test' failed to compile.
INFO  compiling akkahttp-quickstart-draft-master-test (4 scala sources)
INFO  time: compiled akkahttp-quickstart-draft-master-test in 0.2s
ERROR 'akkahttp-quickstart-draft-master-test' failed to compile.
INFO  compiling akkahttp-quickstart-draft-master-test (4 scala sources)
INFO  time: compiled akkahttp-quickstart-draft-master-test in 0.2s
ERROR 'akkahttp-quickstart-draft-master-test' failed to compile.
INFO  compiling akkahttp-quickstart-draft-master-test (4 scala sources)
INFO  time: compiled akkahttp-quickstart-draft-master-test in 0.19s
ERROR 'akkahttp-quickstart-draft-master-test' failed to compile.
INFO  compiling akkahttp-quickstart-draft-master-test (4 scala sources)
INFO  time: compiled akkahttp-quickstart-draft-master-test in 0.2s
ERROR 'akkahttp-quickstart-draft-master-test' failed to compile.
INFO  compiling akkahttp-quickstart-draft-master-test (4 scala sources)
INFO  time: compiled akkahttp-quickstart-draft-master-test in 0.2s
ERROR 'akkahttp-quickstart-draft-master-test' failed to compile.
INFO  compiling akkahttp-quickstart-draft-master-test (4 scala sources)
INFO  time: compiled akkahttp-quickstart-draft-master-test in 0.2s
ERROR 'akkahttp-quickstart-draft-master-test' failed to compile.
INFO  compiling akkahttp-quickstart-draft-master-test (4 scala sources)
INFO  time: compiled akkahttp-quickstart-draft-master-test in 0.19s
ERROR 'akkahttp-quickstart-draft-master-test' failed to compile.
INFO  compiling akkahttp-quickstart-draft-master-test (4 scala sources)
INFO  time: compiled akkahttp-quickstart-draft-master-test in 0.28s
ERROR 'akkahttp-quickstart-draft-master-test' failed to compile.
INFO  compiling akkahttp-quickstart-draft-master-test (4 scala sources)
INFO  time: compiled akkahttp-quickstart-draft-master-test in 0.21s
ERROR 'akkahttp-quickstart-draft-master-test' failed to compile.
INFO  compiling akkahttp-quickstart-draft-master-test (4 scala sources)
INFO  time: compiled akkahttp-quickstart-draft-master-test in 0.2s
ERROR 'akkahttp-quickstart-draft-master-test' failed to compile.
INFO  compiling akkahttp-quickstart-draft-master-test (4 scala sources)
INFO  time: compiled akkahttp-quickstart-draft-master-test in 0.2s
ERROR 'akkahttp-quickstart-draft-master-test' failed to compile.
INFO  compiling akkahttp-quickstart-draft-master-test (4 scala sources)
INFO  time: compiled akkahttp-quickstart-draft-master-test in 0.2s
ERROR 'akkahttp-quickstart-draft-master-test' failed to compile.
INFO  compiling akkahttp-quickstart-draft-master-test (4 scala sources)
INFO  time: compiled akkahttp-quickstart-draft-master-test in 0.19s
ERROR 'akkahttp-quickstart-draft-master-test' failed to compile.
INFO  compiling akkahttp-quickstart-draft-master-test (4 scala sources)
INFO  time: compiled akkahttp-quickstart-draft-master-test in 0.44s
ERROR 'akkahttp-quickstart-draft-master-test' failed to compile.
INFO  compiling akkahttp-quickstart-draft-master-test (4 scala sources)
INFO  time: compiled akkahttp-quickstart-draft-master-test in 0.43s
ERROR 'akkahttp-quickstart-draft-master-test' failed to compile.
INFO  compiling akkahttp-quickstart-draft-master-test (4 scala sources)
INFO  time: compiled akkahttp-quickstart-draft-master-test in 0.41s
ERROR 'akkahttp-quickstart-draft-master-test' failed to compile.
INFO  compiling akkahttp-quickstart-draft-master-test (4 scala sources)
INFO  time: compiled akkahttp-quickstart-draft-master-test in 0.42s
ERROR 'akkahttp-quickstart-draft-master-test' failed to compile.
INFO  compiling akkahttp-quickstart-draft-master-test (4 scala sources)
INFO  time: compiled akkahttp-quickstart-draft-master-test in 0.18s
ERROR 'akkahttp-quickstart-draft-master-test' failed to compile.
INFO  compiling akkahttp-quickstart-draft-master-test (4 scala sources)
INFO  time: compiled akkahttp-quickstart-draft-master-test in 0.42s
ERROR 'akkahttp-quickstart-draft-master-test' failed to compile.
INFO  compiling akkahttp-quickstart-draft-master-test (4 scala sources)
INFO  time: compiled akkahttp-quickstart-draft-master-test in 0.51s
ERROR 'akkahttp-quickstart-draft-master-test' failed to compile.
INFO  compiling akkahttp-quickstart-draft-master-test (4 scala sources)
INFO  time: compiled akkahttp-quickstart-draft-master-test in 0.42s
ERROR 'akkahttp-quickstart-draft-master-test' failed to compile.
INFO  compiling akkahttp-quickstart-draft-master-test (4 scala sources)
INFO  time: compiled akkahttp-quickstart-draft-master-test in 0.43s
ERROR 'akkahttp-quickstart-draft-master-test' failed to compile.
INFO  compiling akkahttp-quickstart-draft-master-test (4 scala sources)
INFO  time: compiled akkahttp-quickstart-draft-master-test in 0.42s
ERROR 'akkahttp-quickstart-draft-master-test' failed to compile.
INFO  compiling akkahttp-quickstart-draft-master-test (4 scala sources)
INFO  time: compiled akkahttp-quickstart-draft-master-test in 0.44s
ERROR 'akkahttp-quickstart-draft-master-test' failed to compile.
INFO  compiling akkahttp-quickstart-draft-master-test (4 scala sources)
INFO  time: compiled akkahttp-quickstart-draft-master-test in 0.41s
ERROR 'akkahttp-quickstart-draft-master-test' failed to compile.
INFO  compiling akkahttp-quickstart-draft-master-test (4 scala sources)
INFO  time: compiled akkahttp-quickstart-draft-master-test in 0.41s
ERROR 'akkahttp-quickstart-draft-master-test' failed to compile.
INFO  /Users/zizoabdel-aziz/Downloads/akkahttp-quickstart-draft-master/src/test/scala/TodoRouterSaveSpec.scala:38:24: stale scalac error: not found: type TodoRouter
      val router = new TodoRouter(repository)
                       ^^^^^^^^^^
INFO  /Users/zizoabdel-aziz/Downloads/akkahttp-quickstart-draft-master/src/test/scala/TodoRouterSaveSpec.scala:46:24: stale scalac error: not found: value CreateTodo
      val createTodo = CreateTodo("title", "description")
                       ^^^^^^^^^^
INFO  /Users/zizoabdel-aziz/Downloads/akkahttp-quickstart-draft-master/src/test/scala/TodoRouterSaveSpec.scala:47:28: stale scalac error: not found: type InMemoryTodoRepository
      val repository = new InMemoryTodoRepository()
                           ^^^^^^^^^^^^^^^^^^^^^^
INFO  /Users/zizoabdel-aziz/Downloads/akkahttp-quickstart-draft-master/src/test/scala/TodoRouterSaveSpec.scala:49:24: stale scalac error: not found: type TodoRouter
      val router = new TodoRouter(repository)
                       ^^^^^^^^^^
INFO  /Users/zizoabdel-aziz/Downloads/akkahttp-quickstart-draft-master/src/test/scala/TodoRouterSaveSpec.scala:38:24: stale scalac error: not found: type TodoRouter
      val router = new TodoRouter(repository)
                       ^^^^^^^^^^
INFO  /Users/zizoabdel-aziz/Downloads/akkahttp-quickstart-draft-master/src/test/scala/TodoRouterSaveSpec.scala:46:24: stale scalac error: not found: value CreateTodo
      val createTodo = CreateTodo("title", "description")
                       ^^^^^^^^^^
INFO  /Users/zizoabdel-aziz/Downloads/akkahttp-quickstart-draft-master/src/test/scala/TodoRouterSaveSpec.scala:47:28: stale scalac error: not found: type InMemoryTodoRepository
      val repository = new InMemoryTodoRepository()
                           ^^^^^^^^^^^^^^^^^^^^^^
INFO  /Users/zizoabdel-aziz/Downloads/akkahttp-quickstart-draft-master/src/test/scala/TodoRouterSaveSpec.scala:49:24: stale scalac error: not found: type TodoRouter
      val router = new TodoRouter(repository)
                       ^^^^^^^^^^
INFO  /Users/zizoabdel-aziz/Downloads/akkahttp-quickstart-draft-master/src/test/scala/TodoRouterSaveSpec.scala:38:24: stale scalac error: not found: type TodoRouter
      val router = new TodoRouter(repository)
                       ^^^^^^^^^^
INFO  /Users/zizoabdel-aziz/Downloads/akkahttp-quickstart-draft-master/src/test/scala/TodoRouterSaveSpec.scala:46:24: stale scalac error: not found: value CreateTodo
      val createTodo = CreateTodo("title", "description")
                       ^^^^^^^^^^
INFO  /Users/zizoabdel-aziz/Downloads/akkahttp-quickstart-draft-master/src/test/scala/TodoRouterSaveSpec.scala:47:28: stale scalac error: not found: type InMemoryTodoRepository
      val repository = new InMemoryTodoRepository()
                           ^^^^^^^^^^^^^^^^^^^^^^
INFO  /Users/zizoabdel-aziz/Downloads/akkahttp-quickstart-draft-master/src/test/scala/TodoRouterSaveSpec.scala:49:24: stale scalac error: not found: type TodoRouter
      val router = new TodoRouter(repository)
                       ^^^^^^^^^^
INFO  compiling akkahttp-quickstart-draft-master-test (4 scala sources)
INFO  /Users/zizoabdel-aziz/Downloads/akkahttp-quickstart-draft-master/src/test/scala/TodoRouterSaveSpec.scala:20:9: stale scalac error: unclosed string literal
        "i3qf6gym1p833di.jpg,
        ^
INFO  /Users/zizoabdel-aziz/Downloads/akkahttp-quickstart-draft-master/src/test/scala/TodoRouterSaveSpec.scala:20:9: stale scalac error: unclosed string literal
        "i3qf6gym1p833di.jpg,
        ^
INFO  /Users/zizoabdel-aziz/Downloads/akkahttp-quickstart-draft-master/src/test/scala/TodoRouterSaveSpec.scala:43:5: stale scalac error: ')' expected but '}' found.
    }
    ^
INFO  time: compiled akkahttp-quickstart-draft-master-test in 34ms
ERROR 'akkahttp-quickstart-draft-master-test' failed to compile.
INFO  compiling akkahttp-quickstart-draft-master-test (4 scala sources)
INFO  /Users/zizoabdel-aziz/Downloads/akkahttp-quickstart-draft-master/src/test/scala/TodoRouterSaveSpec.scala:20:9: stale scalac error: unclosed string literal
        "i3qf6gym1p833di.jpg,
        ^
INFO  /Users/zizoabdel-aziz/Downloads/akkahttp-quickstart-draft-master/src/test/scala/TodoRouterSaveSpec.scala:20:9: stale scalac error: unclosed string literal
        "i3qf6gym1p833di.jpg,
        ^
INFO  /Users/zizoabdel-aziz/Downloads/akkahttp-quickstart-draft-master/src/test/scala/TodoRouterSaveSpec.scala:43:5: stale scalac error: ')' expected but '}' found.
    }
    ^
INFO  time: compiled akkahttp-quickstart-draft-master-test in 38ms
ERROR 'akkahttp-quickstart-draft-master-test' failed to compile.
INFO  /Users/zizoabdel-aziz/Downloads/akkahttp-quickstart-draft-master/src/test/scala/TodoRouterSaveSpec.scala:20:9: stale scalac error: unclosed string literal
        "i3qf6gym1p833di.jpg,
        ^
INFO  /Users/zizoabdel-aziz/Downloads/akkahttp-quickstart-draft-master/src/test/scala/TodoRouterSaveSpec.scala:43:5: stale scalac error: ')' expected but '}' found.
    }
    ^
INFO  /Users/zizoabdel-aziz/Downloads/akkahttp-quickstart-draft-master/src/test/scala/TodoRouterSaveSpec.scala:20:9: stale scalac error: unclosed string literal
        "i3qf6gym1p833di.jpg,
        ^
INFO  /Users/zizoabdel-aziz/Downloads/akkahttp-quickstart-draft-master/src/test/scala/TodoRouterSaveSpec.scala:43:5: stale scalac error: ')' expected but '}' found.
    }
    ^
INFO  compiling akkahttp-quickstart-draft-master-test (4 scala sources)
INFO  time: compiled akkahttp-quickstart-draft-master-test in 0.46s
ERROR 'akkahttp-quickstart-draft-master-test' failed to compile.
INFO  compiling akkahttp-quickstart-draft-master-test (4 scala sources)
INFO  time: compiled akkahttp-quickstart-draft-master-test in 0.44s
ERROR 'akkahttp-quickstart-draft-master-test' failed to compile.
INFO  compiling akkahttp-quickstart-draft-master-test (4 scala sources)
INFO  time: compiled akkahttp-quickstart-draft-master-test in 0.49s
ERROR 'akkahttp-quickstart-draft-master-test' failed to compile.
INFO  compiling akkahttp-quickstart-draft-master-test (4 scala sources)
INFO  time: compiled akkahttp-quickstart-draft-master-test in 0.43s
ERROR 'akkahttp-quickstart-draft-master-test' failed to compile.
INFO  compiling akkahttp-quickstart-draft-master-test (4 scala sources)
INFO  time: compiled akkahttp-quickstart-draft-master-test in 0.44s
ERROR 'akkahttp-quickstart-draft-master-test' failed to compile.
INFO  compiling akkahttp-quickstart-draft-master-test (4 scala sources)
INFO  time: compiled akkahttp-quickstart-draft-master-test in 0.46s
ERROR 'akkahttp-quickstart-draft-master-test' failed to compile.
INFO  compiling akkahttp-quickstart-draft-master-test (4 scala sources)
INFO  time: compiled akkahttp-quickstart-draft-master-test in 0.45s
ERROR 'akkahttp-quickstart-draft-master-test' failed to compile.
INFO  compiling akkahttp-quickstart-draft-master-test (4 scala sources)
INFO  time: compiled akkahttp-quickstart-draft-master-test in 1.98s
ERROR 'akkahttp-quickstart-draft-master-test' failed to compile.
INFO  compiling akkahttp-quickstart-draft-master-test (4 scala sources)
INFO  time: compiled akkahttp-quickstart-draft-master-test in 0.53s
ERROR 'akkahttp-quickstart-draft-master-test' failed to compile.
INFO  compiling akkahttp-quickstart-draft-master-test (4 scala sources)
INFO  time: compiled akkahttp-quickstart-draft-master-test in 0.52s
ERROR 'akkahttp-quickstart-draft-master-test' failed to compile.
INFO  compiling akkahttp-quickstart-draft-master-test (4 scala sources)
INFO  time: compiled akkahttp-quickstart-draft-master-test in 0.53s
ERROR 'akkahttp-quickstart-draft-master-test' failed to compile.
INFO  compiling akkahttp-quickstart-draft-master-test (4 scala sources)
INFO  time: compiled akkahttp-quickstart-draft-master-test in 0.58s
ERROR 'akkahttp-quickstart-draft-master-test' failed to compile.
INFO  compiling akkahttp-quickstart-draft-master-test (4 scala sources)
INFO  time: compiled akkahttp-quickstart-draft-master-test in 0.53s
ERROR 'akkahttp-quickstart-draft-master-test' failed to compile.
INFO  compiling akkahttp-quickstart-draft-master-test (4 scala sources)
INFO  time: compiled akkahttp-quickstart-draft-master-test in 0.53s
ERROR 'akkahttp-quickstart-draft-master-test' failed to compile.
INFO  compiling akkahttp-quickstart-draft-master-test (4 scala sources)
INFO  time: compiled akkahttp-quickstart-draft-master-test in 0.53s
ERROR 'akkahttp-quickstart-draft-master-test' failed to compile.
INFO  compiling akkahttp-quickstart-draft-master-test (4 scala sources)
INFO  time: compiled akkahttp-quickstart-draft-master-test in 0.54s
ERROR 'akkahttp-quickstart-draft-master-test' failed to compile.
INFO  compiling akkahttp-quickstart-draft-master-test (4 scala sources)
INFO  time: compiled akkahttp-quickstart-draft-master-test in 0.59s
ERROR 'akkahttp-quickstart-draft-master-test' failed to compile.
INFO  compiling akkahttp-quickstart-draft-master-test (4 scala sources)
INFO  time: compiled akkahttp-quickstart-draft-master-test in 0.59s
ERROR 'akkahttp-quickstart-draft-master-test' failed to compile.
INFO  compiling akkahttp-quickstart-draft-master-test (4 scala sources)
INFO  time: compiled akkahttp-quickstart-draft-master-test in 0.63s
ERROR 'akkahttp-quickstart-draft-master-test' failed to compile.
INFO  compiling akkahttp-quickstart-draft-master-test (4 scala sources)
INFO  time: compiled akkahttp-quickstart-draft-master-test in 0.31s
ERROR 'akkahttp-quickstart-draft-master-test' failed to compile.
INFO  compiling akkahttp-quickstart-draft-master-test (4 scala sources)
INFO  time: compiled akkahttp-quickstart-draft-master-test in 0.55s
ERROR 'akkahttp-quickstart-draft-master-test' failed to compile.
INFO  compiling akkahttp-quickstart-draft-master-test (4 scala sources)
INFO  time: compiled akkahttp-quickstart-draft-master-test in 0.55s
ERROR 'akkahttp-quickstart-draft-master-test' failed to compile.
INFO  compiling akkahttp-quickstart-draft-master-test (4 scala sources)
INFO  time: compiled akkahttp-quickstart-draft-master-test in 0.63s
ERROR 'akkahttp-quickstart-draft-master-test' failed to compile.
INFO  compiling akkahttp-quickstart-draft-master-test (4 scala sources)
INFO  time: compiled akkahttp-quickstart-draft-master-test in 0.66s
ERROR 'akkahttp-quickstart-draft-master-test' failed to compile.
INFO  compiling akkahttp-quickstart-draft-master-test (4 scala sources)
INFO  time: compiled akkahttp-quickstart-draft-master-test in 0.6s
ERROR 'akkahttp-quickstart-draft-master-test' failed to compile.
INFO  compiling akkahttp-quickstart-draft-master-test (4 scala sources)
INFO  time: compiled akkahttp-quickstart-draft-master-test in 0.84s
ERROR 'akkahttp-quickstart-draft-master-test' failed to compile.
INFO  compiling akkahttp-quickstart-draft-master-test (4 scala sources)
INFO  time: compiled akkahttp-quickstart-draft-master-test in 0.83s
ERROR 'akkahttp-quickstart-draft-master-test' failed to compile.
INFO  compiling akkahttp-quickstart-draft-master-test (4 scala sources)
INFO  time: compiled akkahttp-quickstart-draft-master-test in 0.58s
ERROR 'akkahttp-quickstart-draft-master-test' failed to compile.
INFO  compiling akkahttp-quickstart-draft-master-test (4 scala sources)
INFO  time: compiled akkahttp-quickstart-draft-master-test in 0.62s
ERROR 'akkahttp-quickstart-draft-master-test' failed to compile.
INFO  compiling akkahttp-quickstart-draft-master-test (4 scala sources)
INFO  time: compiled akkahttp-quickstart-draft-master-test in 1.38s
ERROR 'akkahttp-quickstart-draft-master-test' failed to compile.
INFO  compiling akkahttp-quickstart-draft-master-test (4 scala sources)
INFO  time: compiled akkahttp-quickstart-draft-master-test in 1.56s
ERROR 'akkahttp-quickstart-draft-master-test' failed to compile.
INFO  compiling akkahttp-quickstart-draft-master-test (4 scala sources)
INFO  time: compiled akkahttp-quickstart-draft-master-test in 2.36s
ERROR 'akkahttp-quickstart-draft-master-test' failed to compile.
INFO  compiling akkahttp-quickstart-draft-master-test (4 scala sources)
INFO  time: compiled akkahttp-quickstart-draft-master-test in 2.54s
ERROR 'akkahttp-quickstart-draft-master-test' failed to compile.
INFO  compiling akkahttp-quickstart-draft-master-test (4 scala sources)
INFO  time: compiled akkahttp-quickstart-draft-master-test in 2.55s
ERROR 'akkahttp-quickstart-draft-master-test' failed to compile.
INFO  compiling akkahttp-quickstart-draft-master-test (4 scala sources)
INFO  time: compiled akkahttp-quickstart-draft-master-test in 2.87s
ERROR 'akkahttp-quickstart-draft-master-test' failed to compile.
INFO  compiling akkahttp-quickstart-draft-master-test (4 scala sources)
INFO  time: compiled akkahttp-quickstart-draft-master-test in 2.84s
ERROR 'akkahttp-quickstart-draft-master-test' failed to compile.
INFO  compiling akkahttp-quickstart-draft-master-test (4 scala sources)
INFO  time: compiled akkahttp-quickstart-draft-master-test in 2.57s
ERROR 'akkahttp-quickstart-draft-master-test' failed to compile.
INFO  compiling akkahttp-quickstart-draft-master-test (4 scala sources)
INFO  time: compiled akkahttp-quickstart-draft-master-test in 6.58s
ERROR 'akkahttp-quickstart-draft-master-test' failed to compile.
INFO  compiling akkahttp-quickstart-draft-master-test (4 scala sources)
INFO  time: compiled akkahttp-quickstart-draft-master-test in 7.32s
ERROR 'akkahttp-quickstart-draft-master-test' failed to compile.
INFO  compiling akkahttp-quickstart-draft-master-test (4 scala sources)
INFO  time: compiled akkahttp-quickstart-draft-master-test in 7.76s
ERROR 'akkahttp-quickstart-draft-master-test' failed to compile.
INFO  compiling akkahttp-quickstart-draft-master-test (4 scala sources)
INFO  time: compiled akkahttp-quickstart-draft-master-test in 8.22s
ERROR 'akkahttp-quickstart-draft-master-test' failed to compile.
INFO  compiling akkahttp-quickstart-draft-master-test (4 scala sources)
INFO  time: compiled akkahttp-quickstart-draft-master-test in 5.73s
ERROR 'akkahttp-quickstart-draft-master-test' failed to compile.
INFO  compiling akkahttp-quickstart-draft-master-test (4 scala sources)
INFO  time: compiled akkahttp-quickstart-draft-master-test in 3.27s
ERROR 'akkahttp-quickstart-draft-master-test' failed to compile.
INFO  compiling akkahttp-quickstart-draft-master-test (4 scala sources)
INFO  time: compiled akkahttp-quickstart-draft-master-test in 2.55s
ERROR 'akkahttp-quickstart-draft-master-test' failed to compile.
INFO  compiling akkahttp-quickstart-draft-master-test (4 scala sources)
INFO  time: compiled akkahttp-quickstart-draft-master-test in 4.72s
ERROR 'akkahttp-quickstart-draft-master-test' failed to compile.
INFO  compiling akkahttp-quickstart-draft-master-test (4 scala sources)
INFO  time: compiled akkahttp-quickstart-draft-master-test in 1.3s
ERROR 'akkahttp-quickstart-draft-master-test' failed to compile.
INFO  compiling akkahttp-quickstart-draft-master-test (4 scala sources)
INFO  time: compiled akkahttp-quickstart-draft-master-test in 0.73s
ERROR 'akkahttp-quickstart-draft-master-test' failed to compile.
INFO  compiling akkahttp-quickstart-draft-master-test (1 scala source)
INFO  time: compiled akkahttp-quickstart-draft-master-test in 1.24s
INFO  compiling akkahttp-quickstart-draft-master-test (1 scala source)
INFO  time: compiled akkahttp-quickstart-draft-master-test in 1.05s
INFO  running 'sbt metalsEnable bloopInstall'
INFO  [info] Loading settings from metals.sbt ...
INFO  [info] Loading global plugins from /Users/zizoabdel-aziz/.sbt/1.0/plugins
INFO  [info] Updating ProjectRef(uri("file:/Users/zizoabdel-aziz/.sbt/1.0/plugins/"), "global-plugins")...
INFO  [info] Done updating.
INFO  [info] Loading project definition from /Users/zizoabdel-aziz/Downloads/akkahttp-quickstart-draft-master/project
INFO  [info] Updating ProjectRef(uri("file:/Users/zizoabdel-aziz/Downloads/akkahttp-quickstart-draft-master/project/"), "akkahttp-quickstart-draft-master-build")...
INFO  [info] Done updating.
INFO  [success] Generated .bloop/akkahttp-quickstart-draft-master-build.json
INFO  [success] Total time: 2 s, completed May 28, 2019 3:42:08 AM
INFO  [info] Updating ProjectRef(uri("file:/Users/zizoabdel-aziz/Downloads/akkahttp-quickstart-draft-master/project/"), "akkahttp-quickstart-draft-master-build")...
INFO  [info] Done updating.
INFO  [info] Loading settings from build.sbt ...
INFO  [info] Set current project to TodoAPI (in build file:/Users/zizoabdel-aziz/Downloads/akkahttp-quickstart-draft-master/)
INFO  [info] Set current project to TodoAPI (in build file:/Users/zizoabdel-aziz/Downloads/akkahttp-quickstart-draft-master/)
INFO  [info] semanticdb-scalac is enabled
INFO  [info] Updating ...
INFO  [info] Done updating.
INFO  [success] Generated .bloop/akkahttp-quickstart-draft-master-test.json
INFO  [success] Generated .bloop/akkahttp-quickstart-draft-master.json
INFO  [success] Total time: 1 s, completed May 28, 2019 3:42:12 AM
INFO  sbt exit: 0
INFO  time: ran 'sbt bloopInstall' in 16s
INFO  bloop exit: 0
INFO  running embedded 'bloop bsp --protocol local --socket /var/folders/xf/pjbky84910zb9lj0g4l6qyr80000gp/T/bsp8579322236947705708/-1pu5c7ewsd06c.socket'
INFO  tracing is disabled for protocol BSP, to enable tracing of incoming and outgoing JSON messages create an empty file at /Users/zizoabdel-aziz/Library/Caches/org.scalameta.metals/bsp.trace.json
INFO  time: connected to build server in 0.22s
INFO  disconnected: build server
INFO  time: indexed workspace in 0.6s
INFO  compiling akkahttp-quickstart-draft-master-test (1 scala source)
INFO  time: compiled akkahttp-quickstart-draft-master-test in 1.09s
INFO  skipping build import with status 'Installed'
ERROR timeout: build server 'bloop' during shutdown
INFO  running 'sbt metalsEnable bloopInstall'
INFO  [info] Loading settings from metals.sbt ...
INFO  [info] Loading global plugins from /Users/zizoabdel-aziz/.sbt/1.0/plugins
INFO  [info] Updating ProjectRef(uri("file:/Users/zizoabdel-aziz/.sbt/1.0/plugins/"), "global-plugins")...
INFO  [info] Done updating.
INFO  [info] Loading project definition from /Users/zizoabdel-aziz/Downloads/akkahttp-quickstart-draft-master/project
INFO  [info] Updating ProjectRef(uri("file:/Users/zizoabdel-aziz/Downloads/akkahttp-quickstart-draft-master/project/"), "akkahttp-quickstart-draft-master-build")...
INFO  [info] Done updating.
INFO  [success] Generated .bloop/akkahttp-quickstart-draft-master-build.json
INFO  [success] Total time: 2 s, completed May 28, 2019 3:43:02 AM
INFO  [info] Updating ProjectRef(uri("file:/Users/zizoabdel-aziz/Downloads/akkahttp-quickstart-draft-master/project/"), "akkahttp-quickstart-draft-master-build")...
INFO  [info] Done updating.
INFO  [info] Loading settings from build.sbt ...
INFO  [info] Set current project to TodoAPI (in build file:/Users/zizoabdel-aziz/Downloads/akkahttp-quickstart-draft-master/)
INFO  [info] Set current project to TodoAPI (in build file:/Users/zizoabdel-aziz/Downloads/akkahttp-quickstart-draft-master/)
INFO  [info] semanticdb-scalac is enabled
INFO  [success] Generated .bloop/akkahttp-quickstart-draft-master-test.json
INFO  [success] Generated .bloop/akkahttp-quickstart-draft-master.json
INFO  [success] Total time: 1 s, completed May 28, 2019 3:43:06 AM
INFO  sbt exit: 0
INFO  time: ran 'sbt bloopInstall' in 16s
INFO  bloop exit: 0
INFO  running embedded 'bloop bsp --protocol local --socket /var/folders/xf/pjbky84910zb9lj0g4l6qyr80000gp/T/bsp872296764233864139/1jkh3tsarm5nw.socket'
INFO  tracing is disabled for protocol BSP, to enable tracing of incoming and outgoing JSON messages create an empty file at /Users/zizoabdel-aziz/Library/Caches/org.scalameta.metals/bsp.trace.json
INFO  time: connected to build server in 0.21s
INFO  disconnected: build server
INFO  time: indexed workspace in 0.51s
INFO  compiling akkahttp-quickstart-draft-master-test (1 scala source)
INFO  time: compiled akkahttp-quickstart-draft-master-test in 1.03s
ERROR timeout: build server 'bloop' during shutdown
INFO  running 'sbt metalsEnable bloopInstall'
INFO  [info] Loading settings from metals.sbt ...
INFO  [info] Loading global plugins from /Users/zizoabdel-aziz/.sbt/1.0/plugins
INFO  [info] Updating ProjectRef(uri("file:/Users/zizoabdel-aziz/.sbt/1.0/plugins/"), "global-plugins")...
INFO  [info] Done updating.
INFO  [info] Loading project definition from /Users/zizoabdel-aziz/Downloads/akkahttp-quickstart-draft-master/project
INFO  [info] Updating ProjectRef(uri("file:/Users/zizoabdel-aziz/Downloads/akkahttp-quickstart-draft-master/project/"), "akkahttp-quickstart-draft-master-build")...
INFO  [info] Done updating.
INFO  [success] Generated .bloop/akkahttp-quickstart-draft-master-build.json
INFO  [success] Total time: 2 s, completed May 28, 2019 3:43:39 AM
INFO  [info] Updating ProjectRef(uri("file:/Users/zizoabdel-aziz/Downloads/akkahttp-quickstart-draft-master/project/"), "akkahttp-quickstart-draft-master-build")...
INFO  [info] Done updating.
INFO  [info] Loading settings from build.sbt ...
INFO  [info] Set current project to TodoAPI (in build file:/Users/zizoabdel-aziz/Downloads/akkahttp-quickstart-draft-master/)
INFO  [info] Set current project to TodoAPI (in build file:/Users/zizoabdel-aziz/Downloads/akkahttp-quickstart-draft-master/)
INFO  [info] semanticdb-scalac is enabled
INFO  [success] Generated .bloop/akkahttp-quickstart-draft-master.json
INFO  [success] Generated .bloop/akkahttp-quickstart-draft-master-test.json
INFO  [success] Total time: 1 s, completed May 28, 2019 3:43:43 AM
INFO  sbt exit: 0
INFO  time: ran 'sbt bloopInstall' in 16s
INFO  bloop exit: 0
INFO  running embedded 'bloop bsp --protocol local --socket /var/folders/xf/pjbky84910zb9lj0g4l6qyr80000gp/T/bsp8168588120836749164/-x0e4waj03mn8.socket'
INFO  tracing is disabled for protocol BSP, to enable tracing of incoming and outgoing JSON messages create an empty file at /Users/zizoabdel-aziz/Library/Caches/org.scalameta.metals/bsp.trace.json
INFO  time: connected to build server in 0.22s
INFO  disconnected: build server
INFO  time: indexed workspace in 0.45s
INFO  compiling akkahttp-quickstart-draft-master-test (1 scala source)
INFO  time: compiled akkahttp-quickstart-draft-master-test in 1.03s
ERROR timeout: build server 'bloop' during shutdown
INFO  running 'sbt metalsEnable bloopInstall'
INFO  [info] Loading settings from metals.sbt ...
INFO  [info] Loading global plugins from /Users/zizoabdel-aziz/.sbt/1.0/plugins
INFO  [info] Loading project definition from /Users/zizoabdel-aziz/Downloads/akkahttp-quickstart-draft-master/project
INFO  [success] Generated .bloop/akkahttp-quickstart-draft-master-build.json
INFO  [success] Total time: 1 s, completed May 28, 2019 3:44:07 AM
INFO  [info] Loading settings from build.sbt ...
INFO  [info] Set current project to TodoAPI (in build file:/Users/zizoabdel-aziz/Downloads/akkahttp-quickstart-draft-master/)
INFO  [info] Set current project to TodoAPI (in build file:/Users/zizoabdel-aziz/Downloads/akkahttp-quickstart-draft-master/)
INFO  [info] semanticdb-scalac is enabled
INFO  [info] Updating ...
INFO  [info] downloading http://repo.artima.com/releases/com/artima/supersafe/sbtplugin_2.12_1.0/1.1.3/sbtplugin-1.1.3.jar ...
INFO  [info] 	[SUCCESSFUL ] com.artima.supersafe#sbtplugin;1.1.3!sbtplugin.jar (911ms)
INFO  [info] Done updating.
INFO  [warn] 	Detected merged artifact: [FAILED     ] com.artima.supersafe#sbtplugin;1.1.3!sbtplugin.jar(src):  (0ms).
INFO  [warn] ==== local: tried
INFO  [warn] ==== public: tried
[warn]   https://repo1.maven.org/maven2/com/artima/supersafe/sbtplugin_2.12_1.0/1.1.3/sbtplugin-1.1.3-sources.jar
INFO  [warn] ==== local-preloaded-ivy: tried
[warn]   /Users/zizoabdel-aziz/.sbt/preloaded/com.artima.supersafe/sbtplugin/1.1.3/srcs/sbtplugin-sources.jar
INFO  [warn] ==== local-preloaded: tried
INFO  [warn]   file:////Users/zizoabdel-aziz/.sbt/preloaded/com/artima/supersafe/sbtplugin_2.12_1.0/1.1.3/sbtplugin-1.1.3-sources.jar
INFO  [warn] ==== Artima Maven Repository: tried
[warn]   http://repo.artima.com/releases/com/artima/supersafe/sbtplugin_2.12_1.0/1.1.3/sbtplugin-1.1.3-sources.jar
INFO  [warn] 	::::::::::::::::::::::::::::::::::::::::::::::
INFO  [warn] 	::              FAILED DOWNLOADS            ::
[warn] 	:: ^ see resolution messages for details  ^ ::
[warn] 	::::::::::::::::::::::::::::::::::::::::::::::
INFO  [warn] 	:: com.artima.supersafe#sbtplugin;1.1.3!sbtplugin.jar(src)
[warn] 	::::::::::::::::::::::::::::::::::::::::::::::
INFO  [success] Generated .bloop/akkahttp-quickstart-draft-master.json
INFO  [success] Generated .bloop/akkahttp-quickstart-draft-master-test.json
INFO  [success] Total time: 6 s, completed May 28, 2019 3:44:15 AM
INFO  sbt exit: 0
INFO  time: ran 'sbt bloopInstall' in 15s
INFO  bloop exit: 0
INFO  running embedded 'bloop bsp --protocol local --socket /var/folders/xf/pjbky84910zb9lj0g4l6qyr80000gp/T/bsp3214302934006983313/-1imgq2kj3uh0p.socket'
INFO  tracing is disabled for protocol BSP, to enable tracing of incoming and outgoing JSON messages create an empty file at /Users/zizoabdel-aziz/Library/Caches/org.scalameta.metals/bsp.trace.json
INFO  time: connected to build server in 0.25s
INFO  disconnected: build server
INFO  time: indexed workspace in 0.44s
INFO  compiling akkahttp-quickstart-draft-master-test (1 scala source)
INFO  time: compiled akkahttp-quickstart-draft-master-test in 1.03s
INFO  skipping build import with status 'Installed'
ERROR timeout: build server 'bloop' during shutdown
INFO  compiling akkahttp-quickstart-draft-master-test (1 scala source)
INFO  time: compiled akkahttp-quickstart-draft-master-test in 1.07s
INFO  compiling akkahttp-quickstart-draft-master-test (1 scala source)
INFO  time: compiled akkahttp-quickstart-draft-master-test in 0.99s
INFO  compiling akkahttp-quickstart-draft-master-test (1 scala source)
INFO  time: compiled akkahttp-quickstart-draft-master-test in 0.46s
ERROR 'akkahttp-quickstart-draft-master-test' failed to compile.
INFO  compiling akkahttp-quickstart-draft-master-test (1 scala source)
INFO  time: compiled akkahttp-quickstart-draft-master-test in 0.48s
ERROR 'akkahttp-quickstart-draft-master-test' failed to compile.
INFO  compiling akkahttp-quickstart-draft-master-test (1 scala source)
INFO  time: compiled akkahttp-quickstart-draft-master-test in 0.48s
ERROR 'akkahttp-quickstart-draft-master-test' failed to compile.
INFO  compiling akkahttp-quickstart-draft-master-test (1 scala source)
INFO  time: compiled akkahttp-quickstart-draft-master-test in 0.46s
ERROR 'akkahttp-quickstart-draft-master-test' failed to compile.
INFO  compiling akkahttp-quickstart-draft-master-test (1 scala source)
INFO  time: compiled akkahttp-quickstart-draft-master-test in 0.52s
ERROR 'akkahttp-quickstart-draft-master-test' failed to compile.
INFO  compiling akkahttp-quickstart-draft-master-test (1 scala source)
INFO  time: compiled akkahttp-quickstart-draft-master-test in 0.99s
INFO  compiling akkahttp-quickstart-draft-master (1 scala source)
INFO  time: compiled akkahttp-quickstart-draft-master in 0.1s
ERROR 'akkahttp-quickstart-draft-master' failed to compile.
INFO  compiling akkahttp-quickstart-draft-master (1 scala source)
INFO  time: compiled akkahttp-quickstart-draft-master in 0.24s
INFO  compiling akkahttp-quickstart-draft-master (4 scala sources)
INFO  time: compiled akkahttp-quickstart-draft-master in 1.38s
ERROR 'akkahttp-quickstart-draft-master' failed to compile.
INFO  compiling akkahttp-quickstart-draft-master (1 scala source)
INFO  time: compiled akkahttp-quickstart-draft-master in 0.2s
INFO  compiling akkahttp-quickstart-draft-master (4 scala sources)
INFO  time: compiled akkahttp-quickstart-draft-master in 1.44s
ERROR 'akkahttp-quickstart-draft-master' failed to compile.
INFO  compiling akkahttp-quickstart-draft-master (1 scala source)
INFO  time: compiled akkahttp-quickstart-draft-master in 0.23s
INFO  compiling akkahttp-quickstart-draft-master (4 scala sources)
INFO  time: compiled akkahttp-quickstart-draft-master in 1.33s
ERROR 'akkahttp-quickstart-draft-master' failed to compile.
INFO  compiling akkahttp-quickstart-draft-master (2 scala sources)
INFO  time: compiled akkahttp-quickstart-draft-master in 52ms
ERROR 'akkahttp-quickstart-draft-master' failed to compile.
INFO  compiling akkahttp-quickstart-draft-master (2 scala sources)
INFO  time: compiled akkahttp-quickstart-draft-master in 50ms
ERROR 'akkahttp-quickstart-draft-master' failed to compile.
INFO  compiling akkahttp-quickstart-draft-master (2 scala sources)
INFO  time: compiled akkahttp-quickstart-draft-master in 0.22s
INFO  compiling akkahttp-quickstart-draft-master (3 scala sources)
WARN  there were two deprecation warnings (since 2.11.0); re-run with -deprecation for details
INFO  time: compiled akkahttp-quickstart-draft-master in 2.67s
INFO  compiling akkahttp-quickstart-draft-master (1 scala source)
INFO  time: compiled akkahttp-quickstart-draft-master in 0.1s
INFO  compiling akkahttp-quickstart-draft-master (1 scala source)
INFO  time: compiled akkahttp-quickstart-draft-master in 0.16s
INFO  compiling akkahttp-quickstart-draft-master (1 scala source)
INFO  time: compiled akkahttp-quickstart-draft-master in 0.11s
INFO  compiling akkahttp-quickstart-draft-master (1 scala source)
INFO  time: compiled akkahttp-quickstart-draft-master in 0.11s
INFO  compiling akkahttp-quickstart-draft-master-test (1 scala source)
INFO  time: compiled akkahttp-quickstart-draft-master-test in 90ms
ERROR 'akkahttp-quickstart-draft-master-test' failed to compile.
INFO  compiling akkahttp-quickstart-draft-master-test (1 scala source)
INFO  time: compiled akkahttp-quickstart-draft-master-test in 83ms
ERROR 'akkahttp-quickstart-draft-master-test' failed to compile.
INFO  compiling akkahttp-quickstart-draft-master-test (1 scala source)
INFO  time: compiled akkahttp-quickstart-draft-master-test in 91ms
ERROR 'akkahttp-quickstart-draft-master-test' failed to compile.
INFO  compiling akkahttp-quickstart-draft-master-test (1 scala source)
INFO  time: compiled akkahttp-quickstart-draft-master-test in 88ms
ERROR 'akkahttp-quickstart-draft-master-test' failed to compile.
INFO  compiling akkahttp-quickstart-draft-master-test (1 scala source)
INFO  time: compiled akkahttp-quickstart-draft-master-test in 81ms
ERROR 'akkahttp-quickstart-draft-master-test' failed to compile.
INFO  compiling akkahttp-quickstart-draft-master-test (1 scala source)
INFO  time: compiled akkahttp-quickstart-draft-master-test in 0.46s
ERROR 'akkahttp-quickstart-draft-master-test' failed to compile.
INFO  compiling akkahttp-quickstart-draft-master-test (1 scala source)
INFO  time: compiled akkahttp-quickstart-draft-master-test in 1.03s
INFO  compiling akkahttp-quickstart-draft-master-test (1 scala source)
INFO  time: compiled akkahttp-quickstart-draft-master-test in 0.94s
INFO  compiling akkahttp-quickstart-draft-master-test (1 scala source)
INFO  time: compiled akkahttp-quickstart-draft-master-test in 0.94s
INFO  compiling akkahttp-quickstart-draft-master-test (1 scala source)
INFO  time: compiled akkahttp-quickstart-draft-master-test in 0.97s
INFO  compiling akkahttp-quickstart-draft-master-test (1 scala source)
INFO  time: compiled akkahttp-quickstart-draft-master-test in 0.96s
INFO  compiling akkahttp-quickstart-draft-master-test (1 scala source)
INFO  time: compiled akkahttp-quickstart-draft-master-test in 0.99s
INFO  compiling akkahttp-quickstart-draft-master-test (1 scala source)
INFO  time: compiled akkahttp-quickstart-draft-master-test in 0.16s
ERROR 'akkahttp-quickstart-draft-master-test' failed to compile.
INFO  compiling akkahttp-quickstart-draft-master-test (1 scala source)
INFO  time: compiled akkahttp-quickstart-draft-master-test in 0.97s
INFO  compiling akkahttp-quickstart-draft-master-test (1 scala source)
INFO  time: compiled akkahttp-quickstart-draft-master-test in 0.64s
ERROR 'akkahttp-quickstart-draft-master-test' failed to compile.
INFO  compiling akkahttp-quickstart-draft-master-test (1 scala source)
INFO  time: compiled akkahttp-quickstart-draft-master-test in 0.68s
ERROR 'akkahttp-quickstart-draft-master-test' failed to compile.
INFO  compiling akkahttp-quickstart-draft-master-test (1 scala source)
INFO  time: compiled akkahttp-quickstart-draft-master-test in 1.03s
INFO  compiling akkahttp-quickstart-draft-master-test (1 scala source)
INFO  time: compiled akkahttp-quickstart-draft-master-test in 0.94s
INFO  compiling akkahttp-quickstart-draft-master-test (1 scala source)
INFO  time: compiled akkahttp-quickstart-draft-master-test in 0.1s
ERROR 'akkahttp-quickstart-draft-master-test' failed to compile.
INFO  compiling akkahttp-quickstart-draft-master-test (1 scala source)
INFO  time: compiled akkahttp-quickstart-draft-master-test in 97ms
ERROR 'akkahttp-quickstart-draft-master-test' failed to compile.
ERROR code navigation does not work for the file '/Users/zizoabdel-aziz/Downloads/akkahttp-quickstart-draft-master/src/test/scala/TodoRouterListSpec.scala' because the SemanticDB file '/Users/zizoabdel-aziz/Downloads/akkahttp-quickstart-draft-master/.bloop/akkahttp-quickstart-draft-master/scala-2.12/test-classes/META-INF/semanticdb/src/test/scala/TodoRouterListSpec.scala.semanticdb' doesn't exist. There can be many reasons for this error. 
ERROR code navigation does not work for the file '/Users/zizoabdel-aziz/Downloads/akkahttp-quickstart-draft-master/src/test/scala/TodoRouterListSpec.scala' because the SemanticDB file '/Users/zizoabdel-aziz/Downloads/akkahttp-quickstart-draft-master/.bloop/akkahttp-quickstart-draft-master/scala-2.12/test-classes/META-INF/semanticdb/src/test/scala/TodoRouterListSpec.scala.semanticdb' doesn't exist. There can be many reasons for this error. 
INFO  compiling akkahttp-quickstart-draft-master-test (1 scala source)
INFO  time: compiled akkahttp-quickstart-draft-master-test in 96ms
ERROR 'akkahttp-quickstart-draft-master-test' failed to compile.
INFO  compiling akkahttp-quickstart-draft-master-test (1 scala source)
INFO  time: compiled akkahttp-quickstart-draft-master-test in 99ms
ERROR 'akkahttp-quickstart-draft-master-test' failed to compile.
ERROR code navigation does not work for the file '/Users/zizoabdel-aziz/Downloads/akkahttp-quickstart-draft-master/src/test/scala/TodoRouterListSpec.scala' because the SemanticDB file '/Users/zizoabdel-aziz/Downloads/akkahttp-quickstart-draft-master/.bloop/akkahttp-quickstart-draft-master/scala-2.12/test-classes/META-INF/semanticdb/src/test/scala/TodoRouterListSpec.scala.semanticdb' doesn't exist. There can be many reasons for this error. 
INFO  compiling akkahttp-quickstart-draft-master-test (1 scala source)
INFO  time: compiled akkahttp-quickstart-draft-master-test in 95ms
ERROR 'akkahttp-quickstart-draft-master-test' failed to compile.
ERROR code navigation does not work for the file '/Users/zizoabdel-aziz/Downloads/akkahttp-quickstart-draft-master/src/test/scala/TodoRouterListSpec.scala' because the SemanticDB file '/Users/zizoabdel-aziz/Downloads/akkahttp-quickstart-draft-master/.bloop/akkahttp-quickstart-draft-master/scala-2.12/test-classes/META-INF/semanticdb/src/test/scala/TodoRouterListSpec.scala.semanticdb' doesn't exist. There can be many reasons for this error. 
ERROR code navigation does not work for the file '/Users/zizoabdel-aziz/Downloads/akkahttp-quickstart-draft-master/src/test/scala/TodoRouterListSpec.scala' because the SemanticDB file '/Users/zizoabdel-aziz/Downloads/akkahttp-quickstart-draft-master/.bloop/akkahttp-quickstart-draft-master/scala-2.12/test-classes/META-INF/semanticdb/src/test/scala/TodoRouterListSpec.scala.semanticdb' doesn't exist. There can be many reasons for this error. 
INFO  compiling akkahttp-quickstart-draft-master-test (1 scala source)
INFO  time: compiled akkahttp-quickstart-draft-master-test in 97ms
ERROR 'akkahttp-quickstart-draft-master-test' failed to compile.
INFO  compiling akkahttp-quickstart-draft-master-test (1 scala source)
INFO  time: compiled akkahttp-quickstart-draft-master-test in 0.1s
ERROR 'akkahttp-quickstart-draft-master-test' failed to compile.
INFO  compiling akkahttp-quickstart-draft-master-test (1 scala source)
INFO  time: compiled akkahttp-quickstart-draft-master-test in 0.11s
ERROR 'akkahttp-quickstart-draft-master-test' failed to compile.
INFO  compiling akkahttp-quickstart-draft-master-test (1 scala source)
INFO  time: compiled akkahttp-quickstart-draft-master-test in 0.12s
ERROR 'akkahttp-quickstart-draft-master-test' failed to compile.
INFO  compiling akkahttp-quickstart-draft-master-test (1 scala source)
INFO  time: compiled akkahttp-quickstart-draft-master-test in 0.11s
ERROR 'akkahttp-quickstart-draft-master-test' failed to compile.
INFO  compiling akkahttp-quickstart-draft-master-test (1 scala source)
INFO  time: compiled akkahttp-quickstart-draft-master-test in 0.11s
ERROR 'akkahttp-quickstart-draft-master-test' failed to compile.
INFO  compiling akkahttp-quickstart-draft-master-test (1 scala source)
INFO  time: compiled akkahttp-quickstart-draft-master-test in 0.1s
ERROR 'akkahttp-quickstart-draft-master-test' failed to compile.
INFO  compiling akkahttp-quickstart-draft-master-test (1 scala source)
INFO  time: compiled akkahttp-quickstart-draft-master-test in 0.1s
ERROR 'akkahttp-quickstart-draft-master-test' failed to compile.
INFO  compiling akkahttp-quickstart-draft-master-test (1 scala source)
INFO  time: compiled akkahttp-quickstart-draft-master-test in 0.1s
ERROR 'akkahttp-quickstart-draft-master-test' failed to compile.
INFO  compiling akkahttp-quickstart-draft-master-test (1 scala source)
INFO  time: compiled akkahttp-quickstart-draft-master-test in 0.11s
ERROR 'akkahttp-quickstart-draft-master-test' failed to compile.
INFO  compiling akkahttp-quickstart-draft-master-test (1 scala source)
INFO  time: compiled akkahttp-quickstart-draft-master-test in 0.1s
ERROR 'akkahttp-quickstart-draft-master-test' failed to compile.
INFO  compiling akkahttp-quickstart-draft-master-test (1 scala source)
INFO  time: compiled akkahttp-quickstart-draft-master-test in 0.1s
ERROR 'akkahttp-quickstart-draft-master-test' failed to compile.
INFO  compiling akkahttp-quickstart-draft-master-test (1 scala source)
INFO  time: compiled akkahttp-quickstart-draft-master-test in 0.1s
ERROR 'akkahttp-quickstart-draft-master-test' failed to compile.
INFO  compiling akkahttp-quickstart-draft-master-test (1 scala source)
INFO  time: compiled akkahttp-quickstart-draft-master-test in 0.12s
ERROR 'akkahttp-quickstart-draft-master-test' failed to compile.
INFO  /Users/zizoabdel-aziz/Downloads/akkahttp-quickstart-draft-master/src/test/scala/TodoRouterListSpec.scala:13:9: stale scalac error: not enough arguments for method apply: (uuid: String, enName: String, arName: String, state: String, routingMethod: String, logo: String, coverPhoto: String, enDescription: String, arDescription: String, shortNumber: String, facebookLink: String, twitterLink: String, youtubeLink: String, website: String, onlinePayment: Boolean, client: Boolean, pendingInfo: Boolean, pendingMenu: Boolean, closed: Boolean)Restaurant in object Restaurant.
Unspecified value parameter closed.
> Restaurant("3al Ahwa Cafe",
>         " ",
>         "PUBLISHED",
>         "null",
>         "i3qf6gym1p833di.jpg",
>         "null",
>         "s",
>         "s",
>         "s",
>         "s",
>         "s",
>         "s",
>         "s",
>         false,
>         false,
>         true,
>         true,
>         close=false)
INFO  /Users/zizoabdel-aziz/Downloads/akkahttp-quickstart-draft-master/src/test/scala/TodoRouterListSpec.scala:31:9: stale scalac error: not enough arguments for method apply: (uuid: String, enName: String, arName: String, state: String, routingMethod: String, logo: String, coverPhoto: String, enDescription: String, arDescription: String, shortNumber: String, facebookLink: String, twitterLink: String, youtubeLink: String, website: String, onlinePayment: Boolean, client: Boolean, pendingInfo: Boolean, pendingMenu: Boolean, closed: Boolean)Restaurant in object Restaurant.
Unspecified value parameters routingMethod, logo, coverPhoto...
        Restaurant("id2", "title2", "desc2", done=false)
        ^^^^^^^^^^^^^^^^^^^^^^^^^^^^^^^^^^^^^^^^^^^^^^^^
INFO  /Users/zizoabdel-aziz/Downloads/akkahttp-quickstart-draft-master/src/test/scala/TodoRouterListSpec.scala:46:9: stale scalac error: not enough arguments for method apply: (uuid: String, enName: String, arName: String, state: String, routingMethod: String, logo: String, coverPhoto: String, enDescription: String, arDescription: String, shortNumber: String, facebookLink: String, twitterLink: String, youtubeLink: String, website: String, onlinePayment: Boolean, client: Boolean, pendingInfo: Boolean, pendingMenu: Boolean, closed: Boolean)Restaurant in object Restaurant.
Unspecified value parameters routingMethod, logo, coverPhoto...
        Restaurant("id1", "title1", "desc1", done=true),
        ^^^^^^^^^^^^^^^^^^^^^^^^^^^^^^^^^^^^^^^^^^^^^^^
INFO  /Users/zizoabdel-aziz/Downloads/akkahttp-quickstart-draft-master/src/test/scala/TodoRouterListSpec.scala:47:9: stale scalac error: not enough arguments for method apply: (uuid: String, enName: String, arName: String, state: String, routingMethod: String, logo: String, coverPhoto: String, enDescription: String, arDescription: String, shortNumber: String, facebookLink: String, twitterLink: String, youtubeLink: String, website: String, onlinePayment: Boolean, client: Boolean, pendingInfo: Boolean, pendingMenu: Boolean, closed: Boolean)Restaurant in object Restaurant.
Unspecified value parameters routingMethod, logo, coverPhoto...
        Restaurant("id2", "title2", "desc2", done=false)
        ^^^^^^^^^^^^^^^^^^^^^^^^^^^^^^^^^^^^^^^^^^^^^^^^
INFO  /Users/zizoabdel-aziz/Downloads/akkahttp-quickstart-draft-master/src/test/scala/TodoRouterListSpec.scala:62:9: stale scalac error: not enough arguments for method apply: (uuid: String, enName: String, arName: String, state: String, routingMethod: String, logo: String, coverPhoto: String, enDescription: String, arDescription: String, shortNumber: String, facebookLink: String, twitterLink: String, youtubeLink: String, website: String, onlinePayment: Boolean, client: Boolean, pendingInfo: Boolean, pendingMenu: Boolean, closed: Boolean)Restaurant in object Restaurant.
Unspecified value parameters routingMethod, logo, coverPhoto...
        Restaurant("id1", "title1", "desc1", done=true),
        ^^^^^^^^^^^^^^^^^^^^^^^^^^^^^^^^^^^^^^^^^^^^^^^
INFO  /Users/zizoabdel-aziz/Downloads/akkahttp-quickstart-draft-master/src/test/scala/TodoRouterListSpec.scala:63:9: stale scalac error: not enough arguments for method apply: (uuid: String, enName: String, arName: String, state: String, routingMethod: String, logo: String, coverPhoto: String, enDescription: String, arDescription: String, shortNumber: String, facebookLink: String, twitterLink: String, youtubeLink: String, website: String, onlinePayment: Boolean, client: Boolean, pendingInfo: Boolean, pendingMenu: Boolean, closed: Boolean)Restaurant in object Restaurant.
Unspecified value parameters routingMethod, logo, coverPhoto...
        Restaurant("id2", "title2", "desc2", done=false)
        ^^^^^^^^^^^^^^^^^^^^^^^^^^^^^^^^^^^^^^^^^^^^^^^^
INFO  /Users/zizoabdel-aziz/Downloads/akkahttp-quickstart-draft-master/src/test/scala/TodoRouterListSpec.scala:13:9: stale scalac error: not enough arguments for method apply: (uuid: String, enName: String, arName: String, state: String, routingMethod: String, logo: String, coverPhoto: String, enDescription: String, arDescription: String, shortNumber: String, facebookLink: String, twitterLink: String, youtubeLink: String, website: String, onlinePayment: Boolean, client: Boolean, pendingInfo: Boolean, pendingMenu: Boolean, closed: Boolean)Restaurant in object Restaurant.
Unspecified value parameter closed.
> Restaurant("3al Ahwa Cafe",
>         " ",
>         "PUBLISHED",
>         "null",
>         "i3qf6gym1p833di.jpg",
>         "null",
>         "s",
>         "s",
>         "s",
>         "s",
>         "s",
>         "s",
>         "s",
>         false,
>         false,
>         true,
>         true,
>         close=false)
INFO  /Users/zizoabdel-aziz/Downloads/akkahttp-quickstart-draft-master/src/test/scala/TodoRouterListSpec.scala:31:9: stale scalac error: not enough arguments for method apply: (uuid: String, enName: String, arName: String, state: String, routingMethod: String, logo: String, coverPhoto: String, enDescription: String, arDescription: String, shortNumber: String, facebookLink: String, twitterLink: String, youtubeLink: String, website: String, onlinePayment: Boolean, client: Boolean, pendingInfo: Boolean, pendingMenu: Boolean, closed: Boolean)Restaurant in object Restaurant.
Unspecified value parameters routingMethod, logo, coverPhoto...
        Restaurant("id2", "title2", "desc2", done=false)
        ^^^^^^^^^^^^^^^^^^^^^^^^^^^^^^^^^^^^^^^^^^^^^^^^
INFO  /Users/zizoabdel-aziz/Downloads/akkahttp-quickstart-draft-master/src/test/scala/TodoRouterListSpec.scala:46:9: stale scalac error: not enough arguments for method apply: (uuid: String, enName: String, arName: String, state: String, routingMethod: String, logo: String, coverPhoto: String, enDescription: String, arDescription: String, shortNumber: String, facebookLink: String, twitterLink: String, youtubeLink: String, website: String, onlinePayment: Boolean, client: Boolean, pendingInfo: Boolean, pendingMenu: Boolean, closed: Boolean)Restaurant in object Restaurant.
Unspecified value parameters routingMethod, logo, coverPhoto...
        Restaurant("id1", "title1", "desc1", done=true),
        ^^^^^^^^^^^^^^^^^^^^^^^^^^^^^^^^^^^^^^^^^^^^^^^
INFO  /Users/zizoabdel-aziz/Downloads/akkahttp-quickstart-draft-master/src/test/scala/TodoRouterListSpec.scala:47:9: stale scalac error: not enough arguments for method apply: (uuid: String, enName: String, arName: String, state: String, routingMethod: String, logo: String, coverPhoto: String, enDescription: String, arDescription: String, shortNumber: String, facebookLink: String, twitterLink: String, youtubeLink: String, website: String, onlinePayment: Boolean, client: Boolean, pendingInfo: Boolean, pendingMenu: Boolean, closed: Boolean)Restaurant in object Restaurant.
Unspecified value parameters routingMethod, logo, coverPhoto...
        Restaurant("id2", "title2", "desc2", done=false)
        ^^^^^^^^^^^^^^^^^^^^^^^^^^^^^^^^^^^^^^^^^^^^^^^^
INFO  /Users/zizoabdel-aziz/Downloads/akkahttp-quickstart-draft-master/src/test/scala/TodoRouterListSpec.scala:62:9: stale scalac error: not enough arguments for method apply: (uuid: String, enName: String, arName: String, state: String, routingMethod: String, logo: String, coverPhoto: String, enDescription: String, arDescription: String, shortNumber: String, facebookLink: String, twitterLink: String, youtubeLink: String, website: String, onlinePayment: Boolean, client: Boolean, pendingInfo: Boolean, pendingMenu: Boolean, closed: Boolean)Restaurant in object Restaurant.
Unspecified value parameters routingMethod, logo, coverPhoto...
        Restaurant("id1", "title1", "desc1", done=true),
        ^^^^^^^^^^^^^^^^^^^^^^^^^^^^^^^^^^^^^^^^^^^^^^^
INFO  /Users/zizoabdel-aziz/Downloads/akkahttp-quickstart-draft-master/src/test/scala/TodoRouterListSpec.scala:63:9: stale scalac error: not enough arguments for method apply: (uuid: String, enName: String, arName: String, state: String, routingMethod: String, logo: String, coverPhoto: String, enDescription: String, arDescription: String, shortNumber: String, facebookLink: String, twitterLink: String, youtubeLink: String, website: String, onlinePayment: Boolean, client: Boolean, pendingInfo: Boolean, pendingMenu: Boolean, closed: Boolean)Restaurant in object Restaurant.
Unspecified value parameters routingMethod, logo, coverPhoto...
        Restaurant("id2", "title2", "desc2", done=false)
        ^^^^^^^^^^^^^^^^^^^^^^^^^^^^^^^^^^^^^^^^^^^^^^^^
INFO  /Users/zizoabdel-aziz/Downloads/akkahttp-quickstart-draft-master/src/test/scala/TodoRouterListSpec.scala:13:9: stale scalac error: not enough arguments for method apply: (uuid: String, enName: String, arName: String, state: String, routingMethod: String, logo: String, coverPhoto: String, enDescription: String, arDescription: String, shortNumber: String, facebookLink: String, twitterLink: String, youtubeLink: String, website: String, onlinePayment: Boolean, client: Boolean, pendingInfo: Boolean, pendingMenu: Boolean, closed: Boolean)Restaurant in object Restaurant.
Unspecified value parameter closed.
> Restaurant("3al Ahwa Cafe",
>         " ",
>         "PUBLISHED",
>         "null",
>         "i3qf6gym1p833di.jpg",
>         "null",
>         "s",
>         "s",
>         "s",
>         "s",
>         "s",
>         "s",
>         "s",
>         false,
>         false,
>         true,
>         true,
>         close=false)
INFO  /Users/zizoabdel-aziz/Downloads/akkahttp-quickstart-draft-master/src/test/scala/TodoRouterListSpec.scala:31:9: stale scalac error: not enough arguments for method apply: (uuid: String, enName: String, arName: String, state: String, routingMethod: String, logo: String, coverPhoto: String, enDescription: String, arDescription: String, shortNumber: String, facebookLink: String, twitterLink: String, youtubeLink: String, website: String, onlinePayment: Boolean, client: Boolean, pendingInfo: Boolean, pendingMenu: Boolean, closed: Boolean)Restaurant in object Restaurant.
Unspecified value parameters routingMethod, logo, coverPhoto...
        Restaurant("id2", "title2", "desc2", done=false)
        ^^^^^^^^^^^^^^^^^^^^^^^^^^^^^^^^^^^^^^^^^^^^^^^^
INFO  /Users/zizoabdel-aziz/Downloads/akkahttp-quickstart-draft-master/src/test/scala/TodoRouterListSpec.scala:46:9: stale scalac error: not enough arguments for method apply: (uuid: String, enName: String, arName: String, state: String, routingMethod: String, logo: String, coverPhoto: String, enDescription: String, arDescription: String, shortNumber: String, facebookLink: String, twitterLink: String, youtubeLink: String, website: String, onlinePayment: Boolean, client: Boolean, pendingInfo: Boolean, pendingMenu: Boolean, closed: Boolean)Restaurant in object Restaurant.
Unspecified value parameters routingMethod, logo, coverPhoto...
        Restaurant("id1", "title1", "desc1", done=true),
        ^^^^^^^^^^^^^^^^^^^^^^^^^^^^^^^^^^^^^^^^^^^^^^^
INFO  /Users/zizoabdel-aziz/Downloads/akkahttp-quickstart-draft-master/src/test/scala/TodoRouterListSpec.scala:47:9: stale scalac error: not enough arguments for method apply: (uuid: String, enName: String, arName: String, state: String, routingMethod: String, logo: String, coverPhoto: String, enDescription: String, arDescription: String, shortNumber: String, facebookLink: String, twitterLink: String, youtubeLink: String, website: String, onlinePayment: Boolean, client: Boolean, pendingInfo: Boolean, pendingMenu: Boolean, closed: Boolean)Restaurant in object Restaurant.
Unspecified value parameters routingMethod, logo, coverPhoto...
        Restaurant("id2", "title2", "desc2", done=false)
        ^^^^^^^^^^^^^^^^^^^^^^^^^^^^^^^^^^^^^^^^^^^^^^^^
INFO  /Users/zizoabdel-aziz/Downloads/akkahttp-quickstart-draft-master/src/test/scala/TodoRouterListSpec.scala:62:9: stale scalac error: not enough arguments for method apply: (uuid: String, enName: String, arName: String, state: String, routingMethod: String, logo: String, coverPhoto: String, enDescription: String, arDescription: String, shortNumber: String, facebookLink: String, twitterLink: String, youtubeLink: String, website: String, onlinePayment: Boolean, client: Boolean, pendingInfo: Boolean, pendingMenu: Boolean, closed: Boolean)Restaurant in object Restaurant.
Unspecified value parameters routingMethod, logo, coverPhoto...
        Restaurant("id1", "title1", "desc1", done=true),
        ^^^^^^^^^^^^^^^^^^^^^^^^^^^^^^^^^^^^^^^^^^^^^^^
INFO  /Users/zizoabdel-aziz/Downloads/akkahttp-quickstart-draft-master/src/test/scala/TodoRouterListSpec.scala:63:9: stale scalac error: not enough arguments for method apply: (uuid: String, enName: String, arName: String, state: String, routingMethod: String, logo: String, coverPhoto: String, enDescription: String, arDescription: String, shortNumber: String, facebookLink: String, twitterLink: String, youtubeLink: String, website: String, onlinePayment: Boolean, client: Boolean, pendingInfo: Boolean, pendingMenu: Boolean, closed: Boolean)Restaurant in object Restaurant.
Unspecified value parameters routingMethod, logo, coverPhoto...
        Restaurant("id2", "title2", "desc2", done=false)
        ^^^^^^^^^^^^^^^^^^^^^^^^^^^^^^^^^^^^^^^^^^^^^^^^
INFO  /Users/zizoabdel-aziz/Downloads/akkahttp-quickstart-draft-master/src/test/scala/TodoRouterListSpec.scala:13:9: stale scalac error: not enough arguments for method apply: (uuid: String, enName: String, arName: String, state: String, routingMethod: String, logo: String, coverPhoto: String, enDescription: String, arDescription: String, shortNumber: String, facebookLink: String, twitterLink: String, youtubeLink: String, website: String, onlinePayment: Boolean, client: Boolean, pendingInfo: Boolean, pendingMenu: Boolean, closed: Boolean)Restaurant in object Restaurant.
Unspecified value parameter closed.
> Restaurant("3al Ahwa Cafe",
>         " ",
>         "PUBLISHED",
>         "null",
>         "i3qf6gym1p833di.jpg",
>         "null",
>         "s",
>         "s",
>         "s",
>         "s",
>         "s",
>         "s",
>         "s",
>         false,
>         false,
>         true,
>         true,
>         close=false)
INFO  /Users/zizoabdel-aziz/Downloads/akkahttp-quickstart-draft-master/src/test/scala/TodoRouterListSpec.scala:31:9: stale scalac error: not enough arguments for method apply: (uuid: String, enName: String, arName: String, state: String, routingMethod: String, logo: String, coverPhoto: String, enDescription: String, arDescription: String, shortNumber: String, facebookLink: String, twitterLink: String, youtubeLink: String, website: String, onlinePayment: Boolean, client: Boolean, pendingInfo: Boolean, pendingMenu: Boolean, closed: Boolean)Restaurant in object Restaurant.
Unspecified value parameters routingMethod, logo, coverPhoto...
        Restaurant("id2", "title2", "desc2", done=false)
        ^^^^^^^^^^^^^^^^^^^^^^^^^^^^^^^^^^^^^^^^^^^^^^^^
INFO  /Users/zizoabdel-aziz/Downloads/akkahttp-quickstart-draft-master/src/test/scala/TodoRouterListSpec.scala:46:9: stale scalac error: not enough arguments for method apply: (uuid: String, enName: String, arName: String, state: String, routingMethod: String, logo: String, coverPhoto: String, enDescription: String, arDescription: String, shortNumber: String, facebookLink: String, twitterLink: String, youtubeLink: String, website: String, onlinePayment: Boolean, client: Boolean, pendingInfo: Boolean, pendingMenu: Boolean, closed: Boolean)Restaurant in object Restaurant.
Unspecified value parameters routingMethod, logo, coverPhoto...
        Restaurant("id1", "title1", "desc1", done=true),
        ^^^^^^^^^^^^^^^^^^^^^^^^^^^^^^^^^^^^^^^^^^^^^^^
INFO  /Users/zizoabdel-aziz/Downloads/akkahttp-quickstart-draft-master/src/test/scala/TodoRouterListSpec.scala:47:9: stale scalac error: not enough arguments for method apply: (uuid: String, enName: String, arName: String, state: String, routingMethod: String, logo: String, coverPhoto: String, enDescription: String, arDescription: String, shortNumber: String, facebookLink: String, twitterLink: String, youtubeLink: String, website: String, onlinePayment: Boolean, client: Boolean, pendingInfo: Boolean, pendingMenu: Boolean, closed: Boolean)Restaurant in object Restaurant.
Unspecified value parameters routingMethod, logo, coverPhoto...
        Restaurant("id2", "title2", "desc2", done=false)
        ^^^^^^^^^^^^^^^^^^^^^^^^^^^^^^^^^^^^^^^^^^^^^^^^
INFO  /Users/zizoabdel-aziz/Downloads/akkahttp-quickstart-draft-master/src/test/scala/TodoRouterListSpec.scala:62:9: stale scalac error: not enough arguments for method apply: (uuid: String, enName: String, arName: String, state: String, routingMethod: String, logo: String, coverPhoto: String, enDescription: String, arDescription: String, shortNumber: String, facebookLink: String, twitterLink: String, youtubeLink: String, website: String, onlinePayment: Boolean, client: Boolean, pendingInfo: Boolean, pendingMenu: Boolean, closed: Boolean)Restaurant in object Restaurant.
Unspecified value parameters routingMethod, logo, coverPhoto...
        Restaurant("id1", "title1", "desc1", done=true),
        ^^^^^^^^^^^^^^^^^^^^^^^^^^^^^^^^^^^^^^^^^^^^^^^
INFO  /Users/zizoabdel-aziz/Downloads/akkahttp-quickstart-draft-master/src/test/scala/TodoRouterListSpec.scala:63:9: stale scalac error: not enough arguments for method apply: (uuid: String, enName: String, arName: String, state: String, routingMethod: String, logo: String, coverPhoto: String, enDescription: String, arDescription: String, shortNumber: String, facebookLink: String, twitterLink: String, youtubeLink: String, website: String, onlinePayment: Boolean, client: Boolean, pendingInfo: Boolean, pendingMenu: Boolean, closed: Boolean)Restaurant in object Restaurant.
Unspecified value parameters routingMethod, logo, coverPhoto...
        Restaurant("id2", "title2", "desc2", done=false)
        ^^^^^^^^^^^^^^^^^^^^^^^^^^^^^^^^^^^^^^^^^^^^^^^^
INFO  compiling akkahttp-quickstart-draft-master-test (1 scala source)
INFO  time: compiled akkahttp-quickstart-draft-master-test in 0.1s
ERROR 'akkahttp-quickstart-draft-master-test' failed to compile.
INFO  compiling akkahttp-quickstart-draft-master-test (1 scala source)
INFO  time: compiled akkahttp-quickstart-draft-master-test in 0.1s
ERROR 'akkahttp-quickstart-draft-master-test' failed to compile.
ERROR code navigation does not work for the file '/Users/zizoabdel-aziz/Downloads/akkahttp-quickstart-draft-master/src/test/scala/TodoRouterListSpec.scala' because the SemanticDB file '/Users/zizoabdel-aziz/Downloads/akkahttp-quickstart-draft-master/.bloop/akkahttp-quickstart-draft-master/scala-2.12/test-classes/META-INF/semanticdb/src/test/scala/TodoRouterListSpec.scala.semanticdb' doesn't exist. There can be many reasons for this error. 
INFO  compiling akkahttp-quickstart-draft-master-test (1 scala source)
INFO  time: compiled akkahttp-quickstart-draft-master-test in 99ms
ERROR 'akkahttp-quickstart-draft-master-test' failed to compile.
INFO  compiling akkahttp-quickstart-draft-master-test (1 scala source)
INFO  time: compiled akkahttp-quickstart-draft-master-test in 17ms
ERROR 'akkahttp-quickstart-draft-master-test' failed to compile.
INFO  compiling akkahttp-quickstart-draft-master-test (1 scala source)
INFO  time: compiled akkahttp-quickstart-draft-master-test in 17ms
ERROR 'akkahttp-quickstart-draft-master-test' failed to compile.
INFO  compiling akkahttp-quickstart-draft-master-test (1 scala source)
INFO  time: compiled akkahttp-quickstart-draft-master-test in 0.1s
ERROR 'akkahttp-quickstart-draft-master-test' failed to compile.
INFO  compiling akkahttp-quickstart-draft-master-test (1 scala source)
INFO  time: compiled akkahttp-quickstart-draft-master-test in 0.11s
ERROR 'akkahttp-quickstart-draft-master-test' failed to compile.
INFO  compiling akkahttp-quickstart-draft-master-test (1 scala source)
INFO  time: compiled akkahttp-quickstart-draft-master-test in 0.1s
ERROR 'akkahttp-quickstart-draft-master-test' failed to compile.
INFO  compiling akkahttp-quickstart-draft-master-test (1 scala source)
INFO  time: compiled akkahttp-quickstart-draft-master-test in 0.1s
ERROR 'akkahttp-quickstart-draft-master-test' failed to compile.
INFO  compiling akkahttp-quickstart-draft-master-test (1 scala source)
INFO  time: compiled akkahttp-quickstart-draft-master-test in 0.11s
ERROR 'akkahttp-quickstart-draft-master-test' failed to compile.
INFO  compiling akkahttp-quickstart-draft-master-test (1 scala source)
INFO  time: compiled akkahttp-quickstart-draft-master-test in 18ms
ERROR 'akkahttp-quickstart-draft-master-test' failed to compile.
ERROR scalafmt: /Users/zizoabdel-aziz/Downloads/akkahttp-quickstart-draft-master/src/test/scala/TodoRouterListSpec.scala:59: error: ; expected but ) found
      )
      ^
INFO  compiling akkahttp-quickstart-draft-master-test (1 scala source)
INFO  time: compiled akkahttp-quickstart-draft-master-test in 0.39s
ERROR 'akkahttp-quickstart-draft-master-test' failed to compile.
INFO  compiling akkahttp-quickstart-draft-master-test (1 scala source)
INFO  time: compiled akkahttp-quickstart-draft-master-test in 0.36s
ERROR 'akkahttp-quickstart-draft-master-test' failed to compile.
INFO  compiling akkahttp-quickstart-draft-master-test (1 scala source)
INFO  time: compiled akkahttp-quickstart-draft-master-test in 0.41s
ERROR 'akkahttp-quickstart-draft-master-test' failed to compile.
INFO  compiling akkahttp-quickstart-draft-master-test (1 scala source)
INFO  time: compiled akkahttp-quickstart-draft-master-test in 0.38s
ERROR 'akkahttp-quickstart-draft-master-test' failed to compile.
INFO  compiling akkahttp-quickstart-draft-master-test (1 scala source)
INFO  time: compiled akkahttp-quickstart-draft-master-test in 0.38s
ERROR 'akkahttp-quickstart-draft-master-test' failed to compile.
INFO  /Users/zizoabdel-aziz/Downloads/akkahttp-quickstart-draft-master/src/test/scala/TodoRouterListSpec.scala:73:9: stale scalac error: not enough arguments for method apply: (uuid: String, enName: String, arName: String, state: String, routingMethod: String, logo: String, coverPhoto: String, enDescription: String, arDescription: String, shortNumber: String, facebookLink: String, twitterLink: String, youtubeLink: String, website: String, onlinePayment: Boolean, client: Boolean, pendingInfo: Boolean, pendingMenu: Boolean, closed: Boolean)Restaurant in object Restaurant.
Unspecified value parameters routingMethod, logo, coverPhoto...
        Restaurant("id1", "title1", "desc1", done = true),
        ^^^^^^^^^^^^^^^^^^^^^^^^^^^^^^^^^^^^^^^^^^^^^^^^^
INFO  /Users/zizoabdel-aziz/Downloads/akkahttp-quickstart-draft-master/src/test/scala/TodoRouterListSpec.scala:74:9: stale scalac error: not enough arguments for method apply: (uuid: String, enName: String, arName: String, state: String, routingMethod: String, logo: String, coverPhoto: String, enDescription: String, arDescription: String, shortNumber: String, facebookLink: String, twitterLink: String, youtubeLink: String, website: String, onlinePayment: Boolean, client: Boolean, pendingInfo: Boolean, pendingMenu: Boolean, closed: Boolean)Restaurant in object Restaurant.
Unspecified value parameters routingMethod, logo, coverPhoto...
        Restaurant("id2", "title2", "desc2", done = false)
        ^^^^^^^^^^^^^^^^^^^^^^^^^^^^^^^^^^^^^^^^^^^^^^^^^^
INFO  /Users/zizoabdel-aziz/Downloads/akkahttp-quickstart-draft-master/src/test/scala/TodoRouterListSpec.scala:89:9: stale scalac error: not enough arguments for method apply: (uuid: String, enName: String, arName: String, state: String, routingMethod: String, logo: String, coverPhoto: String, enDescription: String, arDescription: String, shortNumber: String, facebookLink: String, twitterLink: String, youtubeLink: String, website: String, onlinePayment: Boolean, client: Boolean, pendingInfo: Boolean, pendingMenu: Boolean, closed: Boolean)Restaurant in object Restaurant.
Unspecified value parameters routingMethod, logo, coverPhoto...
        Restaurant("id1", "title1", "desc1", done = true),
        ^^^^^^^^^^^^^^^^^^^^^^^^^^^^^^^^^^^^^^^^^^^^^^^^^
INFO  /Users/zizoabdel-aziz/Downloads/akkahttp-quickstart-draft-master/src/test/scala/TodoRouterListSpec.scala:90:9: stale scalac error: not enough arguments for method apply: (uuid: String, enName: String, arName: String, state: String, routingMethod: String, logo: String, coverPhoto: String, enDescription: String, arDescription: String, shortNumber: String, facebookLink: String, twitterLink: String, youtubeLink: String, website: String, onlinePayment: Boolean, client: Boolean, pendingInfo: Boolean, pendingMenu: Boolean, closed: Boolean)Restaurant in object Restaurant.
Unspecified value parameters routingMethod, logo, coverPhoto...
        Restaurant("id2", "title2", "desc2", done = false)
        ^^^^^^^^^^^^^^^^^^^^^^^^^^^^^^^^^^^^^^^^^^^^^^^^^^
INFO  /Users/zizoabdel-aziz/Downloads/akkahttp-quickstart-draft-master/src/test/scala/TodoRouterListSpec.scala:73:9: stale scalac error: not enough arguments for method apply: (uuid: String, enName: String, arName: String, state: String, routingMethod: String, logo: String, coverPhoto: String, enDescription: String, arDescription: String, shortNumber: String, facebookLink: String, twitterLink: String, youtubeLink: String, website: String, onlinePayment: Boolean, client: Boolean, pendingInfo: Boolean, pendingMenu: Boolean, closed: Boolean)Restaurant in object Restaurant.
Unspecified value parameters routingMethod, logo, coverPhoto...
        Restaurant("id1", "title1", "desc1", done = true),
        ^^^^^^^^^^^^^^^^^^^^^^^^^^^^^^^^^^^^^^^^^^^^^^^^^
INFO  /Users/zizoabdel-aziz/Downloads/akkahttp-quickstart-draft-master/src/test/scala/TodoRouterListSpec.scala:74:9: stale scalac error: not enough arguments for method apply: (uuid: String, enName: String, arName: String, state: String, routingMethod: String, logo: String, coverPhoto: String, enDescription: String, arDescription: String, shortNumber: String, facebookLink: String, twitterLink: String, youtubeLink: String, website: String, onlinePayment: Boolean, client: Boolean, pendingInfo: Boolean, pendingMenu: Boolean, closed: Boolean)Restaurant in object Restaurant.
Unspecified value parameters routingMethod, logo, coverPhoto...
        Restaurant("id2", "title2", "desc2", done = false)
        ^^^^^^^^^^^^^^^^^^^^^^^^^^^^^^^^^^^^^^^^^^^^^^^^^^
INFO  /Users/zizoabdel-aziz/Downloads/akkahttp-quickstart-draft-master/src/test/scala/TodoRouterListSpec.scala:89:9: stale scalac error: not enough arguments for method apply: (uuid: String, enName: String, arName: String, state: String, routingMethod: String, logo: String, coverPhoto: String, enDescription: String, arDescription: String, shortNumber: String, facebookLink: String, twitterLink: String, youtubeLink: String, website: String, onlinePayment: Boolean, client: Boolean, pendingInfo: Boolean, pendingMenu: Boolean, closed: Boolean)Restaurant in object Restaurant.
Unspecified value parameters routingMethod, logo, coverPhoto...
        Restaurant("id1", "title1", "desc1", done = true),
        ^^^^^^^^^^^^^^^^^^^^^^^^^^^^^^^^^^^^^^^^^^^^^^^^^
INFO  /Users/zizoabdel-aziz/Downloads/akkahttp-quickstart-draft-master/src/test/scala/TodoRouterListSpec.scala:90:9: stale scalac error: not enough arguments for method apply: (uuid: String, enName: String, arName: String, state: String, routingMethod: String, logo: String, coverPhoto: String, enDescription: String, arDescription: String, shortNumber: String, facebookLink: String, twitterLink: String, youtubeLink: String, website: String, onlinePayment: Boolean, client: Boolean, pendingInfo: Boolean, pendingMenu: Boolean, closed: Boolean)Restaurant in object Restaurant.
Unspecified value parameters routingMethod, logo, coverPhoto...
        Restaurant("id2", "title2", "desc2", done = false)
        ^^^^^^^^^^^^^^^^^^^^^^^^^^^^^^^^^^^^^^^^^^^^^^^^^^
INFO  /Users/zizoabdel-aziz/Downloads/akkahttp-quickstart-draft-master/src/test/scala/TodoRouterListSpec.scala:73:9: stale scalac error: not enough arguments for method apply: (uuid: String, enName: String, arName: String, state: String, routingMethod: String, logo: String, coverPhoto: String, enDescription: String, arDescription: String, shortNumber: String, facebookLink: String, twitterLink: String, youtubeLink: String, website: String, onlinePayment: Boolean, client: Boolean, pendingInfo: Boolean, pendingMenu: Boolean, closed: Boolean)Restaurant in object Restaurant.
Unspecified value parameters routingMethod, logo, coverPhoto...
        Restaurant("id1", "title1", "desc1", done = true),
        ^^^^^^^^^^^^^^^^^^^^^^^^^^^^^^^^^^^^^^^^^^^^^^^^^
INFO  /Users/zizoabdel-aziz/Downloads/akkahttp-quickstart-draft-master/src/test/scala/TodoRouterListSpec.scala:74:9: stale scalac error: not enough arguments for method apply: (uuid: String, enName: String, arName: String, state: String, routingMethod: String, logo: String, coverPhoto: String, enDescription: String, arDescription: String, shortNumber: String, facebookLink: String, twitterLink: String, youtubeLink: String, website: String, onlinePayment: Boolean, client: Boolean, pendingInfo: Boolean, pendingMenu: Boolean, closed: Boolean)Restaurant in object Restaurant.
Unspecified value parameters routingMethod, logo, coverPhoto...
        Restaurant("id2", "title2", "desc2", done = false)
        ^^^^^^^^^^^^^^^^^^^^^^^^^^^^^^^^^^^^^^^^^^^^^^^^^^
INFO  /Users/zizoabdel-aziz/Downloads/akkahttp-quickstart-draft-master/src/test/scala/TodoRouterListSpec.scala:89:9: stale scalac error: not enough arguments for method apply: (uuid: String, enName: String, arName: String, state: String, routingMethod: String, logo: String, coverPhoto: String, enDescription: String, arDescription: String, shortNumber: String, facebookLink: String, twitterLink: String, youtubeLink: String, website: String, onlinePayment: Boolean, client: Boolean, pendingInfo: Boolean, pendingMenu: Boolean, closed: Boolean)Restaurant in object Restaurant.
Unspecified value parameters routingMethod, logo, coverPhoto...
        Restaurant("id1", "title1", "desc1", done = true),
        ^^^^^^^^^^^^^^^^^^^^^^^^^^^^^^^^^^^^^^^^^^^^^^^^^
INFO  /Users/zizoabdel-aziz/Downloads/akkahttp-quickstart-draft-master/src/test/scala/TodoRouterListSpec.scala:90:9: stale scalac error: not enough arguments for method apply: (uuid: String, enName: String, arName: String, state: String, routingMethod: String, logo: String, coverPhoto: String, enDescription: String, arDescription: String, shortNumber: String, facebookLink: String, twitterLink: String, youtubeLink: String, website: String, onlinePayment: Boolean, client: Boolean, pendingInfo: Boolean, pendingMenu: Boolean, closed: Boolean)Restaurant in object Restaurant.
Unspecified value parameters routingMethod, logo, coverPhoto...
        Restaurant("id2", "title2", "desc2", done = false)
        ^^^^^^^^^^^^^^^^^^^^^^^^^^^^^^^^^^^^^^^^^^^^^^^^^^
INFO  compiling akkahttp-quickstart-draft-master-test (1 scala source)
INFO  /Users/zizoabdel-aziz/Downloads/akkahttp-quickstart-draft-master/src/test/scala/TodoRouterListSpec.scala:39:11: stale scalac error: unclosed string literal
          "Abdo Kofta
          ^
INFO  /Users/zizoabdel-aziz/Downloads/akkahttp-quickstart-draft-master/src/test/scala/TodoRouterListSpec.scala:39:11: stale scalac error: unclosed string literal
          "Abdo Kofta
          ^
INFO  /Users/zizoabdel-aziz/Downloads/akkahttp-quickstart-draft-master/src/test/scala/TodoRouterListSpec.scala:42:11: stale scalac error: unclosed string literal
          "Abdo Kofta
          ^
INFO  /Users/zizoabdel-aziz/Downloads/akkahttp-quickstart-draft-master/src/test/scala/TodoRouterListSpec.scala:44:11: stale scalac error: unclosed string literal
PUBLISHED",
          ^
INFO  /Users/zizoabdel-aziz/Downloads/akkahttp-quickstart-draft-master/src/test/scala/TodoRouterListSpec.scala:73:5: stale scalac error: ')' expected but '}' found.
    }
    ^
INFO  time: compiled akkahttp-quickstart-draft-master-test in 22ms
ERROR 'akkahttp-quickstart-draft-master-test' failed to compile.
INFO  /Users/zizoabdel-aziz/Downloads/akkahttp-quickstart-draft-master/src/test/scala/TodoRouterListSpec.scala:39:11: stale scalac error: unclosed string literal
          "Abdo Kofta
          ^
INFO  /Users/zizoabdel-aziz/Downloads/akkahttp-quickstart-draft-master/src/test/scala/TodoRouterListSpec.scala:42:11: stale scalac error: unclosed string literal
          "Abdo Kofta
          ^
INFO  /Users/zizoabdel-aziz/Downloads/akkahttp-quickstart-draft-master/src/test/scala/TodoRouterListSpec.scala:44:11: stale scalac error: unclosed string literal
PUBLISHED",
          ^
INFO  /Users/zizoabdel-aziz/Downloads/akkahttp-quickstart-draft-master/src/test/scala/TodoRouterListSpec.scala:73:5: stale scalac error: ')' expected but '}' found.
    }
    ^
INFO  /Users/zizoabdel-aziz/Downloads/akkahttp-quickstart-draft-master/src/test/scala/TodoRouterListSpec.scala:39:11: stale scalac error: unclosed string literal
          "Abdo Kofta
          ^
INFO  /Users/zizoabdel-aziz/Downloads/akkahttp-quickstart-draft-master/src/test/scala/TodoRouterListSpec.scala:42:11: stale scalac error: unclosed string literal
          "Abdo Kofta
          ^
INFO  /Users/zizoabdel-aziz/Downloads/akkahttp-quickstart-draft-master/src/test/scala/TodoRouterListSpec.scala:44:11: stale scalac error: unclosed string literal
PUBLISHED",
          ^
INFO  /Users/zizoabdel-aziz/Downloads/akkahttp-quickstart-draft-master/src/test/scala/TodoRouterListSpec.scala:73:5: stale scalac error: ')' expected but '}' found.
    }
    ^
ERROR code navigation does not work for the file '/Users/zizoabdel-aziz/Downloads/akkahttp-quickstart-draft-master/src/test/scala/TodoRouterListSpec.scala' because the SemanticDB file '/Users/zizoabdel-aziz/Downloads/akkahttp-quickstart-draft-master/.bloop/akkahttp-quickstart-draft-master/scala-2.12/test-classes/META-INF/semanticdb/src/test/scala/TodoRouterListSpec.scala.semanticdb' doesn't exist. There can be many reasons for this error. 
ERROR code navigation does not work for the file '/Users/zizoabdel-aziz/Downloads/akkahttp-quickstart-draft-master/src/test/scala/TodoRouterListSpec.scala' because the SemanticDB file '/Users/zizoabdel-aziz/Downloads/akkahttp-quickstart-draft-master/.bloop/akkahttp-quickstart-draft-master/scala-2.12/test-classes/META-INF/semanticdb/src/test/scala/TodoRouterListSpec.scala.semanticdb' doesn't exist. There can be many reasons for this error. 
INFO  compiling akkahttp-quickstart-draft-master-test (1 scala source)
INFO  time: compiled akkahttp-quickstart-draft-master-test in 0.38s
ERROR 'akkahttp-quickstart-draft-master-test' failed to compile.
INFO  /Users/zizoabdel-aziz/Downloads/akkahttp-quickstart-draft-master/src/test/scala/TodoRouterListSpec.scala:73:9: stale scalac error: not enough arguments for method apply: (uuid: String, enName: String, arName: String, state: String, routingMethod: String, logo: String, coverPhoto: String, enDescription: String, arDescription: String, shortNumber: String, facebookLink: String, twitterLink: String, youtubeLink: String, website: String, onlinePayment: Boolean, client: Boolean, pendingInfo: Boolean, pendingMenu: Boolean, closed: Boolean)Restaurant in object Restaurant.
Unspecified value parameters routingMethod, logo, coverPhoto...
        Restaurant("id1", "title1", "desc1", done = true),
        ^^^^^^^^^^^^^^^^^^^^^^^^^^^^^^^^^^^^^^^^^^^^^^^^^
INFO  /Users/zizoabdel-aziz/Downloads/akkahttp-quickstart-draft-master/src/test/scala/TodoRouterListSpec.scala:74:9: stale scalac error: not enough arguments for method apply: (uuid: String, enName: String, arName: String, state: String, routingMethod: String, logo: String, coverPhoto: String, enDescription: String, arDescription: String, shortNumber: String, facebookLink: String, twitterLink: String, youtubeLink: String, website: String, onlinePayment: Boolean, client: Boolean, pendingInfo: Boolean, pendingMenu: Boolean, closed: Boolean)Restaurant in object Restaurant.
Unspecified value parameters routingMethod, logo, coverPhoto...
        Restaurant("id2", "title2", "desc2", done = false)
        ^^^^^^^^^^^^^^^^^^^^^^^^^^^^^^^^^^^^^^^^^^^^^^^^^^
INFO  /Users/zizoabdel-aziz/Downloads/akkahttp-quickstart-draft-master/src/test/scala/TodoRouterListSpec.scala:89:9: stale scalac error: not enough arguments for method apply: (uuid: String, enName: String, arName: String, state: String, routingMethod: String, logo: String, coverPhoto: String, enDescription: String, arDescription: String, shortNumber: String, facebookLink: String, twitterLink: String, youtubeLink: String, website: String, onlinePayment: Boolean, client: Boolean, pendingInfo: Boolean, pendingMenu: Boolean, closed: Boolean)Restaurant in object Restaurant.
Unspecified value parameters routingMethod, logo, coverPhoto...
        Restaurant("id1", "title1", "desc1", done = true),
        ^^^^^^^^^^^^^^^^^^^^^^^^^^^^^^^^^^^^^^^^^^^^^^^^^
INFO  /Users/zizoabdel-aziz/Downloads/akkahttp-quickstart-draft-master/src/test/scala/TodoRouterListSpec.scala:90:9: stale scalac error: not enough arguments for method apply: (uuid: String, enName: String, arName: String, state: String, routingMethod: String, logo: String, coverPhoto: String, enDescription: String, arDescription: String, shortNumber: String, facebookLink: String, twitterLink: String, youtubeLink: String, website: String, onlinePayment: Boolean, client: Boolean, pendingInfo: Boolean, pendingMenu: Boolean, closed: Boolean)Restaurant in object Restaurant.
Unspecified value parameters routingMethod, logo, coverPhoto...
        Restaurant("id2", "title2", "desc2", done = false)
        ^^^^^^^^^^^^^^^^^^^^^^^^^^^^^^^^^^^^^^^^^^^^^^^^^^
INFO  /Users/zizoabdel-aziz/Downloads/akkahttp-quickstart-draft-master/src/test/scala/TodoRouterListSpec.scala:73:9: stale scalac error: not enough arguments for method apply: (uuid: String, enName: String, arName: String, state: String, routingMethod: String, logo: String, coverPhoto: String, enDescription: String, arDescription: String, shortNumber: String, facebookLink: String, twitterLink: String, youtubeLink: String, website: String, onlinePayment: Boolean, client: Boolean, pendingInfo: Boolean, pendingMenu: Boolean, closed: Boolean)Restaurant in object Restaurant.
Unspecified value parameters routingMethod, logo, coverPhoto...
        Restaurant("id1", "title1", "desc1", done = true),
        ^^^^^^^^^^^^^^^^^^^^^^^^^^^^^^^^^^^^^^^^^^^^^^^^^
INFO  /Users/zizoabdel-aziz/Downloads/akkahttp-quickstart-draft-master/src/test/scala/TodoRouterListSpec.scala:74:9: stale scalac error: not enough arguments for method apply: (uuid: String, enName: String, arName: String, state: String, routingMethod: String, logo: String, coverPhoto: String, enDescription: String, arDescription: String, shortNumber: String, facebookLink: String, twitterLink: String, youtubeLink: String, website: String, onlinePayment: Boolean, client: Boolean, pendingInfo: Boolean, pendingMenu: Boolean, closed: Boolean)Restaurant in object Restaurant.
Unspecified value parameters routingMethod, logo, coverPhoto...
        Restaurant("id2", "title2", "desc2", done = false)
        ^^^^^^^^^^^^^^^^^^^^^^^^^^^^^^^^^^^^^^^^^^^^^^^^^^
INFO  /Users/zizoabdel-aziz/Downloads/akkahttp-quickstart-draft-master/src/test/scala/TodoRouterListSpec.scala:89:9: stale scalac error: not enough arguments for method apply: (uuid: String, enName: String, arName: String, state: String, routingMethod: String, logo: String, coverPhoto: String, enDescription: String, arDescription: String, shortNumber: String, facebookLink: String, twitterLink: String, youtubeLink: String, website: String, onlinePayment: Boolean, client: Boolean, pendingInfo: Boolean, pendingMenu: Boolean, closed: Boolean)Restaurant in object Restaurant.
Unspecified value parameters routingMethod, logo, coverPhoto...
        Restaurant("id1", "title1", "desc1", done = true),
        ^^^^^^^^^^^^^^^^^^^^^^^^^^^^^^^^^^^^^^^^^^^^^^^^^
INFO  /Users/zizoabdel-aziz/Downloads/akkahttp-quickstart-draft-master/src/test/scala/TodoRouterListSpec.scala:90:9: stale scalac error: not enough arguments for method apply: (uuid: String, enName: String, arName: String, state: String, routingMethod: String, logo: String, coverPhoto: String, enDescription: String, arDescription: String, shortNumber: String, facebookLink: String, twitterLink: String, youtubeLink: String, website: String, onlinePayment: Boolean, client: Boolean, pendingInfo: Boolean, pendingMenu: Boolean, closed: Boolean)Restaurant in object Restaurant.
Unspecified value parameters routingMethod, logo, coverPhoto...
        Restaurant("id2", "title2", "desc2", done = false)
        ^^^^^^^^^^^^^^^^^^^^^^^^^^^^^^^^^^^^^^^^^^^^^^^^^^
ERROR code navigation does not work for the file '/Users/zizoabdel-aziz/Downloads/akkahttp-quickstart-draft-master/src/test/scala/TodoRouterListSpec.scala' because the SemanticDB file '/Users/zizoabdel-aziz/Downloads/akkahttp-quickstart-draft-master/.bloop/akkahttp-quickstart-draft-master/scala-2.12/test-classes/META-INF/semanticdb/src/test/scala/TodoRouterListSpec.scala.semanticdb' doesn't exist. There can be many reasons for this error. 
INFO  /Users/zizoabdel-aziz/Downloads/akkahttp-quickstart-draft-master/src/test/scala/TodoRouterListSpec.scala:73:9: stale scalac error: not enough arguments for method apply: (uuid: String, enName: String, arName: String, state: String, routingMethod: String, logo: String, coverPhoto: String, enDescription: String, arDescription: String, shortNumber: String, facebookLink: String, twitterLink: String, youtubeLink: String, website: String, onlinePayment: Boolean, client: Boolean, pendingInfo: Boolean, pendingMenu: Boolean, closed: Boolean)Restaurant in object Restaurant.
Unspecified value parameters routingMethod, logo, coverPhoto...
        Restaurant("id1", "title1", "desc1", done = true),
        ^^^^^^^^^^^^^^^^^^^^^^^^^^^^^^^^^^^^^^^^^^^^^^^^^
INFO  /Users/zizoabdel-aziz/Downloads/akkahttp-quickstart-draft-master/src/test/scala/TodoRouterListSpec.scala:74:9: stale scalac error: not enough arguments for method apply: (uuid: String, enName: String, arName: String, state: String, routingMethod: String, logo: String, coverPhoto: String, enDescription: String, arDescription: String, shortNumber: String, facebookLink: String, twitterLink: String, youtubeLink: String, website: String, onlinePayment: Boolean, client: Boolean, pendingInfo: Boolean, pendingMenu: Boolean, closed: Boolean)Restaurant in object Restaurant.
Unspecified value parameters routingMethod, logo, coverPhoto...
        Restaurant("id2", "title2", "desc2", done = false)
        ^^^^^^^^^^^^^^^^^^^^^^^^^^^^^^^^^^^^^^^^^^^^^^^^^^
INFO  /Users/zizoabdel-aziz/Downloads/akkahttp-quickstart-draft-master/src/test/scala/TodoRouterListSpec.scala:89:9: stale scalac error: not enough arguments for method apply: (uuid: String, enName: String, arName: String, state: String, routingMethod: String, logo: String, coverPhoto: String, enDescription: String, arDescription: String, shortNumber: String, facebookLink: String, twitterLink: String, youtubeLink: String, website: String, onlinePayment: Boolean, client: Boolean, pendingInfo: Boolean, pendingMenu: Boolean, closed: Boolean)Restaurant in object Restaurant.
Unspecified value parameters routingMethod, logo, coverPhoto...
        Restaurant("id1", "title1", "desc1", done = true),
        ^^^^^^^^^^^^^^^^^^^^^^^^^^^^^^^^^^^^^^^^^^^^^^^^^
INFO  /Users/zizoabdel-aziz/Downloads/akkahttp-quickstart-draft-master/src/test/scala/TodoRouterListSpec.scala:90:9: stale scalac error: not enough arguments for method apply: (uuid: String, enName: String, arName: String, state: String, routingMethod: String, logo: String, coverPhoto: String, enDescription: String, arDescription: String, shortNumber: String, facebookLink: String, twitterLink: String, youtubeLink: String, website: String, onlinePayment: Boolean, client: Boolean, pendingInfo: Boolean, pendingMenu: Boolean, closed: Boolean)Restaurant in object Restaurant.
Unspecified value parameters routingMethod, logo, coverPhoto...
        Restaurant("id2", "title2", "desc2", done = false)
        ^^^^^^^^^^^^^^^^^^^^^^^^^^^^^^^^^^^^^^^^^^^^^^^^^^
INFO  compiling akkahttp-quickstart-draft-master-test (1 scala source)
INFO  /Users/zizoabdel-aziz/Downloads/akkahttp-quickstart-draft-master/src/test/scala/TodoRouterListSpec.scala:39:11: stale scalac error: unclosed string literal
          "Abdo Kofta,
          ^
INFO  /Users/zizoabdel-aziz/Downloads/akkahttp-quickstart-draft-master/src/test/scala/TodoRouterListSpec.scala:39:11: stale scalac error: unclosed string literal
          "Abdo Kofta,
          ^
INFO  /Users/zizoabdel-aziz/Downloads/akkahttp-quickstart-draft-master/src/test/scala/TodoRouterListSpec.scala:69:5: stale scalac error: ')' expected but '}' found.
    }
    ^
INFO  time: compiled akkahttp-quickstart-draft-master-test in 16ms
ERROR 'akkahttp-quickstart-draft-master-test' failed to compile.
INFO  /Users/zizoabdel-aziz/Downloads/akkahttp-quickstart-draft-master/src/test/scala/TodoRouterListSpec.scala:39:11: stale scalac error: unclosed string literal
          "Abdo Kofta,
          ^
INFO  /Users/zizoabdel-aziz/Downloads/akkahttp-quickstart-draft-master/src/test/scala/TodoRouterListSpec.scala:69:5: stale scalac error: ')' expected but '}' found.
    }
    ^
INFO  /Users/zizoabdel-aziz/Downloads/akkahttp-quickstart-draft-master/src/test/scala/TodoRouterListSpec.scala:39:11: stale scalac error: unclosed string literal
          "Abdo Kofta,
          ^
INFO  /Users/zizoabdel-aziz/Downloads/akkahttp-quickstart-draft-master/src/test/scala/TodoRouterListSpec.scala:69:5: stale scalac error: ')' expected but '}' found.
    }
    ^
INFO  compiling akkahttp-quickstart-draft-master-test (1 scala source)
INFO  time: compiled akkahttp-quickstart-draft-master-test in 0.38s
ERROR 'akkahttp-quickstart-draft-master-test' failed to compile.
INFO  compiling akkahttp-quickstart-draft-master-test (1 scala source)
INFO  time: compiled akkahttp-quickstart-draft-master-test in 0.38s
ERROR 'akkahttp-quickstart-draft-master-test' failed to compile.
INFO  compiling akkahttp-quickstart-draft-master-test (1 scala source)
INFO  time: compiled akkahttp-quickstart-draft-master-test in 0.41s
ERROR 'akkahttp-quickstart-draft-master-test' failed to compile.
INFO  compiling akkahttp-quickstart-draft-master-test (1 scala source)
INFO  time: compiled akkahttp-quickstart-draft-master-test in 0.35s
ERROR 'akkahttp-quickstart-draft-master-test' failed to compile.
INFO  compiling akkahttp-quickstart-draft-master-test (1 scala source)
INFO  time: compiled akkahttp-quickstart-draft-master-test in 0.35s
ERROR 'akkahttp-quickstart-draft-master-test' failed to compile.
INFO  compiling akkahttp-quickstart-draft-master-test (1 scala source)
INFO  time: compiled akkahttp-quickstart-draft-master-test in 0.37s
ERROR 'akkahttp-quickstart-draft-master-test' failed to compile.
INFO  compiling akkahttp-quickstart-draft-master-test (1 scala source)
INFO  time: compiled akkahttp-quickstart-draft-master-test in 0.37s
ERROR 'akkahttp-quickstart-draft-master-test' failed to compile.
INFO  compiling akkahttp-quickstart-draft-master-test (1 scala source)
INFO  time: compiled akkahttp-quickstart-draft-master-test in 0.37s
ERROR 'akkahttp-quickstart-draft-master-test' failed to compile.
INFO  compiling akkahttp-quickstart-draft-master-test (1 scala source)
INFO  time: compiled akkahttp-quickstart-draft-master-test in 0.35s
ERROR 'akkahttp-quickstart-draft-master-test' failed to compile.
INFO  compiling akkahttp-quickstart-draft-master-test (1 scala source)
INFO  time: compiled akkahttp-quickstart-draft-master-test in 0.37s
ERROR 'akkahttp-quickstart-draft-master-test' failed to compile.
INFO  compiling akkahttp-quickstart-draft-master-test (1 scala source)
INFO  time: compiled akkahttp-quickstart-draft-master-test in 0.36s
ERROR 'akkahttp-quickstart-draft-master-test' failed to compile.
INFO  compiling akkahttp-quickstart-draft-master-test (1 scala source)
INFO  time: compiled akkahttp-quickstart-draft-master-test in 0.41s
ERROR 'akkahttp-quickstart-draft-master-test' failed to compile.
INFO  compiling akkahttp-quickstart-draft-master-test (1 scala source)
INFO  time: compiled akkahttp-quickstart-draft-master-test in 0.65s
ERROR 'akkahttp-quickstart-draft-master-test' failed to compile.
INFO  compiling akkahttp-quickstart-draft-master-test (1 scala source)
INFO  time: compiled akkahttp-quickstart-draft-master-test in 0.61s
ERROR 'akkahttp-quickstart-draft-master-test' failed to compile.
INFO  compiling akkahttp-quickstart-draft-master-test (1 scala source)
INFO  time: compiled akkahttp-quickstart-draft-master-test in 0.62s
ERROR 'akkahttp-quickstart-draft-master-test' failed to compile.
INFO  compiling akkahttp-quickstart-draft-master-test (1 scala source)
INFO  time: compiled akkahttp-quickstart-draft-master-test in 0.49s
ERROR 'akkahttp-quickstart-draft-master-test' failed to compile.
INFO  compiling akkahttp-quickstart-draft-master-test (1 scala source)
INFO  time: compiled akkahttp-quickstart-draft-master-test in 0.52s
ERROR 'akkahttp-quickstart-draft-master-test' failed to compile.
ERROR code navigation does not work for the file '/Users/zizoabdel-aziz/Downloads/akkahttp-quickstart-draft-master/src/test/scala/TodoRouterListSpec.scala' because the SemanticDB file '/Users/zizoabdel-aziz/Downloads/akkahttp-quickstart-draft-master/.bloop/akkahttp-quickstart-draft-master/scala-2.12/test-classes/META-INF/semanticdb/src/test/scala/TodoRouterListSpec.scala.semanticdb' doesn't exist. There can be many reasons for this error. 
INFO  compiling akkahttp-quickstart-draft-master-test (1 scala source)
INFO  time: compiled akkahttp-quickstart-draft-master-test in 0.49s
ERROR 'akkahttp-quickstart-draft-master-test' failed to compile.
INFO  compiling akkahttp-quickstart-draft-master-test (1 scala source)
INFO  time: compiled akkahttp-quickstart-draft-master-test in 0.49s
ERROR 'akkahttp-quickstart-draft-master-test' failed to compile.
INFO  compiling akkahttp-quickstart-draft-master-test (1 scala source)
INFO  time: compiled akkahttp-quickstart-draft-master-test in 0.49s
ERROR 'akkahttp-quickstart-draft-master-test' failed to compile.
INFO  compiling akkahttp-quickstart-draft-master-test (1 scala source)
INFO  time: compiled akkahttp-quickstart-draft-master-test in 0.49s
ERROR 'akkahttp-quickstart-draft-master-test' failed to compile.
INFO  compiling akkahttp-quickstart-draft-master-test (1 scala source)
INFO  time: compiled akkahttp-quickstart-draft-master-test in 0.61s
ERROR 'akkahttp-quickstart-draft-master-test' failed to compile.
INFO  compiling akkahttp-quickstart-draft-master-test (1 scala source)
INFO  time: compiled akkahttp-quickstart-draft-master-test in 0.47s
ERROR 'akkahttp-quickstart-draft-master-test' failed to compile.
INFO  compiling akkahttp-quickstart-draft-master-test (1 scala source)
INFO  time: compiled akkahttp-quickstart-draft-master-test in 0.46s
ERROR 'akkahttp-quickstart-draft-master-test' failed to compile.
INFO  compiling akkahttp-quickstart-draft-master-test (1 scala source)
INFO  time: compiled akkahttp-quickstart-draft-master-test in 0.5s
ERROR 'akkahttp-quickstart-draft-master-test' failed to compile.
INFO  compiling akkahttp-quickstart-draft-master-test (1 scala source)
INFO  time: compiled akkahttp-quickstart-draft-master-test in 0.52s
ERROR 'akkahttp-quickstart-draft-master-test' failed to compile.
INFO  compiling akkahttp-quickstart-draft-master-test (1 scala source)
ERROR code navigation does not work for the file '/Users/zizoabdel-aziz/Downloads/akkahttp-quickstart-draft-master/src/test/scala/TodoRouterListSpec.scala' because the build target akkahttp-quickstart-draft-master-test is being compiled. Wait until compilation is finished and try again.
ERROR code navigation does not work for the file '/Users/zizoabdel-aziz/Downloads/akkahttp-quickstart-draft-master/src/test/scala/TodoRouterListSpec.scala' because the build target akkahttp-quickstart-draft-master-test is being compiled. Wait until compilation is finished and try again.
INFO  time: compiled akkahttp-quickstart-draft-master-test in 0.56s
ERROR 'akkahttp-quickstart-draft-master-test' failed to compile.
ERROR code navigation does not work for the file '/Users/zizoabdel-aziz/Downloads/akkahttp-quickstart-draft-master/src/test/scala/TodoRouterListSpec.scala' because the SemanticDB file '/Users/zizoabdel-aziz/Downloads/akkahttp-quickstart-draft-master/.bloop/akkahttp-quickstart-draft-master/scala-2.12/test-classes/META-INF/semanticdb/src/test/scala/TodoRouterListSpec.scala.semanticdb' doesn't exist. There can be many reasons for this error. 
ERROR code navigation does not work for the file '/Users/zizoabdel-aziz/Downloads/akkahttp-quickstart-draft-master/src/test/scala/TodoRouterListSpec.scala' because the SemanticDB file '/Users/zizoabdel-aziz/Downloads/akkahttp-quickstart-draft-master/.bloop/akkahttp-quickstart-draft-master/scala-2.12/test-classes/META-INF/semanticdb/src/test/scala/TodoRouterListSpec.scala.semanticdb' doesn't exist. There can be many reasons for this error. 
ERROR code navigation does not work for the file '/Users/zizoabdel-aziz/Downloads/akkahttp-quickstart-draft-master/src/test/scala/TodoRouterListSpec.scala' because the SemanticDB file '/Users/zizoabdel-aziz/Downloads/akkahttp-quickstart-draft-master/.bloop/akkahttp-quickstart-draft-master/scala-2.12/test-classes/META-INF/semanticdb/src/test/scala/TodoRouterListSpec.scala.semanticdb' doesn't exist. There can be many reasons for this error. 
INFO  compiling akkahttp-quickstart-draft-master-test (1 scala source)
INFO  time: compiled akkahttp-quickstart-draft-master-test in 1.15s
ERROR 'akkahttp-quickstart-draft-master-test' failed to compile.
ERROR code navigation does not work for the file '/Users/zizoabdel-aziz/Downloads/akkahttp-quickstart-draft-master/src/test/scala/TodoRouterListSpec.scala' because the SemanticDB file '/Users/zizoabdel-aziz/Downloads/akkahttp-quickstart-draft-master/.bloop/akkahttp-quickstart-draft-master/scala-2.12/test-classes/META-INF/semanticdb/src/test/scala/TodoRouterListSpec.scala.semanticdb' doesn't exist. There can be many reasons for this error. 
INFO  compiling akkahttp-quickstart-draft-master-test (1 scala source)
INFO  time: compiled akkahttp-quickstart-draft-master-test in 0.49s
ERROR 'akkahttp-quickstart-draft-master-test' failed to compile.
INFO  compiling akkahttp-quickstart-draft-master-test (1 scala source)
INFO  time: compiled akkahttp-quickstart-draft-master-test in 0.83s
INFO  compiling akkahttp-quickstart-draft-master-test (1 scala source)
INFO  time: compiled akkahttp-quickstart-draft-master-test in 0.86s
INFO  compiling akkahttp-quickstart-draft-master-test (1 scala source)
INFO  time: compiled akkahttp-quickstart-draft-master-test in 0.41s
ERROR 'akkahttp-quickstart-draft-master-test' failed to compile.
INFO  compiling akkahttp-quickstart-draft-master-test (1 scala source)
INFO  time: compiled akkahttp-quickstart-draft-master-test in 0.94s
ERROR 'akkahttp-quickstart-draft-master-test' failed to compile.
INFO  compiling akkahttp-quickstart-draft-master-test (1 scala source)
INFO  time: compiled akkahttp-quickstart-draft-master-test in 0.81s
INFO  compiling akkahttp-quickstart-draft-master (1 scala source)
INFO  time: compiled akkahttp-quickstart-draft-master in 97ms
ERROR 'akkahttp-quickstart-draft-master' failed to compile.
INFO  compiling akkahttp-quickstart-draft-master (1 scala source)
INFO  time: compiled akkahttp-quickstart-draft-master in 77ms
ERROR 'akkahttp-quickstart-draft-master' failed to compile.
INFO  compiling akkahttp-quickstart-draft-master (1 scala source)
INFO  time: compiled akkahttp-quickstart-draft-master in 78ms
ERROR 'akkahttp-quickstart-draft-master' failed to compile.
INFO  compiling akkahttp-quickstart-draft-master (1 scala source)
WARN  there were two deprecation warnings (since 2.11.0); re-run with -deprecation for details
INFO  time: compiled akkahttp-quickstart-draft-master in 0.17s
INFO  compiling akkahttp-quickstart-draft-master (1 scala source)
INFO  time: compiled akkahttp-quickstart-draft-master in 1.94s
ERROR 'akkahttp-quickstart-draft-master' failed to compile.
INFO  compiling akkahttp-quickstart-draft-master (1 scala source)
WARN  there were two deprecation warnings (since 2.11.0); re-run with -deprecation for details
INFO  time: compiled akkahttp-quickstart-draft-master in 0.16s
INFO  compiling akkahttp-quickstart-draft-master (1 scala source)
INFO  time: compiled akkahttp-quickstart-draft-master in 1.91s
ERROR 'akkahttp-quickstart-draft-master' failed to compile.
INFO  compiling akkahttp-quickstart-draft-master (2 scala sources)
INFO  time: compiled akkahttp-quickstart-draft-master in 1.98s
ERROR 'akkahttp-quickstart-draft-master' failed to compile.
INFO  compiling akkahttp-quickstart-draft-master (2 scala sources)
INFO  time: compiled akkahttp-quickstart-draft-master in 1.93s
ERROR 'akkahttp-quickstart-draft-master' failed to compile.
INFO  compiling akkahttp-quickstart-draft-master (2 scala sources)
WARN  there were two deprecation warnings (since 2.11.0); re-run with -deprecation for details
INFO  time: compiled akkahttp-quickstart-draft-master in 2s
INFO  compiling akkahttp-quickstart-draft-master-test (2 scala sources)
INFO  time: compiled akkahttp-quickstart-draft-master-test in 1.49s
INFO  compiling akkahttp-quickstart-draft-master-test (2 scala sources)
INFO  time: compiled akkahttp-quickstart-draft-master-test in 1.53s
INFO  compiling akkahttp-quickstart-draft-master-test (2 scala sources)
INFO  time: compiled akkahttp-quickstart-draft-master-test in 1.42s
INFO  compiling akkahttp-quickstart-draft-master-test (1 scala source)
INFO  time: compiled akkahttp-quickstart-draft-master-test in 0.81s
INFO  compiling akkahttp-quickstart-draft-master-test (1 scala source)
INFO  time: compiled akkahttp-quickstart-draft-master-test in 0.87s
INFO  compiling akkahttp-quickstart-draft-master (1 scala source)
WARN  there were two deprecation warnings (since 2.11.0); re-run with -deprecation for details
INFO  time: compiled akkahttp-quickstart-draft-master in 0.24s
INFO  compiling akkahttp-quickstart-draft-master-test (1 scala source)
INFO  time: compiled akkahttp-quickstart-draft-master-test in 0.91s
WARN  no build target: /Users/zizoabdel-aziz/Downloads/akkahttp-quickstart-draft-master/src/test/TodoRouterUpdateSpec.scala
WARN  no build target: /Users/zizoabdel-aziz/Downloads/akkahttp-quickstart-draft-master/src/test/TodoRouterUpdateSpec.scala
WARN  code navigation does not work for the file '/Users/zizoabdel-aziz/Downloads/akkahttp-quickstart-draft-master/src/test/TodoRouterUpdateSpec.scala' because it doesn't belong to a build target.
WARN  code navigation does not work for the file '/Users/zizoabdel-aziz/Downloads/akkahttp-quickstart-draft-master/src/test/TodoRouterUpdateSpec.scala' because it doesn't belong to a build target.
WARN  code navigation does not work for the file '/Users/zizoabdel-aziz/Downloads/akkahttp-quickstart-draft-master/src/test/TodoRouterUpdateSpec.scala' because it doesn't belong to a build target.
WARN  code navigation does not work for the file '/Users/zizoabdel-aziz/Downloads/akkahttp-quickstart-draft-master/src/test/TodoRouterUpdateSpec.scala' because it doesn't belong to a build target.
WARN  no build target: /Users/zizoabdel-aziz/Downloads/akkahttp-quickstart-draft-master/src/test/TodoRouterUpdateSpec.scala
WARN  code navigation does not work for the file '/Users/zizoabdel-aziz/Downloads/akkahttp-quickstart-draft-master/src/test/TodoRouterUpdateSpec.scala' because it doesn't belong to a build target.
WARN  code navigation does not work for the file '/Users/zizoabdel-aziz/Downloads/akkahttp-quickstart-draft-master/src/test/TodoRouterUpdateSpec.scala' because it doesn't belong to a build target.
WARN  no build target: /Users/zizoabdel-aziz/Downloads/akkahttp-quickstart-draft-master/src/test/TodoRouterUpdateSpec.scala
INFO  compiling akkahttp-quickstart-draft-master-test (1 scala source)
INFO  time: compiled akkahttp-quickstart-draft-master-test in 0.37s
ERROR 'akkahttp-quickstart-draft-master-test' failed to compile.
INFO  compiling akkahttp-quickstart-draft-master-test (1 scala source)
INFO  time: compiled akkahttp-quickstart-draft-master-test in 0.61s
ERROR 'akkahttp-quickstart-draft-master-test' failed to compile.
INFO  compiling akkahttp-quickstart-draft-master-test (1 scala source)
INFO  time: compiled akkahttp-quickstart-draft-master-test in 0.87s
WARN  no build target: /Users/zizoabdel-aziz/Downloads/akkahttp-quickstart-draft-master/src/test/TodoRouterUpdateSpec.scala
WARN  no build target: /Users/zizoabdel-aziz/Downloads/akkahttp-quickstart-draft-master/src/test/TodoRouterUpdateSpec.scala
WARN  no build target: /Users/zizoabdel-aziz/Downloads/akkahttp-quickstart-draft-master/src/test/TodoRouterUpdateSpec.scala
WARN  no build target: /Users/zizoabdel-aziz/Downloads/akkahttp-quickstart-draft-master/src/test/TodoRouterUpdateSpec.scala
WARN  code navigation does not work for the file '/Users/zizoabdel-aziz/Downloads/akkahttp-quickstart-draft-master/src/test/TodoRouterUpdateSpec.scala' because it doesn't belong to a build target.
WARN  code navigation does not work for the file '/Users/zizoabdel-aziz/Downloads/akkahttp-quickstart-draft-master/src/test/TodoRouterUpdateSpec.scala' because it doesn't belong to a build target.
WARN  code navigation does not work for the file '/Users/zizoabdel-aziz/Downloads/akkahttp-quickstart-draft-master/src/test/TodoRouterUpdateSpec.scala' because it doesn't belong to a build target.
WARN  code navigation does not work for the file '/Users/zizoabdel-aziz/Downloads/akkahttp-quickstart-draft-master/src/test/TodoRouterUpdateSpec.scala' because it doesn't belong to a build target.
WARN  code navigation does not work for the file '/Users/zizoabdel-aziz/Downloads/akkahttp-quickstart-draft-master/src/test/TodoRouterUpdateSpec.scala' because it doesn't belong to a build target.
WARN  code navigation does not work for the file '/Users/zizoabdel-aziz/Downloads/akkahttp-quickstart-draft-master/src/test/TodoRouterUpdateSpec.scala' because it doesn't belong to a build target.
WARN  no build target: /Users/zizoabdel-aziz/Downloads/akkahttp-quickstart-draft-master/src/test/TodoRouterUpdateSpec.scala
WARN  no build target: /Users/zizoabdel-aziz/Downloads/akkahttp-quickstart-draft-master/src/test/TodoRouterUpdateSpec.scala
WARN  no build target: /Users/zizoabdel-aziz/Downloads/akkahttp-quickstart-draft-master/src/test/TodoRouterUpdateSpec.scala
WARN  no build target: /Users/zizoabdel-aziz/Downloads/akkahttp-quickstart-draft-master/src/test/TodoRouterUpdateSpec.scala
WARN  no build target: /Users/zizoabdel-aziz/Downloads/akkahttp-quickstart-draft-master/src/test/TodoRouterUpdateSpec.scala
WARN  no build target: /Users/zizoabdel-aziz/Downloads/akkahttp-quickstart-draft-master/src/test/TodoRouterUpdateSpec.scala
WARN  code navigation does not work for the file '/Users/zizoabdel-aziz/Downloads/akkahttp-quickstart-draft-master/src/test/TodoRouterUpdateSpec.scala' because it doesn't belong to a build target.
WARN  code navigation does not work for the file '/Users/zizoabdel-aziz/Downloads/akkahttp-quickstart-draft-master/src/test/TodoRouterUpdateSpec.scala' because it doesn't belong to a build target.
WARN  no build target: /Users/zizoabdel-aziz/Downloads/akkahttp-quickstart-draft-master/src/test/TodoRouterUpdateSpec.scala
WARN  no build target: /Users/zizoabdel-aziz/Downloads/akkahttp-quickstart-draft-master/src/test/TodoRouterUpdateSpec.scala
WARN  no build target: /Users/zizoabdel-aziz/Downloads/akkahttp-quickstart-draft-master/src/test/TodoRouterUpdateSpec.scala
WARN  no build target: /Users/zizoabdel-aziz/Downloads/akkahttp-quickstart-draft-master/src/test/TodoRouterUpdateSpec.scala
WARN  code navigation does not work for the file '/Users/zizoabdel-aziz/Downloads/akkahttp-quickstart-draft-master/src/test/TodoRouterUpdateSpec.scala' because it doesn't belong to a build target.
INFO  compiling akkahttp-quickstart-draft-master (1 scala source)
INFO  time: compiled akkahttp-quickstart-draft-master in 0.2s
INFO  compiling akkahttp-quickstart-draft-master-test (1 scala source)
INFO  time: compiled akkahttp-quickstart-draft-master-test in 0.36s
ERROR 'akkahttp-quickstart-draft-master-test' failed to compile.
INFO  compiling akkahttp-quickstart-draft-master-test (1 scala source)
INFO  time: compiled akkahttp-quickstart-draft-master-test in 0.33s
ERROR 'akkahttp-quickstart-draft-master-test' failed to compile.
INFO  compiling akkahttp-quickstart-draft-master-test (1 scala source)
INFO  time: compiled akkahttp-quickstart-draft-master-test in 0.43s
ERROR 'akkahttp-quickstart-draft-master-test' failed to compile.
INFO  compiling akkahttp-quickstart-draft-master-test (1 scala source)
INFO  time: compiled akkahttp-quickstart-draft-master-test in 0.39s
ERROR 'akkahttp-quickstart-draft-master-test' failed to compile.
ERROR code navigation does not work for the file '/Users/zizoabdel-aziz/Downloads/akkahttp-quickstart-draft-master/src/test/scala/TodoRouterUpdateSpec.scala' because the SemanticDB file '/Users/zizoabdel-aziz/Downloads/akkahttp-quickstart-draft-master/.bloop/akkahttp-quickstart-draft-master/scala-2.12/test-classes/META-INF/semanticdb/src/test/scala/TodoRouterUpdateSpec.scala.semanticdb' doesn't exist. There can be many reasons for this error. 
ERROR code navigation does not work for the file '/Users/zizoabdel-aziz/Downloads/akkahttp-quickstart-draft-master/src/test/scala/TodoRouterUpdateSpec.scala' because the SemanticDB file '/Users/zizoabdel-aziz/Downloads/akkahttp-quickstart-draft-master/.bloop/akkahttp-quickstart-draft-master/scala-2.12/test-classes/META-INF/semanticdb/src/test/scala/TodoRouterUpdateSpec.scala.semanticdb' doesn't exist. There can be many reasons for this error. 
INFO  compiling akkahttp-quickstart-draft-master-test (1 scala source)
INFO  time: compiled akkahttp-quickstart-draft-master-test in 0.44s
ERROR 'akkahttp-quickstart-draft-master-test' failed to compile.
INFO  compiling akkahttp-quickstart-draft-master-test (1 scala source)
INFO  time: compiled akkahttp-quickstart-draft-master-test in 0.57s
ERROR 'akkahttp-quickstart-draft-master-test' failed to compile.
INFO  compiling akkahttp-quickstart-draft-master-test (1 scala source)
INFO  time: compiled akkahttp-quickstart-draft-master-test in 0.51s
ERROR 'akkahttp-quickstart-draft-master-test' failed to compile.
INFO  compiling akkahttp-quickstart-draft-master-test (1 scala source)
INFO  time: compiled akkahttp-quickstart-draft-master-test in 0.52s
ERROR 'akkahttp-quickstart-draft-master-test' failed to compile.
INFO  compiling akkahttp-quickstart-draft-master-test (1 scala source)
INFO  time: compiled akkahttp-quickstart-draft-master-test in 1.12s
INFO  compiling akkahttp-quickstart-draft-master-test (1 scala source)
INFO  time: compiled akkahttp-quickstart-draft-master-test in 0.99s
INFO  compiling akkahttp-quickstart-draft-master-test (1 scala source)
INFO  time: compiled akkahttp-quickstart-draft-master-test in 1.04s
INFO  compiling akkahttp-quickstart-draft-master (1 scala source)
INFO  time: compiled akkahttp-quickstart-draft-master in 1.3s
ERROR 'akkahttp-quickstart-draft-master' failed to compile.
INFO  compiling akkahttp-quickstart-draft-master (1 scala source)
INFO  time: compiled akkahttp-quickstart-draft-master in 1.29s
ERROR 'akkahttp-quickstart-draft-master' failed to compile.
INFO  compiling akkahttp-quickstart-draft-master (1 scala source)
INFO  time: compiled akkahttp-quickstart-draft-master in 2.52s
ERROR 'akkahttp-quickstart-draft-master' failed to compile.
INFO  compiling akkahttp-quickstart-draft-master (1 scala source)
INFO  time: compiled akkahttp-quickstart-draft-master in 2.63s
ERROR 'akkahttp-quickstart-draft-master' failed to compile.
INFO  compiling akkahttp-quickstart-draft-master (1 scala source)
INFO  time: compiled akkahttp-quickstart-draft-master in 1.26s
ERROR 'akkahttp-quickstart-draft-master' failed to compile.
INFO  compiling akkahttp-quickstart-draft-master (1 scala source)
INFO  time: compiled akkahttp-quickstart-draft-master in 1.94s
INFO  compiling akkahttp-quickstart-draft-master-test (1 scala source)
INFO  time: compiled akkahttp-quickstart-draft-master-test in 0.98s
INFO  compiling akkahttp-quickstart-draft-master-test (1 scala source)
INFO  time: compiled akkahttp-quickstart-draft-master-test in 0.94s
INFO  compiling akkahttp-quickstart-draft-master-test (3 scala sources)
INFO  time: compiled akkahttp-quickstart-draft-master-test in 2.51s
INFO  compiling akkahttp-quickstart-draft-master-test (1 scala source)
INFO  time: compiled akkahttp-quickstart-draft-master-test in 0.91s
INFO  compiling akkahttp-quickstart-draft-master-test (1 scala source)
INFO  time: compiled akkahttp-quickstart-draft-master-test in 0.93s
INFO  compiling akkahttp-quickstart-draft-master-test (1 scala source)
INFO  time: compiled akkahttp-quickstart-draft-master-test in 0.95s
INFO  compiling akkahttp-quickstart-draft-master-test (1 scala source)
INFO  time: compiled akkahttp-quickstart-draft-master-test in 0.98s
INFO  compiling akkahttp-quickstart-draft-master-test (1 scala source)
INFO  time: compiled akkahttp-quickstart-draft-master-test in 0.91s
INFO  compiling akkahttp-quickstart-draft-master-test (1 scala source)
INFO  time: compiled akkahttp-quickstart-draft-master-test in 4.22s
INFO  shutting down Metals
INFO  bloop exit: 0
